============================= test session starts =============================
platform win32 -- Python 3.12.13, pytest-9.0.2, pluggy-1.6.0 -- C:\Users\p362329\Coding\Projects\owlbear\.venv\Scripts\python.exe
cachedir: .pytest_cache
rootdir: C:\Users\p362329\Coding\Projects\owlbear
configfile: pyproject.toml
plugins: anyio-4.12.1, logfire-4.25.0, asyncio-1.3.0, cov-7.0.0
asyncio: mode=Mode.STRICT, debug=False, asyncio_default_fixture_loop_scope=None, asyncio_default_test_loop_scope=function
collecting ... collected 19 items

tests/test_config.py::TestFromAC_TwoTierNotificationConfig::test_notification_urgent_events_default FAILED [  5%]
tests/test_config.py::TestFromAC_TwoTierNotificationConfig::test_notification_urgent_backends_default FAILED [ 10%]
tests/test_config.py::TestFromAC_TwoTierNotificationConfig::test_notification_info_events_default FAILED [ 15%]
tests/test_config.py::TestFromAC_TwoTierNotificationConfig::test_notification_info_backends_default FAILED [ 21%]
tests/test_config.py::TestFromAC_TwoTierNotificationConfig::test_known_backends_frozenset_value FAILED [ 26%]
tests/test_config.py::TestFromAC_TwoTierNotificationConfig::test_urgent_backends_rejects_unknown_backend_constructor FAILED [ 31%]
tests/test_config.py::TestFromAC_TwoTierNotificationConfig::test_urgent_backends_rejects_unknown_backend_env FAILED [ 36%]
tests/test_config.py::TestFromAC_TwoTierNotificationConfig::test_info_backends_rejects_unknown_backend_constructor FAILED [ 42%]
tests/test_config.py::TestFromAC_TwoTierNotificationConfig::test_info_backends_rejects_unknown_backend_env FAILED [ 47%]
tests/test_config.py::TestFromAC_TwoTierNotificationConfig::test_notification_events_field_has_deprecated_metadata FAILED [ 52%]
tests/test_config.py::TestFromAC_TwoTierNotificationConfig::test_notification_backends_field_has_deprecated_metadata FAILED [ 57%]
tests/test_config.py::TestFromAC_TwoTierNotificationConfig::test_model_validator_maps_old_notification_events_to_urgent FAILED [ 63%]
tests/test_config.py::TestFromAC_TwoTierNotificationConfig::test_model_validator_maps_old_notification_backends_to_urgent FAILED [ 68%]
tests/test_config.py::TestFromAC_TwoTierNotificationConfig::test_model_validator_ignores_old_events_when_new_explicitly_set FAILED [ 73%]
tests/test_config.py::TestFromAC_TwoTierNotificationConfig::test_model_validator_ignores_old_backends_when_new_explicitly_set FAILED [ 78%]
tests/test_config.py::TestFromAC_TwoTierNotificationConfig::test_urgent_events_env_override FAILED [ 84%]
tests/test_config.py::TestFromAC_TwoTierNotificationConfig::test_urgent_backends_env_override FAILED [ 89%]
tests/test_config.py::TestFromAC_TwoTierNotificationConfig::test_arbitrary_event_names_accepted_in_urgent_events FAILED [ 94%]
tests/test_config.py::TestFromAC_TwoTierNotificationConfig::test_arbitrary_event_names_accepted_in_info_events FAILED [100%]

================================== FAILURES ===================================
E   AttributeError: 'OwlBearSettings' object has no attribute 'notification_urgent_events'. Did you mean: 'notification_events'?
C:\Users\p362329\Coding\Projects\owlbear\.venv\Lib\site-packages\pydantic\main.py:1026: AttributeError: 'OwlBearSettings' object has no attribute 'notification_urgent_events'. Did you mean: 'notification_events'?
E   AttributeError: 'OwlBearSettings' object has no attribute 'notification_urgent_backends'. Did you mean: 'notification_backends'?
C:\Users\p362329\Coding\Projects\owlbear\.venv\Lib\site-packages\pydantic\main.py:1026: AttributeError: 'OwlBearSettings' object has no attribute 'notification_urgent_backends'. Did you mean: 'notification_backends'?
E   AttributeError: 'OwlBearSettings' object has no attribute 'notification_info_events'. Did you mean: 'notification_events'?
C:\Users\p362329\Coding\Projects\owlbear\.venv\Lib\site-packages\pydantic\main.py:1026: AttributeError: 'OwlBearSettings' object has no attribute 'notification_info_events'. Did you mean: 'notification_events'?
E   AttributeError: 'OwlBearSettings' object has no attribute 'notification_info_backends'. Did you mean: 'notification_backends'?
C:\Users\p362329\Coding\Projects\owlbear\.venv\Lib\site-packages\pydantic\main.py:1026: AttributeError: 'OwlBearSettings' object has no attribute 'notification_info_backends'. Did you mean: 'notification_backends'?
E   ImportError: cannot import name '_KNOWN_BACKENDS' from 'owlbear.config' (C:\Users\p362329\Coding\Projects\owlbear\src\owlbear\config.py)
c:\Users\p362329\Coding\Projects\owlbear\tests\test_config.py:950: ImportError: cannot import name '_KNOWN_BACKENDS' from 'owlbear.config' (C:\Users\p362329\Coding\Projects\owlbear\src\owlbear\config.py)
E   AssertionError: notification_urgent_backends must be a declared field on OwlBearSettings
    assert 'notification_urgent_backends' in {'agents_dir': FieldInfo(annotation=Path, required=False, default=WindowsPath('C:/Users/p362329/Coding/Projects/owlbear/src/owlbear/agents'), description='Directory containing agent definition YAML files.'), 'approval_policy': FieldInfo(annotation=list[dict[str, Any]], required=False, default=[{'tool_name': 'git_push'}, {'tool_name': 'create_pr'}, {'tool_name': 'deploy'}, {'tool_name': 'run_command'}], description='List of tool-name patterns that require user approval before execution.'), 'approval_timeout': FieldInfo(annotation=float, required=False, default=120.0, description='Seconds to wait for user approval before timing out. > 0.', metadata=[Gt(gt=0.0)]), 'audit_map_worker_enabled': FieldInfo(annotation=bool, required=False, default=False, description='Enable TASK_COMPLETE audit-map advisory worker hook. Defaults to False (opt-in pilot mode).'), ...}
     +  where {'agents_dir': FieldInfo(annotation=Path, required=False, default=WindowsPath('C:/Users/p362329/Coding/Projects/owlbear/src/owlbear/agents'), description='Directory containing agent definition YAML files.'), 'approval_policy': FieldInfo(annotation=list[dict[str, Any]], required=False, default=[{'tool_name': 'git_push'}, {'tool_name': 'create_pr'}, {'tool_name': 'deploy'}, {'tool_name': 'run_command'}], description='List of tool-name patterns that require user approval before execution.'), 'approval_timeout': FieldInfo(annotation=float, required=False, default=120.0, description='Seconds to wait for user approval before timing out. > 0.', metadata=[Gt(gt=0.0)]), 'audit_map_worker_enabled': FieldInfo(annotation=bool, required=False, default=False, description='Enable TASK_COMPLETE audit-map advisory worker hook. Defaults to False (opt-in pilot mode).'), ...} = OwlBearSettings.model_fields
c:\Users\p362329\Coding\Projects\owlbear\tests\test_config.py:959: AssertionError: notification_urgent_backends must be a declared field on OwlBearSettings
E   Failed: DID NOT RAISE <class 'pydantic_core._pydantic_core.ValidationError'>
c:\Users\p362329\Coding\Projects\owlbear\tests\test_config.py:970: Failed: DID NOT RAISE <class 'pydantic_core._pydantic_core.ValidationError'>
E   AssertionError: notification_info_backends must be a declared field on OwlBearSettings
    assert 'notification_info_backends' in {'agents_dir': FieldInfo(annotation=Path, required=False, default=WindowsPath('C:/Users/p362329/Coding/Projects/owlbear/src/owlbear/agents'), description='Directory containing agent definition YAML files.'), 'approval_policy': FieldInfo(annotation=list[dict[str, Any]], required=False, default=[{'tool_name': 'git_push'}, {'tool_name': 'create_pr'}, {'tool_name': 'deploy'}, {'tool_name': 'run_command'}], description='List of tool-name patterns that require user approval before execution.'), 'approval_timeout': FieldInfo(annotation=float, required=False, default=120.0, description='Seconds to wait for user approval before timing out. > 0.', metadata=[Gt(gt=0.0)]), 'audit_map_worker_enabled': FieldInfo(annotation=bool, required=False, default=False, description='Enable TASK_COMPLETE audit-map advisory worker hook. Defaults to False (opt-in pilot mode).'), ...}
     +  where {'agents_dir': FieldInfo(annotation=Path, required=False, default=WindowsPath('C:/Users/p362329/Coding/Projects/owlbear/src/owlbear/agents'), description='Directory containing agent definition YAML files.'), 'approval_policy': FieldInfo(annotation=list[dict[str, Any]], required=False, default=[{'tool_name': 'git_push'}, {'tool_name': 'create_pr'}, {'tool_name': 'deploy'}, {'tool_name': 'run_command'}], description='List of tool-name patterns that require user approval before execution.'), 'approval_timeout': FieldInfo(annotation=float, required=False, default=120.0, description='Seconds to wait for user approval before timing out. > 0.', metadata=[Gt(gt=0.0)]), 'audit_map_worker_enabled': FieldInfo(annotation=bool, required=False, default=False, description='Enable TASK_COMPLETE audit-map advisory worker hook. Defaults to False (opt-in pilot mode).'), ...} = OwlBearSettings.model_fields
c:\Users\p362329\Coding\Projects\owlbear\tests\test_config.py:977: AssertionError: notification_info_backends must be a declared field on OwlBearSettings
E   Failed: DID NOT RAISE <class 'pydantic_core._pydantic_core.ValidationError'>
c:\Users\p362329\Coding\Projects\owlbear\tests\test_config.py:988: Failed: DID NOT RAISE <class 'pydantic_core._pydantic_core.ValidationError'>
E   AssertionError: notification_events must be marked deprecated via Field(deprecated=...)
    assert None
     +  where None = FieldInfo(annotation=list[str], required=False, default=['task_complete', 'on_error'], description='Event names that trigger user notifications.').deprecated
c:\Users\p362329\Coding\Projects\owlbear\tests\test_config.py:996: AssertionError: notification_events must be marked deprecated via Field(deprecated=...)
E   AssertionError: notification_backends must be marked deprecated via Field(deprecated=...)
    assert None
     +  where None = FieldInfo(annotation=list[str], required=False, default=['bell', 'sound'], description='Notification delivery backends in priority order.').deprecated
c:\Users\p362329\Coding\Projects\owlbear\tests\test_config.py:1003: AssertionError: notification_backends must be marked deprecated via Field(deprecated=...)
E   AttributeError: 'OwlBearSettings' object has no attribute 'notification_urgent_events'. Did you mean: 'notification_events'?
C:\Users\p362329\Coding\Projects\owlbear\.venv\Lib\site-packages\pydantic\main.py:1026: AttributeError: 'OwlBearSettings' object has no attribute 'notification_urgent_events'. Did you mean: 'notification_events'?
E   AttributeError: 'OwlBearSettings' object has no attribute 'notification_urgent_backends'. Did you mean: 'notification_backends'?
C:\Users\p362329\Coding\Projects\owlbear\.venv\Lib\site-packages\pydantic\main.py:1026: AttributeError: 'OwlBearSettings' object has no attribute 'notification_urgent_backends'. Did you mean: 'notification_backends'?
E   pydantic_core._pydantic_core.ValidationError: 1 validation error for OwlBearSettings
    notification_urgent_events
      Extra inputs are not permitted [type=extra_forbidden, input_value=['new_urgent_event'], input_type=list]
        For further information visit https://errors.pydantic.dev/2.12/v/extra_forbidden
C:\Users\p362329\Coding\Projects\owlbear\.venv\Lib\site-packages\pydantic_settings\main.py:242: pydantic_core._pydantic_core.ValidationError: 1 validation error for OwlBearSettings
E   pydantic_core._pydantic_core.ValidationError: 1 validation error for OwlBearSettings
    notification_urgent_backends
      Extra inputs are not permitted [type=extra_forbidden, input_value=['bell'], input_type=list]
        For further information visit https://errors.pydantic.dev/2.12/v/extra_forbidden
C:\Users\p362329\Coding\Projects\owlbear\.venv\Lib\site-packages\pydantic_settings\main.py:242: pydantic_core._pydantic_core.ValidationError: 1 validation error for OwlBearSettings
E   AttributeError: 'OwlBearSettings' object has no attribute 'notification_urgent_events'. Did you mean: 'notification_events'?
C:\Users\p362329\Coding\Projects\owlbear\.venv\Lib\site-packages\pydantic\main.py:1026: AttributeError: 'OwlBearSettings' object has no attribute 'notification_urgent_events'. Did you mean: 'notification_events'?
E   AttributeError: 'OwlBearSettings' object has no attribute 'notification_urgent_backends'. Did you mean: 'notification_backends'?
C:\Users\p362329\Coding\Projects\owlbear\.venv\Lib\site-packages\pydantic\main.py:1026: AttributeError: 'OwlBearSettings' object has no attribute 'notification_urgent_backends'. Did you mean: 'notification_backends'?
E   pydantic_core._pydantic_core.ValidationError: 1 validation error for OwlBearSettings
    notification_urgent_events
      Extra inputs are not permitted [type=extra_forbidden, input_value=['totally_custom_event_name'], input_type=list]
        For further information visit https://errors.pydantic.dev/2.12/v/extra_forbidden
C:\Users\p362329\Coding\Projects\owlbear\.venv\Lib\site-packages\pydantic_settings\main.py:242: pydantic_core._pydantic_core.ValidationError: 1 validation error for OwlBearSettings
E   pydantic_core._pydantic_core.ValidationError: 1 validation error for OwlBearSettings
    notification_info_events
      Extra inputs are not permitted [type=extra_forbidden, input_value=['another_custom_event'], input_type=list]
        For further information visit https://errors.pydantic.dev/2.12/v/extra_forbidden
C:\Users\p362329\Coding\Projects\owlbear\.venv\Lib\site-packages\pydantic_settings\main.py:242: pydantic_core._pydantic_core.ValidationError: 1 validation error for OwlBearSettings
=========================== short test summary info ===========================
FAILED tests/test_config.py::TestFromAC_TwoTierNotificationConfig::test_notification_urgent_events_default
FAILED tests/test_config.py::TestFromAC_TwoTierNotificationConfig::test_notification_urgent_backends_default
FAILED tests/test_config.py::TestFromAC_TwoTierNotificationConfig::test_notification_info_events_default
FAILED tests/test_config.py::TestFromAC_TwoTierNotificationConfig::test_notification_info_backends_default
FAILED tests/test_config.py::TestFromAC_TwoTierNotificationConfig::test_known_backends_frozenset_value
FAILED tests/test_config.py::TestFromAC_TwoTierNotificationConfig::test_urgent_backends_rejects_unknown_backend_constructor
FAILED tests/test_config.py::TestFromAC_TwoTierNotificationConfig::test_urgent_backends_rejects_unknown_backend_env
FAILED tests/test_config.py::TestFromAC_TwoTierNotificationConfig::test_info_backends_rejects_unknown_backend_constructor
FAILED tests/test_config.py::TestFromAC_TwoTierNotificationConfig::test_info_backends_rejects_unknown_backend_env
FAILED tests/test_config.py::TestFromAC_TwoTierNotificationConfig::test_notification_events_field_has_deprecated_metadata
FAILED tests/test_config.py::TestFromAC_TwoTierNotificationConfig::test_notification_backends_field_has_deprecated_metadata
FAILED tests/test_config.py::TestFromAC_TwoTierNotificationConfig::test_model_validator_maps_old_notification_events_to_urgent
FAILED tests/test_config.py::TestFromAC_TwoTierNotificationConfig::test_model_validator_maps_old_notification_backends_to_urgent
FAILED tests/test_config.py::TestFromAC_TwoTierNotificationConfig::test_model_validator_ignores_old_events_when_new_explicitly_set
FAILED tests/test_config.py::TestFromAC_TwoTierNotificationConfig::test_model_validator_ignores_old_backends_when_new_explicitly_set
FAILED tests/test_config.py::TestFromAC_TwoTierNotificationConfig::test_urgent_events_env_override
FAILED tests/test_config.py::TestFromAC_TwoTierNotificationConfig::test_urgent_backends_env_override
FAILED tests/test_config.py::TestFromAC_TwoTierNotificationConfig::test_arbitrary_event_names_accepted_in_urgent_events
FAILED tests/test_config.py::TestFromAC_TwoTierNotificationConfig::test_arbitrary_event_names_accepted_in_info_events
============================= 19 failed in 0.26s ==============================
