<?xml version="1.0" encoding="UTF-8"?>
<coverage generated="1777411932215" clover="3.2.0">
  <project timestamp="1777411932215" name="All files">
    <metrics statements="42" coveredstatements="42" conditionals="20" coveredconditionals="15" methods="7" coveredmethods="7" elements="69" coveredelements="64" complexity="0" loc="42" ncloc="42" packages="1" files="1" classes="1"/>
    <file name="useScanPolling.ts" path="/Users/markus/Projects/owlbear-dev/serve/cockpit/web/src/hooks/useScanPolling.ts">
      <metrics statements="42" coveredstatements="42" conditionals="20" coveredconditionals="15" methods="7" coveredmethods="7"/>
      <line num="3" count="1" type="stmt"/>
      <line num="22" count="62" type="cond" truecount="2" falsecount="0"/>
      <line num="23" count="62" type="stmt"/>
      <line num="24" count="62" type="stmt"/>
      <line num="25" count="62" type="stmt"/>
      <line num="26" count="62" type="stmt"/>
      <line num="27" count="62" type="stmt"/>
      <line num="28" count="62" type="stmt"/>
      <line num="30" count="62" type="stmt"/>
      <line num="31" count="45" type="cond" truecount="2" falsecount="0"/>
      <line num="32" count="8" type="stmt"/>
      <line num="33" count="8" type="stmt"/>
      <line num="36" count="37" type="stmt"/>
      <line num="37" count="37" type="stmt"/>
      <line num="38" count="37" type="stmt"/>
      <line num="39" count="37" type="stmt"/>
      <line num="40" count="37" type="stmt"/>
      <line num="41" count="35" type="cond" truecount="2" falsecount="0"/>
      <line num="42" count="1" type="stmt"/>
      <line num="45" count="34" type="stmt"/>
      <line num="46" count="34" type="cond" truecount="1" falsecount="1"/>
      <line num="47" count="34" type="cond" truecount="1" falsecount="1"/>
      <line num="48" count="34" type="stmt"/>
      <line num="51" count="3" type="cond" truecount="1" falsecount="1"/>
      <line num="52" count="3" type="stmt"/>
      <line num="53" count="3" type="cond" truecount="1" falsecount="1"/>
      <line num="56" count="37" type="stmt"/>
      <line num="57" count="37" type="cond" truecount="1" falsecount="1"/>
      <line num="58" count="37" type="stmt"/>
      <line num="60" count="37" type="cond" truecount="4" falsecount="0"/>
      <line num="61" count="8" type="stmt"/>
      <line num="62" count="8" type="stmt"/>
      <line num="67" count="62" type="stmt"/>
      <line num="68" count="26" type="stmt"/>
      <line num="69" count="26" type="stmt"/>
      <line num="73" count="62" type="stmt"/>
      <line num="74" count="30" type="stmt"/>
      <line num="75" count="30" type="stmt"/>
      <line num="76" count="7" type="stmt"/>
      <line num="79" count="30" type="stmt"/>
      <line num="80" count="30" type="stmt"/>
      <line num="84" count="62" type="stmt"/>
    </file>
  </project>
</coverage>
