{"/Users/markus/Projects/owlbear-dev/serve/cockpit/web/src/hooks/useScanPolling.ts": {"path":"/Users/markus/Projects/owlbear-dev/serve/cockpit/web/src/hooks/useScanPolling.ts","statementMap":{"0":{"start":{"line":3,"column":28},"end":{"line":3,"column":null}},"1":{"start":{"line":22,"column":21},"end":{"line":22,"column":null}},"2":{"start":{"line":23,"column":16},"end":{"line":23,"column":52}},"3":{"start":{"line":24,"column":20},"end":{"line":24,"column":59}},"4":{"start":{"line":25,"column":16},"end":{"line":25,"column":56}},"5":{"start":{"line":26,"column":8},"end":{"line":26,"column":35}},"6":{"start":{"line":27,"column":8},"end":{"line":27,"column":35}},"7":{"start":{"line":28,"column":8},"end":{"line":28,"column":38}},"8":{"start":{"line":30,"column":15},"end":{"line":62,"column":null}},"9":{"start":{"line":31,"column":4},"end":{"line":33,"column":null}},"10":{"start":{"line":32,"column":6},"end":{"line":32,"column":null}},"11":{"start":{"line":33,"column":6},"end":{"line":33,"column":null}},"12":{"start":{"line":36,"column":4},"end":{"line":36,"column":null}},"13":{"start":{"line":37,"column":4},"end":{"line":37,"column":null}},"14":{"start":{"line":38,"column":4},"end":{"line":38,"column":null}},"15":{"start":{"line":39,"column":4},"end":{"line":62,"column":null}},"16":{"start":{"line":40,"column":23},"end":{"line":40,"column":73}},"17":{"start":{"line":41,"column":6},"end":{"line":42,"column":null}},"18":{"start":{"line":42,"column":8},"end":{"line":42,"column":null}},"19":{"start":{"line":45,"column":23},"end":{"line":45,"column":44}},"20":{"start":{"line":46,"column":6},"end":{"line":48,"column":null}},"21":{"start":{"line":47,"column":8},"end":{"line":47,"column":null}},"22":{"start":{"line":48,"column":8},"end":{"line":48,"column":null}},"23":{"start":{"line":51,"column":6},"end":{"line":53,"column":null}},"24":{"start":{"line":52,"column":8},"end":{"line":52,"column":null}},"25":{"start":{"line":53,"column":8},"end":{"line":53,"column":null}},"26":{"start":{"line":56,"column":6},"end":{"line":56,"column":null}},"27":{"start":{"line":57,"column":6},"end":{"line":58,"column":null}},"28":{"start":{"line":58,"column":8},"end":{"line":58,"column":null}},"29":{"start":{"line":60,"column":6},"end":{"line":62,"column":null}},"30":{"start":{"line":61,"column":8},"end":{"line":61,"column":null}},"31":{"start":{"line":62,"column":8},"end":{"line":62,"column":null}},"32":{"start":{"line":67,"column":2},"end":{"line":71,"column":null}},"33":{"start":{"line":68,"column":4},"end":{"line":69,"column":null}},"34":{"start":{"line":69,"column":6},"end":{"line":69,"column":null}},"35":{"start":{"line":73,"column":2},"end":{"line":82,"column":null}},"36":{"start":{"line":74,"column":4},"end":{"line":74,"column":null}},"37":{"start":{"line":75,"column":23},"end":{"line":77,"column":18}},"38":{"start":{"line":76,"column":6},"end":{"line":76,"column":null}},"39":{"start":{"line":79,"column":4},"end":{"line":80,"column":null}},"40":{"start":{"line":80,"column":6},"end":{"line":80,"column":null}},"41":{"start":{"line":84,"column":2},"end":{"line":88,"column":null}}},"fnMap":{"0":{"name":"useScanPolling","decl":{"start":{"line":21,"column":16},"end":{"line":21,"column":31}},"loc":{"start":{"line":21,"column":86},"end":{"line":88,"column":null}},"line":21},"1":{"name":"(anonymous_1)","decl":{"start":{"line":30,"column":15},"end":{"line":30,"column":42}},"loc":{"start":{"line":30,"column":42},"end":{"line":62,"column":null}},"line":30},"2":{"name":"(anonymous_2)","decl":{"start":{"line":67,"column":2},"end":{"line":67,"column":18}},"loc":{"start":{"line":67,"column":18},"end":{"line":71,"column":7}},"line":67},"3":{"name":"(anonymous_3)","decl":{"start":{"line":68,"column":4},"end":{"line":68,"column":17}},"loc":{"start":{"line":68,"column":17},"end":{"line":69,"column":null}},"line":68},"4":{"name":"(anonymous_4)","decl":{"start":{"line":73,"column":2},"end":{"line":73,"column":18}},"loc":{"start":{"line":73,"column":18},"end":{"line":82,"column":6}},"line":73},"5":{"name":"(anonymous_5)","decl":{"start":{"line":75,"column":23},"end":{"line":75,"column":41}},"loc":{"start":{"line":75,"column":41},"end":{"line":77,"column":18}},"line":75},"6":{"name":"(anonymous_6)","decl":{"start":{"line":79,"column":4},"end":{"line":79,"column":17}},"loc":{"start":{"line":79,"column":17},"end":{"line":80,"column":null}},"line":79}},"branchMap":{"0":{"loc":{"start":{"line":22,"column":21},"end":{"line":22,"column":null}},"type":"binary-expr","locations":[{"start":{"line":22,"column":21},"end":{"line":22,"column":44}},{"start":{"line":22,"column":44},"end":{"line":22,"column":null}}],"line":22},"1":{"loc":{"start":{"line":31,"column":4},"end":{"line":33,"column":null}},"type":"if","locations":[{"start":{"line":31,"column":4},"end":{"line":33,"column":null}},{"start":{},"end":{}}],"line":31},"2":{"loc":{"start":{"line":41,"column":6},"end":{"line":42,"column":null}},"type":"if","locations":[{"start":{"line":41,"column":6},"end":{"line":42,"column":null}},{"start":{},"end":{}}],"line":41},"3":{"loc":{"start":{"line":46,"column":6},"end":{"line":48,"column":null}},"type":"if","locations":[{"start":{"line":46,"column":6},"end":{"line":48,"column":null}},{"start":{},"end":{}}],"line":46},"4":{"loc":{"start":{"line":47,"column":17},"end":{"line":47,"column":70}},"type":"cond-expr","locations":[{"start":{"line":47,"column":43},"end":{"line":47,"column":68}},{"start":{"line":47,"column":68},"end":{"line":47,"column":70}}],"line":47},"5":{"loc":{"start":{"line":51,"column":6},"end":{"line":53,"column":null}},"type":"if","locations":[{"start":{"line":51,"column":6},"end":{"line":53,"column":null}},{"start":{},"end":{}}],"line":51},"6":{"loc":{"start":{"line":53,"column":17},"end":{"line":53,"column":84}},"type":"cond-expr","locations":[{"start":{"line":53,"column":43},"end":{"line":53,"column":52}},{"start":{"line":53,"column":52},"end":{"line":53,"column":84}}],"line":53},"7":{"loc":{"start":{"line":57,"column":6},"end":{"line":58,"column":null}},"type":"if","locations":[{"start":{"line":57,"column":6},"end":{"line":58,"column":null}},{"start":{},"end":{}}],"line":57},"8":{"loc":{"start":{"line":60,"column":6},"end":{"line":62,"column":null}},"type":"if","locations":[{"start":{"line":60,"column":6},"end":{"line":62,"column":null}},{"start":{},"end":{}}],"line":60},"9":{"loc":{"start":{"line":60,"column":10},"end":{"line":60,"column":58}},"type":"binary-expr","locations":[{"start":{"line":60,"column":10},"end":{"line":60,"column":36}},{"start":{"line":60,"column":36},"end":{"line":60,"column":58}}],"line":60}},"s":{"0":1,"1":62,"2":62,"3":62,"4":62,"5":62,"6":62,"7":62,"8":62,"9":45,"10":8,"11":8,"12":37,"13":37,"14":37,"15":37,"16":37,"17":35,"18":1,"19":34,"20":34,"21":34,"22":34,"23":3,"24":3,"25":3,"26":37,"27":37,"28":37,"29":37,"30":8,"31":8,"32":62,"33":26,"34":26,"35":62,"36":30,"37":30,"38":7,"39":30,"40":30,"41":62},"f":{"0":62,"1":45,"2":26,"3":26,"4":30,"5":7,"6":30},"b":{"0":[62,34],"1":[8,37],"2":[1,34],"3":[34,0],"4":[34,0],"5":[3,0],"6":[3,0],"7":[37,0],"8":[8,29],"9":[37,8]},"meta":{"lastBranch":10,"lastFunction":7,"lastStatement":42,"seen":{"s:3:28:3:Infinity":0,"f:21:16:21:31":0,"s:22:21:22:Infinity":1,"b:22:21:22:44:22:44:22:Infinity":0,"s:23:16:23:52":2,"s:24:20:24:59":3,"s:25:16:25:56":4,"s:26:8:26:35":5,"s:27:8:27:35":6,"s:28:8:28:38":7,"s:30:15:62:Infinity":8,"f:30:15:30:42":1,"b:31:4:33:Infinity:undefined:undefined:undefined:undefined":1,"s:31:4:33:Infinity":9,"s:32:6:32:Infinity":10,"s:33:6:33:Infinity":11,"s:36:4:36:Infinity":12,"s:37:4:37:Infinity":13,"s:38:4:38:Infinity":14,"s:39:4:62:Infinity":15,"s:40:23:40:73":16,"b:41:6:42:Infinity:undefined:undefined:undefined:undefined":2,"s:41:6:42:Infinity":17,"s:42:8:42:Infinity":18,"s:45:23:45:44":19,"b:46:6:48:Infinity:undefined:undefined:undefined:undefined":3,"s:46:6:48:Infinity":20,"s:47:8:47:Infinity":21,"b:47:43:47:68:47:68:47:70":4,"s:48:8:48:Infinity":22,"b:51:6:53:Infinity:undefined:undefined:undefined:undefined":5,"s:51:6:53:Infinity":23,"s:52:8:52:Infinity":24,"s:53:8:53:Infinity":25,"b:53:43:53:52:53:52:53:84":6,"s:56:6:56:Infinity":26,"b:57:6:58:Infinity:undefined:undefined:undefined:undefined":7,"s:57:6:58:Infinity":27,"s:58:8:58:Infinity":28,"b:60:6:62:Infinity:undefined:undefined:undefined:undefined":8,"s:60:6:62:Infinity":29,"b:60:10:60:36:60:36:60:58":9,"s:61:8:61:Infinity":30,"s:62:8:62:Infinity":31,"s:67:2:71:Infinity":32,"f:67:2:67:18":2,"s:68:4:69:Infinity":33,"f:68:4:68:17":3,"s:69:6:69:Infinity":34,"s:73:2:82:Infinity":35,"f:73:2:73:18":4,"s:74:4:74:Infinity":36,"s:75:23:77:18":37,"f:75:23:75:41":5,"s:76:6:76:Infinity":38,"s:79:4:80:Infinity":39,"f:79:4:79:17":6,"s:80:6:80:Infinity":40,"s:84:2:88:Infinity":41}}}
}
