{"/Users/markus/Projects/owlbear-dev/serve/cockpit/web/src/KanbanBoard.tsx": {"path":"/Users/markus/Projects/owlbear-dev/serve/cockpit/web/src/KanbanBoard.tsx","statementMap":{"0":{"start":{"line":8,"column":48},"end":{"line":14,"column":null}},"1":{"start":{"line":25,"column":7},"end":{"line":25,"column":21}},"2":{"start":{"line":25,"column":21},"end":{"line":25,"column":79}},"3":{"start":{"line":25,"column":79},"end":{"line":34,"column":null}},"4":{"start":{"line":34,"column":21},"end":{"line":34,"column":null}},"5":{"start":{"line":34,"column":28},"end":{"line":34,"column":50}},"6":{"start":{"line":34,"column":50},"end":{"line":34,"column":null}},"7":{"start":{"line":36,"column":20},"end":{"line":36,"column":49}},"8":{"start":{"line":36,"column":78},"end":{"line":44,"column":null}},"9":{"start":{"line":35,"column":13},"end":{"line":44,"column":null}},"10":{"start":{"line":44,"column":7},"end":{"line":44,"column":null}},"11":{"start":{"line":44,"column":7},"end":{"line":48,"column":null}},"12":{"start":{"line":46,"column":6},"end":{"line":48,"column":null}},"13":{"start":{"line":48,"column":13},"end":{"line":48,"column":null}},"14":{"start":{"line":48,"column":13},"end":{"line":57,"column":null}},"15":{"start":{"line":49,"column":7},"end":{"line":57,"column":null}},"16":{"start":{"line":57,"column":7},"end":{"line":57,"column":null}},"17":{"start":{"line":57,"column":7},"end":{"line":58,"column":null}},"18":{"start":{"line":58,"column":7},"end":{"line":58,"column":null}},"19":{"start":{"line":58,"column":69},"end":{"line":58,"column":null}},"20":{"start":{"line":58,"column":69},"end":{"line":59,"column":null}},"21":{"start":{"line":27,"column":4},"end":{"line":58,"column":11}},"22":{"start":{"line":59,"column":10},"end":{"line":59,"column":null}},"23":{"start":{"line":59,"column":10},"end":{"line":27,"column":null}},"24":{"start":{"line":75,"column":7},"end":{"line":75,"column":23}},"25":{"start":{"line":75,"column":23},"end":{"line":75,"column":null}},"26":{"start":{"line":84,"column":2},"end":{"line":84,"column":53}},"27":{"start":{"line":84,"column":53},"end":{"line":126,"column":null}},"28":{"start":{"line":84,"column":53},"end":{"line":86,"column":107}},"29":{"start":{"line":86,"column":33},"end":{"line":86,"column":107}},"30":{"start":{"line":86,"column":43},"end":{"line":86,"column":106}},"31":{"start":{"line":86,"column":106},"end":{"line":86,"column":107}},"32":{"start":{"line":86,"column":17},"end":{"line":86,"column":43}},"33":{"start":{"line":86,"column":107},"end":{"line":90,"column":null}},"34":{"start":{"line":88,"column":30},"end":{"line":89,"column":null}},"35":{"start":{"line":89,"column":4},"end":{"line":89,"column":null}},"36":{"start":{"line":90,"column":3},"end":{"line":90,"column":null}},"37":{"start":{"line":88,"column":30},"end":{"line":88,"column":null}},"38":{"start":{"line":90,"column":3},"end":{"line":101,"column":null}},"39":{"start":{"line":96,"column":18},"end":{"line":99,"column":null}},"40":{"start":{"line":97,"column":8},"end":{"line":99,"column":null}},"41":{"start":{"line":98,"column":10},"end":{"line":98,"column":null}},"42":{"start":{"line":99,"column":10},"end":{"line":99,"column":null}},"43":{"start":{"line":101,"column":7},"end":{"line":101,"column":null}},"44":{"start":{"line":101,"column":7},"end":{"line":107,"column":null}},"45":{"start":{"line":102,"column":19},"end":{"line":102,"column":null}},"46":{"start":{"line":102,"column":25},"end":{"line":102,"column":45}},"47":{"start":{"line":103,"column":14},"end":{"line":105,"column":null}},"48":{"start":{"line":104,"column":8},"end":{"line":104,"column":null}},"49":{"start":{"line":105,"column":8},"end":{"line":105,"column":null}},"50":{"start":{"line":107,"column":13},"end":{"line":107,"column":null}},"51":{"start":{"line":107,"column":67},"end":{"line":107,"column":null}},"52":{"start":{"line":107,"column":67},"end":{"line":110,"column":null}},"53":{"start":{"line":110,"column":8},"end":{"line":110,"column":null}},"54":{"start":{"line":110,"column":29},"end":{"line":110,"column":null}},"55":{"start":{"line":110,"column":29},"end":{"line":111,"column":null}},"56":{"start":{"line":111,"column":8},"end":{"line":111,"column":null}},"57":{"start":{"line":111,"column":62},"end":{"line":111,"column":null}},"58":{"start":{"line":111,"column":62},"end":{"line":112,"column":null}},"59":{"start":{"line":109,"column":6},"end":{"line":112,"column":null}},"60":{"start":{"line":112,"column":15},"end":{"line":112,"column":null}},"61":{"start":{"line":93,"column":4},"end":{"line":125,"column":7}},"62":{"start":{"line":117,"column":10},"end":{"line":125,"column":7}},"63":{"start":{"line":126,"column":10},"end":{"line":126,"column":null}},"64":{"start":{"line":126,"column":10},"end":{"line":93,"column":null}},"65":{"start":{"line":140,"column":15},"end":{"line":140,"column":null}},"66":{"start":{"line":141,"column":2},"end":{"line":141,"column":67}},"67":{"start":{"line":142,"column":2},"end":{"line":142,"column":79}},"68":{"start":{"line":143,"column":2},"end":{"line":143,"column":65}},"69":{"start":{"line":144,"column":2},"end":{"line":144,"column":79}},"70":{"start":{"line":145,"column":2},"end":{"line":145,"column":53}},"71":{"start":{"line":145,"column":53},"end":{"line":165,"column":19}},"72":{"start":{"line":147,"column":12},"end":{"line":163,"column":null}},"73":{"start":{"line":148,"column":4},"end":{"line":148,"column":null}},"74":{"start":{"line":148,"column":20},"end":{"line":148,"column":null}},"75":{"start":{"line":150,"column":4},"end":{"line":152,"column":null}},"76":{"start":{"line":151,"column":6},"end":{"line":151,"column":null}},"77":{"start":{"line":151,"column":71},"end":{"line":151,"column":null}},"78":{"start":{"line":152,"column":6},"end":{"line":152,"column":null}},"79":{"start":{"line":155,"column":4},"end":{"line":156,"column":null}},"80":{"start":{"line":156,"column":6},"end":{"line":156,"column":null}},"81":{"start":{"line":156,"column":30},"end":{"line":156,"column":null}},"82":{"start":{"line":159,"column":4},"end":{"line":159,"column":null}},"83":{"start":{"line":160,"column":4},"end":{"line":160,"column":null}},"84":{"start":{"line":160,"column":55},"end":{"line":163,"column":null}},"85":{"start":{"line":162,"column":6},"end":{"line":162,"column":null}},"86":{"start":{"line":163,"column":6},"end":{"line":163,"column":null}},"87":{"start":{"line":165,"column":5},"end":{"line":165,"column":19}},"88":{"start":{"line":165,"column":18},"end":{"line":165,"column":19}},"89":{"start":{"line":147,"column":2},"end":{"line":165,"column":null}},"90":{"start":{"line":165,"column":19},"end":{"line":179,"column":null}},"91":{"start":{"line":167,"column":28},"end":{"line":178,"column":null}},"92":{"start":{"line":168,"column":4},"end":{"line":168,"column":null}},"93":{"start":{"line":169,"column":24},"end":{"line":169,"column":29}},"94":{"start":{"line":170,"column":4},"end":{"line":170,"column":null}},"95":{"start":{"line":170,"column":32},"end":{"line":170,"column":null}},"96":{"start":{"line":171,"column":4},"end":{"line":171,"column":null}},"97":{"start":{"line":172,"column":4},"end":{"line":178,"column":null}},"98":{"start":{"line":179,"column":3},"end":{"line":179,"column":null}},"99":{"start":{"line":167,"column":28},"end":{"line":167,"column":null}},"100":{"start":{"line":179,"column":3},"end":{"line":183,"column":null}},"101":{"start":{"line":181,"column":26},"end":{"line":182,"column":null}},"102":{"start":{"line":182,"column":4},"end":{"line":182,"column":null}},"103":{"start":{"line":183,"column":3},"end":{"line":183,"column":null}},"104":{"start":{"line":181,"column":26},"end":{"line":181,"column":null}},"105":{"start":{"line":183,"column":3},"end":{"line":187,"column":null}},"106":{"start":{"line":185,"column":24},"end":{"line":186,"column":null}},"107":{"start":{"line":186,"column":4},"end":{"line":186,"column":null}},"108":{"start":{"line":187,"column":3},"end":{"line":187,"column":null}},"109":{"start":{"line":185,"column":24},"end":{"line":185,"column":null}},"110":{"start":{"line":187,"column":3},"end":{"line":193,"column":null}},"111":{"start":{"line":189,"column":24},"end":{"line":193,"column":null}},"112":{"start":{"line":193,"column":8},"end":{"line":193,"column":null}},"113":{"start":{"line":189,"column":24},"end":{"line":189,"column":29}},"114":{"start":{"line":195,"column":2},"end":{"line":196,"column":28}},"115":{"start":{"line":195,"column":13},"end":{"line":196,"column":null}},"116":{"start":{"line":196,"column":11},"end":{"line":196,"column":null}},"117":{"start":{"line":196,"column":62},"end":{"line":196,"column":null}},"118":{"start":{"line":196,"column":62},"end":{"line":196,"column":28}},"119":{"start":{"line":199,"column":2},"end":{"line":201,"column":23}},"120":{"start":{"line":199,"column":21},"end":{"line":201,"column":null}},"121":{"start":{"line":201,"column":6},"end":{"line":201,"column":null}},"122":{"start":{"line":201,"column":84},"end":{"line":201,"column":null}},"123":{"start":{"line":201,"column":84},"end":{"line":201,"column":23}},"124":{"start":{"line":203,"column":3},"end":{"line":222,"column":null}},"125":{"start":{"line":205,"column":2},"end":{"line":220,"column":null}},"126":{"start":{"line":206,"column":4},"end":{"line":206,"column":null}},"127":{"start":{"line":207,"column":4},"end":{"line":207,"column":null}},"128":{"start":{"line":208,"column":4},"end":{"line":220,"column":null}},"129":{"start":{"line":209,"column":18},"end":{"line":213,"column":8}},"130":{"start":{"line":214,"column":6},"end":{"line":215,"column":null}},"131":{"start":{"line":215,"column":8},"end":{"line":215,"column":null}},"132":{"start":{"line":215,"column":50},"end":{"line":215,"column":null}},"133":{"start":{"line":218,"column":6},"end":{"line":218,"column":null}},"134":{"start":{"line":220,"column":6},"end":{"line":220,"column":null}},"135":{"start":{"line":222,"column":3},"end":{"line":222,"column":null}},"136":{"start":{"line":205,"column":2},"end":{"line":205,"column":null}},"137":{"start":{"line":222,"column":3},"end":{"line":225,"column":null}},"138":{"start":{"line":225,"column":43},"end":{"line":225,"column":null}},"139":{"start":{"line":225,"column":94},"end":{"line":225,"column":null}},"140":{"start":{"line":225,"column":94},"end":{"line":243,"column":null}},"141":{"start":{"line":225,"column":94},"end":{"line":243,"column":8}},"142":{"start":{"line":226,"column":26},"end":{"line":241,"column":null}},"143":{"start":{"line":226,"column":27},"end":{"line":226,"column":null}},"144":{"start":{"line":227,"column":25},"end":{"line":227,"column":39}},"145":{"start":{"line":227,"column":50},"end":{"line":241,"column":null}},"146":{"start":{"line":243,"column":7},"end":{"line":243,"column":8}},"147":{"start":{"line":226,"column":7},"end":{"line":243,"column":null}},"148":{"start":{"line":243,"column":8},"end":{"line":243,"column":null}},"149":{"start":{"line":243,"column":8},"end":{"line":245,"column":null}},"150":{"start":{"line":245,"column":7},"end":{"line":245,"column":null}},"151":{"start":{"line":245,"column":67},"end":{"line":245,"column":null}},"152":{"start":{"line":245,"column":67},"end":{"line":266,"column":null}},"153":{"start":{"line":247,"column":7},"end":{"line":266,"column":null}},"154":{"start":{"line":255,"column":12},"end":{"line":264,"column":null}},"155":{"start":{"line":260,"column":29},"end":{"line":260,"column":107}},"156":{"start":{"line":266,"column":7},"end":{"line":266,"column":null}},"157":{"start":{"line":266,"column":7},"end":{"line":267,"column":null}},"158":{"start":{"line":225,"column":4},"end":{"line":247,"column":null}},"159":{"start":{"line":267,"column":10},"end":{"line":267,"column":null}},"160":{"start":{"line":267,"column":10},"end":{"line":225,"column":21}},"161":{"start":{"line":190,"column":4},"end":{"line":190,"column":46}},"162":{"start":{"line":190,"column":27},"end":{"line":190,"column":46}},"163":{"start":{"line":191,"column":4},"end":{"line":191,"column":null}},"164":{"start":{"line":191,"column":31},"end":{"line":192,"column":null}}},"fnMap":{"0":{"name":"Card","decl":{"start":{"line":25,"column":7},"end":{"line":25,"column":21}},"loc":{"start":{"line":25,"column":7},"end":{"line":27,"column":null}},"line":25},"1":{"name":"(anonymous_1)","decl":{"start":{"line":34,"column":21},"end":{"line":34,"column":28}},"loc":{"start":{"line":34,"column":28},"end":{"line":34,"column":50}},"line":34},"2":{"name":"Column","decl":{"start":{"line":75,"column":7},"end":{"line":75,"column":23}},"loc":{"start":{"line":75,"column":7},"end":{"line":93,"column":null}},"line":75},"3":{"name":"(anonymous_3)","decl":{"start":{"line":86,"column":33},"end":{"line":86,"column":43}},"loc":{"start":{"line":86,"column":43},"end":{"line":86,"column":106}},"line":86},"4":{"name":"(anonymous_4)","decl":{"start":{"line":88,"column":30},"end":{"line":88,"column":null}},"loc":{"start":{"line":88,"column":30},"end":{"line":89,"column":null}},"line":88},"5":{"name":"(anonymous_5)","decl":{"start":{"line":96,"column":18},"end":{"line":96,"column":null}},"loc":{"start":{"line":96,"column":18},"end":{"line":99,"column":null}},"line":96},"6":{"name":"(anonymous_6)","decl":{"start":{"line":102,"column":19},"end":{"line":102,"column":25}},"loc":{"start":{"line":102,"column":25},"end":{"line":102,"column":45}},"line":102},"7":{"name":"(anonymous_7)","decl":{"start":{"line":103,"column":14},"end":{"line":103,"column":null}},"loc":{"start":{"line":103,"column":14},"end":{"line":105,"column":null}},"line":103},"8":{"name":"(anonymous_8)","decl":{"start":{"line":116,"column":14},"end":{"line":116,"column":19}},"loc":{"start":{"line":117,"column":10},"end":{"line":125,"column":7}},"line":117},"9":{"name":"KanbanBoard","decl":{"start":{"line":140,"column":15},"end":{"line":140,"column":null}},"loc":{"start":{"line":140,"column":15},"end":{"line":225,"column":21}},"line":140},"10":{"name":"(anonymous_10)","decl":{"start":{"line":147,"column":12},"end":{"line":147,"column":null}},"loc":{"start":{"line":147,"column":12},"end":{"line":163,"column":null}},"line":147},"11":{"name":"handleMouseDown","decl":{"start":{"line":150,"column":4},"end":{"line":150,"column":null}},"loc":{"start":{"line":150,"column":4},"end":{"line":152,"column":null}},"line":150},"12":{"name":"handleKeyDown","decl":{"start":{"line":155,"column":4},"end":{"line":155,"column":null}},"loc":{"start":{"line":155,"column":4},"end":{"line":156,"column":null}},"line":155},"13":{"name":"(anonymous_13)","decl":{"start":{"line":160,"column":55},"end":{"line":160,"column":null}},"loc":{"start":{"line":161,"column":11},"end":{"line":163,"column":null}},"line":161},"14":{"name":"(anonymous_14)","decl":{"start":{"line":167,"column":28},"end":{"line":167,"column":null}},"loc":{"start":{"line":167,"column":28},"end":{"line":178,"column":null}},"line":167},"15":{"name":"(anonymous_15)","decl":{"start":{"line":181,"column":26},"end":{"line":181,"column":null}},"loc":{"start":{"line":181,"column":26},"end":{"line":182,"column":null}},"line":181},"16":{"name":"(anonymous_16)","decl":{"start":{"line":185,"column":24},"end":{"line":185,"column":null}},"loc":{"start":{"line":185,"column":24},"end":{"line":186,"column":null}},"line":185},"17":{"name":"handleTransitionClick","decl":{"start":{"line":205,"column":2},"end":{"line":205,"column":null}},"loc":{"start":{"line":205,"column":2},"end":{"line":220,"column":null}},"line":205},"18":{"name":"(anonymous_18)","decl":{"start":{"line":226,"column":26},"end":{"line":226,"column":27}},"loc":{"start":{"line":226,"column":26},"end":{"line":241,"column":null}},"line":226},"19":{"name":"(anonymous_19)","decl":{"start":{"line":254,"column":65},"end":{"line":254,"column":71}},"loc":{"start":{"line":255,"column":12},"end":{"line":264,"column":null}},"line":255},"20":{"name":"(anonymous_20)","decl":{"start":{"line":260,"column":23},"end":{"line":260,"column":29}},"loc":{"start":{"line":260,"column":29},"end":{"line":260,"column":107}},"line":260}},"branchMap":{"0":{"loc":{"start":{"line":25,"column":79},"end":{"line":34,"column":null}},"type":"if","locations":[{"start":{"line":25,"column":79},"end":{"line":34,"column":null}},{"start":{"line":34,"column":50},"end":{"line":34,"column":null}}],"line":25},"1":{"loc":{"start":{"line":25,"column":79},"end":{"line":25,"column":null}},"type":"binary-expr","locations":[{"start":{"line":25,"column":79},"end":{"line":25,"column":null}},{"start":{"line":25,"column":79},"end":{"line":25,"column":null}}],"line":25},"2":{"loc":{"start":{"line":36,"column":33},"end":{"line":36,"column":49}},"type":"binary-expr","locations":[{"start":{"line":36,"column":33},"end":{"line":36,"column":78}},{"start":{"line":36,"column":33},"end":{"line":36,"column":49}}],"line":36},"3":{"loc":{"start":{"line":36,"column":78},"end":{"line":44,"column":null}},"type":"if","locations":[{"start":{"line":36,"column":78},"end":{"line":44,"column":null}},{"start":{"line":44,"column":7},"end":{"line":44,"column":null}}],"line":36},"4":{"loc":{"start":{"line":44,"column":7},"end":{"line":48,"column":null}},"type":"if","locations":[{"start":{"line":44,"column":7},"end":{"line":48,"column":null}},{"start":{"line":48,"column":13},"end":{"line":48,"column":null}}],"line":44},"5":{"loc":{"start":{"line":48,"column":13},"end":{"line":57,"column":null}},"type":"if","locations":[{"start":{"line":48,"column":13},"end":{"line":57,"column":null}},{"start":{"line":57,"column":7},"end":{"line":57,"column":null}}],"line":48},"6":{"loc":{"start":{"line":48,"column":13},"end":{"line":48,"column":null}},"type":"binary-expr","locations":[{"start":{"line":48,"column":13},"end":{"line":48,"column":null}},{"start":{"line":48,"column":13},"end":{"line":48,"column":null}}],"line":48},"7":{"loc":{"start":{"line":49,"column":7},"end":{"line":57,"column":null}},"type":"binary-expr","locations":[{"start":{"line":49,"column":7},"end":{"line":49,"column":null}},{"start":{"line":50,"column":8},"end":{"line":57,"column":null}}],"line":49},"8":{"loc":{"start":{"line":52,"column":17},"end":{"line":52,"column":21}},"type":"binary-expr","locations":[{"start":{"line":52,"column":17},"end":{"line":52,"column":null}},{"start":{"line":52,"column":17},"end":{"line":52,"column":21}}],"line":52},"9":{"loc":{"start":{"line":53,"column":22},"end":{"line":53,"column":26}},"type":"binary-expr","locations":[{"start":{"line":53,"column":22},"end":{"line":53,"column":null}},{"start":{"line":53,"column":22},"end":{"line":53,"column":26}}],"line":53},"10":{"loc":{"start":{"line":57,"column":7},"end":{"line":58,"column":null}},"type":"if","locations":[{"start":{"line":57,"column":7},"end":{"line":58,"column":null}},{"start":{"line":58,"column":69},"end":{"line":58,"column":null}}],"line":57},"11":{"loc":{"start":{"line":58,"column":7},"end":{"line":58,"column":null}},"type":"binary-expr","locations":[{"start":{"line":58,"column":7},"end":{"line":58,"column":23}},{"start":{"line":58,"column":23},"end":{"line":58,"column":null}}],"line":58},"12":{"loc":{"start":{"line":58,"column":69},"end":{"line":59,"column":null}},"type":"if","locations":[{"start":{"line":58,"column":69},"end":{"line":59,"column":null}},{"start":{"line":59,"column":10},"end":{"line":59,"column":null}}],"line":58},"13":{"loc":{"start":{"line":58,"column":69},"end":{"line":58,"column":null}},"type":"binary-expr","locations":[{"start":{"line":58,"column":69},"end":{"line":58,"column":null}},{"start":{"line":58,"column":69},"end":{"line":58,"column":null}},{"start":{"line":58,"column":69},"end":{"line":58,"column":null}},{"start":{"line":58,"column":69},"end":{"line":58,"column":null}},{"start":{"line":58,"column":69},"end":{"line":58,"column":null}},{"start":{"line":58,"column":69},"end":{"line":58,"column":null}},{"start":{"line":58,"column":69},"end":{"line":58,"column":null}},{"start":{"line":58,"column":69},"end":{"line":58,"column":null}},{"start":{"line":58,"column":69},"end":{"line":58,"column":null}}],"line":58},"14":{"loc":{"start":{"line":84,"column":53},"end":{"line":126,"column":null}},"type":"if","locations":[{"start":{"line":84,"column":53},"end":{"line":126,"column":null}},{"start":{"line":126,"column":10},"end":{"line":126,"column":null}}],"line":84},"15":{"loc":{"start":{"line":84,"column":53},"end":{"line":84,"column":null}},"type":"binary-expr","locations":[{"start":{"line":84,"column":53},"end":{"line":84,"column":null}},{"start":{"line":84,"column":53},"end":{"line":84,"column":null}},{"start":{"line":84,"column":53},"end":{"line":84,"column":null}},{"start":{"line":84,"column":53},"end":{"line":84,"column":null}},{"start":{"line":84,"column":53},"end":{"line":84,"column":null}},{"start":{"line":84,"column":53},"end":{"line":84,"column":null}},{"start":{"line":84,"column":53},"end":{"line":84,"column":null}},{"start":{"line":84,"column":53},"end":{"line":84,"column":null}}],"line":84},"16":{"loc":{"start":{"line":84,"column":53},"end":{"line":86,"column":107}},"type":"if","locations":[{"start":{"line":84,"column":53},"end":{"line":86,"column":107}},{"start":{"line":86,"column":106},"end":{"line":86,"column":107}}],"line":84},"17":{"loc":{"start":{"line":86,"column":107},"end":{"line":90,"column":null}},"type":"if","locations":[{"start":{"line":86,"column":107},"end":{"line":90,"column":null}},{"start":{"line":90,"column":3},"end":{"line":90,"column":null}}],"line":86},"18":{"loc":{"start":{"line":86,"column":107},"end":{"line":86,"column":null}},"type":"binary-expr","locations":[{"start":{"line":86,"column":107},"end":{"line":86,"column":null}},{"start":{"line":86,"column":107},"end":{"line":86,"column":null}}],"line":86},"19":{"loc":{"start":{"line":90,"column":3},"end":{"line":101,"column":null}},"type":"if","locations":[{"start":{"line":90,"column":3},"end":{"line":101,"column":null}},{"start":{"line":101,"column":7},"end":{"line":101,"column":null}}],"line":90},"20":{"loc":{"start":{"line":97,"column":8},"end":{"line":99,"column":null}},"type":"if","locations":[{"start":{"line":97,"column":8},"end":{"line":99,"column":null}},{"start":{},"end":{}}],"line":97},"21":{"loc":{"start":{"line":101,"column":7},"end":{"line":107,"column":null}},"type":"if","locations":[{"start":{"line":101,"column":7},"end":{"line":107,"column":null}},{"start":{"line":107,"column":67},"end":{"line":107,"column":null}}],"line":101},"22":{"loc":{"start":{"line":107,"column":67},"end":{"line":110,"column":null}},"type":"if","locations":[{"start":{"line":107,"column":67},"end":{"line":110,"column":null}},{"start":{"line":110,"column":29},"end":{"line":110,"column":null}}],"line":107},"23":{"loc":{"start":{"line":110,"column":29},"end":{"line":111,"column":null}},"type":"if","locations":[{"start":{"line":110,"column":29},"end":{"line":111,"column":null}},{"start":{"line":111,"column":62},"end":{"line":111,"column":null}}],"line":110},"24":{"loc":{"start":{"line":111,"column":62},"end":{"line":112,"column":null}},"type":"if","locations":[{"start":{"line":111,"column":62},"end":{"line":112,"column":null}},{"start":{"line":112,"column":15},"end":{"line":112,"column":null}}],"line":111},"25":{"loc":{"start":{"line":111,"column":62},"end":{"line":111,"column":null}},"type":"binary-expr","locations":[{"start":{"line":111,"column":62},"end":{"line":111,"column":null}},{"start":{"line":111,"column":62},"end":{"line":111,"column":null}}],"line":111},"26":{"loc":{"start":{"line":95,"column":22},"end":{"line":95,"column":null}},"type":"cond-expr","locations":[{"start":{"line":95,"column":22},"end":{"line":95,"column":null}},{"start":{"line":95,"column":22},"end":{"line":95,"column":null}}],"line":95},"27":{"loc":{"start":{"line":113,"column":7},"end":{"line":125,"column":7}},"type":"cond-expr","locations":[{"start":{"line":114,"column":8},"end":{"line":116,"column":14}},{"start":{"line":116,"column":8},"end":{"line":125,"column":7}}],"line":113},"28":{"loc":{"start":{"line":145,"column":53},"end":{"line":165,"column":19}},"type":"if","locations":[{"start":{"line":145,"column":53},"end":{"line":165,"column":19}},{"start":{"line":165,"column":18},"end":{"line":165,"column":19}}],"line":145},"29":{"loc":{"start":{"line":148,"column":4},"end":{"line":148,"column":null}},"type":"if","locations":[{"start":{"line":148,"column":4},"end":{"line":148,"column":null}},{"start":{},"end":{}}],"line":148},"30":{"loc":{"start":{"line":151,"column":6},"end":{"line":151,"column":null}},"type":"if","locations":[{"start":{"line":151,"column":6},"end":{"line":151,"column":null}},{"start":{},"end":{}}],"line":151},"31":{"loc":{"start":{"line":151,"column":10},"end":{"line":151,"column":71}},"type":"binary-expr","locations":[{"start":{"line":151,"column":10},"end":{"line":151,"column":29}},{"start":{"line":151,"column":29},"end":{"line":151,"column":71}}],"line":151},"32":{"loc":{"start":{"line":156,"column":6},"end":{"line":156,"column":null}},"type":"if","locations":[{"start":{"line":156,"column":6},"end":{"line":156,"column":null}},{"start":{},"end":{}}],"line":156},"33":{"loc":{"start":{"line":165,"column":19},"end":{"line":179,"column":null}},"type":"if","locations":[{"start":{"line":165,"column":19},"end":{"line":179,"column":null}},{"start":{"line":179,"column":3},"end":{"line":179,"column":null}}],"line":165},"34":{"loc":{"start":{"line":169,"column":24},"end":{"line":169,"column":29}},"type":"binary-expr","locations":[{"start":{"line":169,"column":24},"end":{"line":169,"column":67}},{"start":{"line":169,"column":24},"end":{"line":169,"column":29}}],"line":169},"35":{"loc":{"start":{"line":170,"column":4},"end":{"line":170,"column":null}},"type":"if","locations":[{"start":{"line":170,"column":4},"end":{"line":170,"column":null}},{"start":{},"end":{}}],"line":170},"36":{"loc":{"start":{"line":179,"column":3},"end":{"line":183,"column":null}},"type":"if","locations":[{"start":{"line":179,"column":3},"end":{"line":183,"column":null}},{"start":{"line":183,"column":3},"end":{"line":183,"column":null}}],"line":179},"37":{"loc":{"start":{"line":183,"column":3},"end":{"line":187,"column":null}},"type":"if","locations":[{"start":{"line":183,"column":3},"end":{"line":187,"column":null}},{"start":{"line":187,"column":3},"end":{"line":187,"column":null}}],"line":183},"38":{"loc":{"start":{"line":187,"column":3},"end":{"line":193,"column":null}},"type":"if","locations":[{"start":{"line":187,"column":3},"end":{"line":193,"column":null}},{"start":{"line":193,"column":8},"end":{"line":193,"column":null}}],"line":187},"39":{"loc":{"start":{"line":195,"column":2},"end":{"line":196,"column":28}},"type":"if","locations":[{"start":{"line":195,"column":2},"end":{"line":196,"column":28}},{"start":{},"end":{}}],"line":195},"40":{"loc":{"start":{"line":195,"column":13},"end":{"line":196,"column":null}},"type":"if","locations":[{"start":{"line":195,"column":13},"end":{"line":196,"column":null}},{"start":{"line":196,"column":62},"end":{"line":196,"column":null}}],"line":195},"41":{"loc":{"start":{"line":199,"column":2},"end":{"line":201,"column":23}},"type":"if","locations":[{"start":{"line":199,"column":2},"end":{"line":201,"column":23}},{"start":{},"end":{}}],"line":199},"42":{"loc":{"start":{"line":199,"column":6},"end":{"line":199,"column":21}},"type":"binary-expr","locations":[{"start":{"line":199,"column":6},"end":{"line":199,"column":16}},{"start":{"line":199,"column":6},"end":{"line":199,"column":21}}],"line":199},"43":{"loc":{"start":{"line":199,"column":21},"end":{"line":201,"column":null}},"type":"if","locations":[{"start":{"line":199,"column":21},"end":{"line":201,"column":null}},{"start":{"line":201,"column":84},"end":{"line":201,"column":null}}],"line":199},"44":{"loc":{"start":{"line":203,"column":3},"end":{"line":222,"column":null}},"type":"if","locations":[{"start":{"line":203,"column":3},"end":{"line":222,"column":null}},{"start":{"line":222,"column":3},"end":{"line":222,"column":null}}],"line":203},"45":{"loc":{"start":{"line":214,"column":6},"end":{"line":215,"column":null}},"type":"if","locations":[{"start":{"line":214,"column":6},"end":{"line":215,"column":null}},{"start":{},"end":{}}],"line":214},"46":{"loc":{"start":{"line":222,"column":3},"end":{"line":225,"column":null}},"type":"if","locations":[{"start":{"line":222,"column":3},"end":{"line":225,"column":null}},{"start":{"line":225,"column":94},"end":{"line":225,"column":null}}],"line":222},"47":{"loc":{"start":{"line":225,"column":94},"end":{"line":243,"column":null}},"type":"if","locations":[{"start":{"line":225,"column":94},"end":{"line":243,"column":null}},{"start":{"line":243,"column":8},"end":{"line":243,"column":null}}],"line":225},"48":{"loc":{"start":{"line":225,"column":94},"end":{"line":225,"column":null}},"type":"binary-expr","locations":[{"start":{"line":225,"column":94},"end":{"line":225,"column":null}},{"start":{"line":225,"column":94},"end":{"line":225,"column":null}},{"start":{"line":225,"column":94},"end":{"line":225,"column":null}},{"start":{"line":225,"column":94},"end":{"line":225,"column":null}},{"start":{"line":225,"column":94},"end":{"line":225,"column":null}},{"start":{"line":225,"column":94},"end":{"line":225,"column":null}}],"line":225},"49":{"loc":{"start":{"line":225,"column":94},"end":{"line":243,"column":8}},"type":"if","locations":[{"start":{"line":225,"column":94},"end":{"line":243,"column":8}},{"start":{"line":243,"column":7},"end":{"line":243,"column":8}}],"line":225},"50":{"loc":{"start":{"line":225,"column":94},"end":{"line":225,"column":null}},"type":"binary-expr","locations":[{"start":{"line":225,"column":94},"end":{"line":225,"column":null}},{"start":{"line":225,"column":94},"end":{"line":225,"column":null}},{"start":{"line":225,"column":94},"end":{"line":225,"column":null}},{"start":{"line":225,"column":94},"end":{"line":225,"column":null}},{"start":{"line":225,"column":94},"end":{"line":225,"column":null}}],"line":225},"51":{"loc":{"start":{"line":227,"column":25},"end":{"line":227,"column":39}},"type":"binary-expr","locations":[{"start":{"line":227,"column":25},"end":{"line":227,"column":50}},{"start":{"line":227,"column":25},"end":{"line":227,"column":39}}],"line":227},"52":{"loc":{"start":{"line":238,"column":14},"end":{"line":239,"column":null}},"type":"binary-expr","locations":[{"start":{"line":238,"column":14},"end":{"line":238,"column":null}},{"start":{"line":238,"column":35},"end":{"line":239,"column":null}}],"line":238},"53":{"loc":{"start":{"line":239,"column":15},"end":{"line":239,"column":20}},"type":"binary-expr","locations":[{"start":{"line":239,"column":15},"end":{"line":239,"column":62}},{"start":{"line":239,"column":15},"end":{"line":239,"column":20}}],"line":239},"54":{"loc":{"start":{"line":243,"column":8},"end":{"line":245,"column":null}},"type":"if","locations":[{"start":{"line":243,"column":8},"end":{"line":245,"column":null}},{"start":{"line":245,"column":67},"end":{"line":245,"column":null}}],"line":243},"55":{"loc":{"start":{"line":245,"column":7},"end":{"line":245,"column":null}},"type":"binary-expr","locations":[{"start":{"line":245,"column":7},"end":{"line":245,"column":20}},{"start":{"line":245,"column":20},"end":{"line":245,"column":null}}],"line":245},"56":{"loc":{"start":{"line":245,"column":67},"end":{"line":266,"column":null}},"type":"if","locations":[{"start":{"line":245,"column":67},"end":{"line":266,"column":null}},{"start":{"line":266,"column":7},"end":{"line":266,"column":null}}],"line":245},"57":{"loc":{"start":{"line":245,"column":67},"end":{"line":245,"column":null}},"type":"binary-expr","locations":[{"start":{"line":245,"column":67},"end":{"line":245,"column":null}},{"start":{"line":245,"column":67},"end":{"line":245,"column":null}},{"start":{"line":245,"column":67},"end":{"line":245,"column":null}}],"line":245},"58":{"loc":{"start":{"line":247,"column":7},"end":{"line":266,"column":null}},"type":"binary-expr","locations":[{"start":{"line":247,"column":7},"end":{"line":247,"column":null}},{"start":{"line":248,"column":8},"end":{"line":266,"column":null}}],"line":247},"59":{"loc":{"start":{"line":254,"column":12},"end":{"line":254,"column":17}},"type":"binary-expr","locations":[{"start":{"line":254,"column":12},"end":{"line":254,"column":65}},{"start":{"line":254,"column":12},"end":{"line":254,"column":17}}],"line":254},"60":{"loc":{"start":{"line":266,"column":7},"end":{"line":267,"column":null}},"type":"if","locations":[{"start":{"line":266,"column":7},"end":{"line":267,"column":null}},{"start":{"line":267,"column":10},"end":{"line":267,"column":null}}],"line":266},"61":{"loc":{"start":{"line":266,"column":7},"end":{"line":266,"column":null}},"type":"binary-expr","locations":[{"start":{"line":266,"column":7},"end":{"line":266,"column":null}},{"start":{"line":266,"column":7},"end":{"line":266,"column":null}},{"start":{"line":266,"column":7},"end":{"line":266,"column":null}}],"line":266},"62":{"loc":{"start":{"line":190,"column":4},"end":{"line":190,"column":46}},"type":"if","locations":[{"start":{"line":190,"column":4},"end":{"line":190,"column":46}},{"start":{},"end":{}}],"line":190}},"s":{"0":1,"1":0,"2":0,"3":0,"4":0,"5":0,"6":0,"7":0,"8":0,"9":0,"10":0,"11":0,"12":0,"13":0,"14":0,"15":0,"16":0,"17":0,"18":0,"19":0,"20":0,"21":0,"22":0,"23":0,"24":0,"25":0,"26":0,"27":0,"28":0,"29":0,"30":0,"31":0,"32":0,"33":0,"34":0,"35":0,"36":0,"37":0,"38":0,"39":0,"40":0,"41":0,"42":0,"43":0,"44":0,"45":0,"46":0,"47":0,"48":0,"49":0,"50":0,"51":0,"52":0,"53":0,"54":0,"55":0,"56":0,"57":0,"58":0,"59":0,"60":0,"61":0,"62":0,"63":0,"64":0,"65":21,"66":21,"67":21,"68":21,"69":21,"70":21,"71":21,"72":21,"73":21,"74":21,"75":0,"76":0,"77":0,"78":0,"79":0,"80":0,"81":0,"82":0,"83":0,"84":0,"85":0,"86":0,"87":21,"88":0,"89":21,"90":21,"91":21,"92":0,"93":0,"94":0,"95":0,"96":0,"97":0,"98":0,"99":21,"100":21,"101":21,"102":0,"103":0,"104":21,"105":21,"106":21,"107":0,"108":0,"109":21,"110":21,"111":21,"112":0,"113":21,"114":21,"115":21,"116":21,"117":0,"118":21,"119":0,"120":0,"121":0,"122":0,"123":0,"124":0,"125":0,"126":0,"127":0,"128":0,"129":0,"130":0,"131":0,"132":0,"133":0,"134":0,"135":0,"136":0,"137":0,"138":0,"139":0,"140":0,"141":0,"142":0,"143":0,"144":0,"145":0,"146":0,"147":0,"148":0,"149":0,"150":0,"151":0,"152":0,"153":0,"154":0,"155":0,"156":0,"157":0,"158":0,"159":0,"160":0,"161":0,"162":0,"163":0,"164":0},"f":{"0":0,"1":0,"2":0,"3":0,"4":0,"5":0,"6":0,"7":0,"8":0,"9":21,"10":21,"11":0,"12":0,"13":0,"14":0,"15":0,"16":0,"17":0,"18":0,"19":0,"20":0},"b":{"0":[0,0],"1":[0,0],"2":[0,0],"3":[0,0],"4":[0,0],"5":[0,0],"6":[0,0],"7":[0,0],"8":[0,0],"9":[0,0],"10":[0,0],"11":[0,0],"12":[0,0],"13":[0,0,0,0,0,0,0,0,0],"14":[0,0],"15":[0,0,0,0,0,0,0,0],"16":[0,0],"17":[0,0],"18":[0,0],"19":[0,0],"20":[0,0],"21":[0,0],"22":[0,0],"23":[0,0],"24":[0,0],"25":[0,0],"26":[0,0],"27":[0,0],"28":[21,0],"29":[21,0],"30":[0,0],"31":[0,0],"32":[0,0],"33":[21,0],"34":[0,0],"35":[0,0],"36":[21,0],"37":[21,0],"38":[21,0],"39":[21,0],"40":[21,0],"41":[0,0],"42":[0,0],"43":[0,0],"44":[0,0],"45":[0,0],"46":[0,0],"47":[0,0],"48":[0,0,0,0,0,0],"49":[0,0],"50":[0,0,0,0,0],"51":[0,0],"52":[0,0],"53":[0,0],"54":[0,0],"55":[0,0],"56":[0,0],"57":[0,0,0],"58":[0,0],"59":[0,0],"60":[0,0],"61":[0,0,0],"62":[0,0]},"meta":{"lastBranch":63,"lastFunction":21,"lastStatement":165,"seen":{"s:8:48:14:Infinity":0,"f:25:7:25:21":0,"s:25:7:25:21":1,"s:25:21:25:79":2,"b:25:79:34:Infinity:34:50:34:Infinity":0,"s:25:79:34:Infinity":3,"b:25:79:25:Infinity:25:79:25:Infinity":1,"s:34:21:34:Infinity":4,"f:34:21:34:28":1,"s:34:28:34:50":5,"s:34:50:34:Infinity":6,"s:36:20:36:49":7,"b:36:33:36:78:36:33:36:49":2,"b:36:78:44:Infinity:44:7:44:Infinity":3,"s:36:78:44:Infinity":8,"s:35:13:44:Infinity":9,"s:44:7:44:Infinity":10,"b:44:7:48:Infinity:48:13:48:Infinity":4,"s:44:7:48:Infinity":11,"s:46:6:48:Infinity":12,"s:48:13:48:Infinity":13,"b:48:13:57:Infinity:57:7:57:Infinity":5,"s:48:13:57:Infinity":14,"b:48:13:48:Infinity:48:13:48:Infinity":6,"s:49:7:57:Infinity":15,"b:49:7:49:Infinity:50:8:57:Infinity":7,"b:52:17:52:Infinity:52:17:52:21":8,"b:53:22:53:Infinity:53:22:53:26":9,"s:57:7:57:Infinity":16,"b:57:7:58:Infinity:58:69:58:Infinity":10,"s:57:7:58:Infinity":17,"s:58:7:58:Infinity":18,"b:58:7:58:23:58:23:58:Infinity":11,"s:58:69:58:Infinity":19,"b:58:69:59:Infinity:59:10:59:Infinity":12,"s:58:69:59:Infinity":20,"b:58:69:58:Infinity:58:69:58:Infinity:58:69:58:Infinity:58:69:58:Infinity:58:69:58:Infinity:58:69:58:Infinity:58:69:58:Infinity:58:69:58:Infinity:58:69:58:Infinity":13,"s:27:4:58:11":21,"s:59:10:59:Infinity":22,"s:59:10:27:Infinity":23,"f:75:7:75:23":2,"s:75:7:75:23":24,"s:75:23:75:Infinity":25,"s:84:2:84:53":26,"b:84:53:126:Infinity:126:10:126:Infinity":14,"s:84:53:126:Infinity":27,"b:84:53:84:Infinity:84:53:84:Infinity:84:53:84:Infinity:84:53:84:Infinity:84:53:84:Infinity:84:53:84:Infinity:84:53:84:Infinity:84:53:84:Infinity":15,"b:84:53:86:107:86:106:86:107":16,"s:84:53:86:107":28,"s:86:33:86:107":29,"f:86:33:86:43":3,"s:86:43:86:106":30,"s:86:106:86:107":31,"s:86:17:86:43":32,"b:86:107:90:Infinity:90:3:90:Infinity":17,"s:86:107:90:Infinity":33,"b:86:107:86:Infinity:86:107:86:Infinity":18,"s:88:30:89:Infinity":34,"f:88:30:88:Infinity":4,"s:89:4:89:Infinity":35,"s:90:3:90:Infinity":36,"s:88:30:88:Infinity":37,"b:90:3:101:Infinity:101:7:101:Infinity":19,"s:90:3:101:Infinity":38,"s:96:18:99:Infinity":39,"f:96:18:96:Infinity":5,"b:97:8:99:Infinity:undefined:undefined:undefined:undefined":20,"s:97:8:99:Infinity":40,"s:98:10:98:Infinity":41,"s:99:10:99:Infinity":42,"s:101:7:101:Infinity":43,"b:101:7:107:Infinity:107:67:107:Infinity":21,"s:101:7:107:Infinity":44,"s:102:19:102:Infinity":45,"f:102:19:102:25":6,"s:102:25:102:45":46,"s:103:14:105:Infinity":47,"f:103:14:103:Infinity":7,"s:104:8:104:Infinity":48,"s:105:8:105:Infinity":49,"s:107:13:107:Infinity":50,"s:107:67:107:Infinity":51,"b:107:67:110:Infinity:110:29:110:Infinity":22,"s:107:67:110:Infinity":52,"s:110:8:110:Infinity":53,"s:110:29:110:Infinity":54,"b:110:29:111:Infinity:111:62:111:Infinity":23,"s:110:29:111:Infinity":55,"s:111:8:111:Infinity":56,"s:111:62:111:Infinity":57,"b:111:62:112:Infinity:112:15:112:Infinity":24,"s:111:62:112:Infinity":58,"b:111:62:111:Infinity:111:62:111:Infinity":25,"s:109:6:112:Infinity":59,"s:112:15:112:Infinity":60,"s:93:4:125:7":61,"b:95:22:95:Infinity:95:22:95:Infinity":26,"b:114:8:116:14:116:8:125:7":27,"f:116:14:116:19":8,"s:117:10:125:7":62,"s:126:10:126:Infinity":63,"s:126:10:93:Infinity":64,"f:140:15:140:Infinity":9,"s:140:15:140:Infinity":65,"s:141:2:141:67":66,"s:142:2:142:79":67,"s:143:2:143:65":68,"s:144:2:144:79":69,"s:145:2:145:53":70,"b:145:53:165:19:165:18:165:19":28,"s:145:53:165:19":71,"s:147:12:163:Infinity":72,"f:147:12:147:Infinity":10,"b:148:4:148:Infinity:undefined:undefined:undefined:undefined":29,"s:148:4:148:Infinity":73,"s:148:20:148:Infinity":74,"s:150:4:152:Infinity":75,"f:150:4:150:Infinity":11,"b:151:6:151:Infinity:undefined:undefined:undefined:undefined":30,"s:151:6:151:Infinity":76,"b:151:10:151:29:151:29:151:71":31,"s:151:71:151:Infinity":77,"s:152:6:152:Infinity":78,"s:155:4:156:Infinity":79,"f:155:4:155:Infinity":12,"b:156:6:156:Infinity:undefined:undefined:undefined:undefined":32,"s:156:6:156:Infinity":80,"s:156:30:156:Infinity":81,"s:159:4:159:Infinity":82,"s:160:4:160:Infinity":83,"s:160:55:163:Infinity":84,"f:160:55:160:Infinity":13,"s:162:6:162:Infinity":85,"s:163:6:163:Infinity":86,"s:165:5:165:19":87,"s:165:18:165:19":88,"s:147:2:165:Infinity":89,"b:165:19:179:Infinity:179:3:179:Infinity":33,"s:165:19:179:Infinity":90,"s:167:28:178:Infinity":91,"f:167:28:167:Infinity":14,"s:168:4:168:Infinity":92,"s:169:24:169:29":93,"b:169:24:169:67:169:24:169:29":34,"b:170:4:170:Infinity:undefined:undefined:undefined:undefined":35,"s:170:4:170:Infinity":94,"s:170:32:170:Infinity":95,"s:171:4:171:Infinity":96,"s:172:4:178:Infinity":97,"s:179:3:179:Infinity":98,"s:167:28:167:Infinity":99,"b:179:3:183:Infinity:183:3:183:Infinity":36,"s:179:3:183:Infinity":100,"s:181:26:182:Infinity":101,"f:181:26:181:Infinity":15,"s:182:4:182:Infinity":102,"s:183:3:183:Infinity":103,"s:181:26:181:Infinity":104,"b:183:3:187:Infinity:187:3:187:Infinity":37,"s:183:3:187:Infinity":105,"s:185:24:186:Infinity":106,"f:185:24:185:Infinity":16,"s:186:4:186:Infinity":107,"s:187:3:187:Infinity":108,"s:185:24:185:Infinity":109,"b:187:3:193:Infinity:193:8:193:Infinity":38,"s:187:3:193:Infinity":110,"s:189:24:193:Infinity":111,"s:193:8:193:Infinity":112,"s:189:24:189:29":113,"b:195:2:196:28:undefined:undefined:undefined:undefined":39,"s:195:2:196:28":114,"b:195:13:196:Infinity:196:62:196:Infinity":40,"s:195:13:196:Infinity":115,"s:196:11:196:Infinity":116,"s:196:62:196:Infinity":117,"s:196:62:196:28":118,"b:199:2:201:23:undefined:undefined:undefined:undefined":41,"s:199:2:201:23":119,"b:199:6:199:16:199:6:199:21":42,"b:199:21:201:Infinity:201:84:201:Infinity":43,"s:199:21:201:Infinity":120,"s:201:6:201:Infinity":121,"s:201:84:201:Infinity":122,"s:201:84:201:23":123,"b:203:3:222:Infinity:222:3:222:Infinity":44,"s:203:3:222:Infinity":124,"s:205:2:220:Infinity":125,"f:205:2:205:Infinity":17,"s:206:4:206:Infinity":126,"s:207:4:207:Infinity":127,"s:208:4:220:Infinity":128,"s:209:18:213:8":129,"b:214:6:215:Infinity:undefined:undefined:undefined:undefined":45,"s:214:6:215:Infinity":130,"s:215:8:215:Infinity":131,"s:215:50:215:Infinity":132,"s:218:6:218:Infinity":133,"s:220:6:220:Infinity":134,"s:222:3:222:Infinity":135,"s:205:2:205:Infinity":136,"b:222:3:225:Infinity:225:94:225:Infinity":46,"s:222:3:225:Infinity":137,"s:225:43:225:Infinity":138,"s:225:94:225:Infinity":139,"b:225:94:243:Infinity:243:8:243:Infinity":47,"s:225:94:243:Infinity":140,"b:225:94:225:Infinity:225:94:225:Infinity:225:94:225:Infinity:225:94:225:Infinity:225:94:225:Infinity:225:94:225:Infinity":48,"b:225:94:243:8:243:7:243:8":49,"s:225:94:243:8":141,"b:225:94:225:Infinity:225:94:225:Infinity:225:94:225:Infinity:225:94:225:Infinity:225:94:225:Infinity":50,"s:226:26:241:Infinity":142,"f:226:26:226:27":18,"s:226:27:226:Infinity":143,"s:227:25:227:39":144,"b:227:25:227:50:227:25:227:39":51,"s:227:50:241:Infinity":145,"b:238:14:238:Infinity:238:35:239:Infinity":52,"b:239:15:239:62:239:15:239:20":53,"s:243:7:243:8":146,"s:226:7:243:Infinity":147,"s:243:8:243:Infinity":148,"b:243:8:245:Infinity:245:67:245:Infinity":54,"s:243:8:245:Infinity":149,"s:245:7:245:Infinity":150,"b:245:7:245:20:245:20:245:Infinity":55,"s:245:67:245:Infinity":151,"b:245:67:266:Infinity:266:7:266:Infinity":56,"s:245:67:266:Infinity":152,"b:245:67:245:Infinity:245:67:245:Infinity:245:67:245:Infinity":57,"s:247:7:266:Infinity":153,"b:247:7:247:Infinity:248:8:266:Infinity":58,"b:254:12:254:65:254:12:254:17":59,"f:254:65:254:71":19,"s:255:12:264:Infinity":154,"f:260:23:260:29":20,"s:260:29:260:107":155,"s:266:7:266:Infinity":156,"b:266:7:267:Infinity:267:10:267:Infinity":60,"s:266:7:267:Infinity":157,"b:266:7:266:Infinity:266:7:266:Infinity:266:7:266:Infinity":61,"s:225:4:247:Infinity":158,"s:267:10:267:Infinity":159,"s:267:10:225:21":160,"b:190:4:190:46:undefined:undefined:undefined:undefined":62,"s:190:4:190:46":161,"s:190:27:190:46":162,"s:191:4:191:Infinity":163,"s:191:31:192:Infinity":164}}}
,"/Users/markus/Projects/owlbear-dev/serve/cockpit/web/src/Shell.css": {"path":"/Users/markus/Projects/owlbear-dev/serve/cockpit/web/src/Shell.css","statementMap":{},"fnMap":{},"branchMap":{},"s":{},"f":{},"b":{},"meta":{"lastBranch":0,"lastFunction":0,"lastStatement":0,"seen":{}}}
,"/Users/markus/Projects/owlbear-dev/serve/cockpit/web/src/Shell.tsx": {"path":"/Users/markus/Projects/owlbear-dev/serve/cockpit/web/src/Shell.tsx","statementMap":{"0":{"start":{"line":10,"column":2},"end":{"line":10,"column":null}},"1":{"start":{"line":13,"column":0},"end":{"line":13,"column":null}},"2":{"start":{"line":14,"column":2},"end":{"line":14,"column":42}},"3":{"start":{"line":15,"column":2},"end":{"line":15,"column":67}},"4":{"start":{"line":15,"column":67},"end":{"line":16,"column":null}},"5":{"start":{"line":16,"column":26},"end":{"line":16,"column":null}},"6":{"start":{"line":16,"column":61},"end":{"line":16,"column":null}},"7":{"start":{"line":16,"column":26},"end":{"line":16,"column":35}},"8":{"start":{"line":17,"column":2},"end":{"line":17,"column":59}},"9":{"start":{"line":18,"column":2},"end":{"line":18,"column":43}},"10":{"start":{"line":19,"column":2},"end":{"line":19,"column":48}},"11":{"start":{"line":20,"column":2},"end":{"line":20,"column":50}},"12":{"start":{"line":20,"column":50},"end":{"line":26,"column":17}},"13":{"start":{"line":22,"column":12},"end":{"line":24,"column":null}},"14":{"start":{"line":23,"column":4},"end":{"line":24,"column":null}},"15":{"start":{"line":24,"column":6},"end":{"line":24,"column":null}},"16":{"start":{"line":26,"column":5},"end":{"line":26,"column":17}},"17":{"start":{"line":26,"column":16},"end":{"line":26,"column":17}},"18":{"start":{"line":22,"column":2},"end":{"line":26,"column":null}},"19":{"start":{"line":26,"column":17},"end":{"line":38,"column":8}},"20":{"start":{"line":28,"column":12},"end":{"line":37,"column":null}},"21":{"start":{"line":29,"column":17},"end":{"line":29,"column":null}},"22":{"start":{"line":30,"column":4},"end":{"line":30,"column":null}},"23":{"start":{"line":30,"column":13},"end":{"line":30,"column":null}},"24":{"start":{"line":31,"column":4},"end":{"line":34,"column":null}},"25":{"start":{"line":32,"column":21},"end":{"line":32,"column":null}},"26":{"start":{"line":33,"column":6},"end":{"line":33,"column":null}},"27":{"start":{"line":34,"column":6},"end":{"line":34,"column":null}},"28":{"start":{"line":36,"column":4},"end":{"line":36,"column":null}},"29":{"start":{"line":36,"column":51},"end":{"line":37,"column":null}},"30":{"start":{"line":37,"column":17},"end":{"line":37,"column":67}},"31":{"start":{"line":38,"column":5},"end":{"line":38,"column":8}},"32":{"start":{"line":38,"column":7},"end":{"line":38,"column":8}},"33":{"start":{"line":28,"column":2},"end":{"line":38,"column":null}},"34":{"start":{"line":38,"column":8},"end":{"line":43,"column":null}},"35":{"start":{"line":43,"column":8},"end":{"line":43,"column":null}},"36":{"start":{"line":43,"column":65},"end":{"line":43,"column":null}},"37":{"start":{"line":43,"column":65},"end":{"line":44,"column":null}},"38":{"start":{"line":44,"column":8},"end":{"line":44,"column":null}},"39":{"start":{"line":44,"column":41},"end":{"line":44,"column":null}},"40":{"start":{"line":44,"column":41},"end":{"line":51,"column":null}},"41":{"start":{"line":45,"column":9},"end":{"line":45,"column":null}},"42":{"start":{"line":51,"column":16},"end":{"line":51,"column":null}},"43":{"start":{"line":51,"column":16},"end":{"line":52,"column":null}},"44":{"start":{"line":42,"column":6},"end":{"line":45,"column":null}},"45":{"start":{"line":52,"column":15},"end":{"line":52,"column":null}},"46":{"start":{"line":52,"column":15},"end":{"line":58,"column":null}},"47":{"start":{"line":53,"column":6},"end":{"line":58,"column":null}},"48":{"start":{"line":58,"column":12},"end":{"line":58,"column":null}},"49":{"start":{"line":58,"column":12},"end":{"line":61,"column":null}},"50":{"start":{"line":61,"column":10},"end":{"line":61,"column":null}},"51":{"start":{"line":61,"column":54},"end":{"line":61,"column":null}},"52":{"start":{"line":61,"column":54},"end":{"line":64,"column":null}},"53":{"start":{"line":59,"column":6},"end":{"line":64,"column":null}},"54":{"start":{"line":64,"column":13},"end":{"line":64,"column":null}},"55":{"start":{"line":64,"column":13},"end":{"line":69,"column":null}},"56":{"start":{"line":67,"column":10},"end":{"line":69,"column":null}},"57":{"start":{"line":69,"column":24},"end":{"line":69,"column":null}},"58":{"start":{"line":69,"column":24},"end":{"line":75,"column":null}},"59":{"start":{"line":65,"column":6},"end":{"line":74,"column":null}},"60":{"start":{"line":75,"column":6},"end":{"line":75,"column":null}},"61":{"start":{"line":75,"column":68},"end":{"line":75,"column":null}},"62":{"start":{"line":75,"column":68},"end":{"line":76,"column":null}},"63":{"start":{"line":41,"column":4},"end":{"line":75,"column":21}},"64":{"start":{"line":76,"column":10},"end":{"line":76,"column":null}},"65":{"start":{"line":76,"column":10},"end":{"line":41,"column":19}},"66":{"start":{"line":13,"column":0},"end":{"line":70,"column":null}},"67":{"start":{"line":13,"column":0},"end":{"line":67,"column":null}}},"fnMap":{"0":{"name":"isHealthBadgeItem","decl":{"start":{"line":9,"column":9},"end":{"line":9,"column":27}},"loc":{"start":{"line":9,"column":75},"end":{"line":10,"column":null}},"line":9},"1":{"name":"Shell","decl":{"start":{"line":13,"column":0},"end":{"line":13,"column":null}},"loc":{"start":{"line":13,"column":0},"end":{"line":41,"column":19}},"line":13},"2":{"name":"(anonymous_2)","decl":{"start":{"line":22,"column":12},"end":{"line":22,"column":null}},"loc":{"start":{"line":22,"column":12},"end":{"line":24,"column":null}},"line":22},"3":{"name":"(anonymous_3)","decl":{"start":{"line":28,"column":12},"end":{"line":28,"column":null}},"loc":{"start":{"line":28,"column":12},"end":{"line":37,"column":null}},"line":28},"4":{"name":"(anonymous_4)","decl":{"start":{"line":31,"column":4},"end":{"line":31,"column":24}},"loc":{"start":{"line":31,"column":24},"end":{"line":34,"column":null}},"line":31},"5":{"name":"(anonymous_5)","decl":{"start":{"line":36,"column":51},"end":{"line":36,"column":null}},"loc":{"start":{"line":37,"column":17},"end":{"line":37,"column":67}},"line":37}},"branchMap":{"0":{"loc":{"start":{"line":10,"column":9},"end":{"line":10,"column":null}},"type":"binary-expr","locations":[{"start":{"line":10,"column":9},"end":{"line":10,"column":31}},{"start":{"line":10,"column":31},"end":{"line":10,"column":55}},{"start":{"line":10,"column":55},"end":{"line":10,"column":null}}],"line":10},"1":{"loc":{"start":{"line":15,"column":67},"end":{"line":16,"column":null}},"type":"if","locations":[{"start":{"line":15,"column":67},"end":{"line":16,"column":null}},{"start":{"line":16,"column":61},"end":{"line":16,"column":null}}],"line":15},"2":{"loc":{"start":{"line":20,"column":50},"end":{"line":26,"column":17}},"type":"if","locations":[{"start":{"line":20,"column":50},"end":{"line":26,"column":17}},{"start":{"line":26,"column":16},"end":{"line":26,"column":17}}],"line":20},"3":{"loc":{"start":{"line":23,"column":4},"end":{"line":24,"column":null}},"type":"if","locations":[{"start":{"line":23,"column":4},"end":{"line":24,"column":null}},{"start":{},"end":{}}],"line":23},"4":{"loc":{"start":{"line":26,"column":17},"end":{"line":38,"column":8}},"type":"if","locations":[{"start":{"line":26,"column":17},"end":{"line":38,"column":8}},{"start":{"line":38,"column":7},"end":{"line":38,"column":8}}],"line":26},"5":{"loc":{"start":{"line":30,"column":4},"end":{"line":30,"column":null}},"type":"if","locations":[{"start":{"line":30,"column":4},"end":{"line":30,"column":null}},{"start":{},"end":{}}],"line":30},"6":{"loc":{"start":{"line":38,"column":8},"end":{"line":43,"column":null}},"type":"if","locations":[{"start":{"line":38,"column":8},"end":{"line":43,"column":null}},{"start":{"line":43,"column":65},"end":{"line":43,"column":null}}],"line":38},"7":{"loc":{"start":{"line":43,"column":65},"end":{"line":44,"column":null}},"type":"if","locations":[{"start":{"line":43,"column":65},"end":{"line":44,"column":null}},{"start":{"line":44,"column":41},"end":{"line":44,"column":null}}],"line":43},"8":{"loc":{"start":{"line":44,"column":41},"end":{"line":51,"column":null}},"type":"if","locations":[{"start":{"line":44,"column":41},"end":{"line":51,"column":null}},{"start":{"line":51,"column":16},"end":{"line":51,"column":null}}],"line":44},"9":{"loc":{"start":{"line":44,"column":41},"end":{"line":44,"column":null}},"type":"binary-expr","locations":[{"start":{"line":44,"column":41},"end":{"line":44,"column":null}},{"start":{"line":44,"column":41},"end":{"line":44,"column":null}},{"start":{"line":44,"column":41},"end":{"line":44,"column":null}}],"line":44},"10":{"loc":{"start":{"line":45,"column":9},"end":{"line":45,"column":null}},"type":"cond-expr","locations":[{"start":{"line":46,"column":10},"end":{"line":45,"column":null}},{"start":{"line":45,"column":9},"end":{"line":45,"column":null}}],"line":45},"11":{"loc":{"start":{"line":51,"column":16},"end":{"line":52,"column":null}},"type":"if","locations":[{"start":{"line":51,"column":16},"end":{"line":52,"column":null}},{"start":{"line":52,"column":15},"end":{"line":52,"column":null}}],"line":51},"12":{"loc":{"start":{"line":51,"column":16},"end":{"line":51,"column":null}},"type":"binary-expr","locations":[{"start":{"line":51,"column":16},"end":{"line":51,"column":null}},{"start":{"line":51,"column":16},"end":{"line":51,"column":null}}],"line":51},"13":{"loc":{"start":{"line":52,"column":15},"end":{"line":58,"column":null}},"type":"if","locations":[{"start":{"line":52,"column":15},"end":{"line":58,"column":null}},{"start":{"line":58,"column":12},"end":{"line":58,"column":null}}],"line":52},"14":{"loc":{"start":{"line":58,"column":12},"end":{"line":61,"column":null}},"type":"if","locations":[{"start":{"line":58,"column":12},"end":{"line":61,"column":null}},{"start":{"line":61,"column":54},"end":{"line":61,"column":null}}],"line":58},"15":{"loc":{"start":{"line":61,"column":54},"end":{"line":64,"column":null}},"type":"if","locations":[{"start":{"line":61,"column":54},"end":{"line":64,"column":null}},{"start":{"line":64,"column":13},"end":{"line":64,"column":null}}],"line":61},"16":{"loc":{"start":{"line":64,"column":13},"end":{"line":69,"column":null}},"type":"if","locations":[{"start":{"line":64,"column":13},"end":{"line":69,"column":null}},{"start":{"line":69,"column":24},"end":{"line":69,"column":null}}],"line":64},"17":{"loc":{"start":{"line":69,"column":24},"end":{"line":75,"column":null}},"type":"if","locations":[{"start":{"line":69,"column":24},"end":{"line":75,"column":null}},{"start":{"line":75,"column":68},"end":{"line":75,"column":null}}],"line":69},"18":{"loc":{"start":{"line":75,"column":68},"end":{"line":76,"column":null}},"type":"if","locations":[{"start":{"line":75,"column":68},"end":{"line":76,"column":null}},{"start":{"line":76,"column":10},"end":{"line":76,"column":null}}],"line":75}},"s":{"0":18,"1":43,"2":43,"3":43,"4":43,"5":24,"6":19,"7":43,"8":43,"9":43,"10":43,"11":43,"12":43,"13":22,"14":22,"15":19,"16":22,"17":21,"18":43,"19":43,"20":21,"21":21,"22":21,"23":0,"24":21,"25":0,"26":0,"27":0,"28":21,"29":21,"30":21,"31":21,"32":22,"33":43,"34":43,"35":21,"36":22,"37":43,"38":21,"39":22,"40":43,"41":43,"42":0,"43":43,"44":42,"45":1,"46":43,"47":21,"48":22,"49":43,"50":21,"51":22,"52":43,"53":21,"54":22,"55":43,"56":21,"57":22,"58":43,"59":21,"60":21,"61":22,"62":43,"63":42,"64":1,"65":43,"66":42,"67":42},"f":{"0":18,"1":127,"2":22,"3":21,"4":0,"5":21},"b":{"0":[18,14,11],"1":[24,19],"2":[22,21],"3":[19,3],"4":[21,22],"5":[0,21],"6":[21,22],"7":[21,22],"8":[43,0],"9":[43,3,0],"10":[21,22],"11":[42,1],"12":[43,22],"13":[21,22],"14":[21,22],"15":[21,22],"16":[21,22],"17":[21,22],"18":[42,1]},"meta":{"lastBranch":19,"lastFunction":6,"lastStatement":68,"seen":{"f:9:9:9:27":0,"s:10:2:10:Infinity":0,"b:10:9:10:31:10:31:10:55:10:55:10:Infinity":0,"f:13:0:13:Infinity":1,"s:13:0:13:Infinity":1,"s:14:2:14:42":2,"s:15:2:15:67":3,"b:15:67:16:Infinity:16:61:16:Infinity":1,"s:15:67:16:Infinity":4,"s:16:26:16:Infinity":5,"s:16:61:16:Infinity":6,"s:16:26:16:35":7,"s:17:2:17:59":8,"s:18:2:18:43":9,"s:19:2:19:48":10,"s:20:2:20:50":11,"b:20:50:26:17:26:16:26:17":2,"s:20:50:26:17":12,"s:22:12:24:Infinity":13,"f:22:12:22:Infinity":2,"b:23:4:24:Infinity:undefined:undefined:undefined:undefined":3,"s:23:4:24:Infinity":14,"s:24:6:24:Infinity":15,"s:26:5:26:17":16,"s:26:16:26:17":17,"s:22:2:26:Infinity":18,"b:26:17:38:8:38:7:38:8":4,"s:26:17:38:8":19,"s:28:12:37:Infinity":20,"f:28:12:28:Infinity":3,"s:29:17:29:Infinity":21,"b:30:4:30:Infinity:undefined:undefined:undefined:undefined":5,"s:30:4:30:Infinity":22,"s:30:13:30:Infinity":23,"s:31:4:34:Infinity":24,"f:31:4:31:24":4,"s:32:21:32:Infinity":25,"s:33:6:33:Infinity":26,"s:34:6:34:Infinity":27,"s:36:4:36:Infinity":28,"s:36:51:37:Infinity":29,"f:36:51:36:Infinity":5,"s:37:17:37:67":30,"s:38:5:38:8":31,"s:38:7:38:8":32,"s:28:2:38:Infinity":33,"b:38:8:43:Infinity:43:65:43:Infinity":6,"s:38:8:43:Infinity":34,"s:43:8:43:Infinity":35,"s:43:65:43:Infinity":36,"b:43:65:44:Infinity:44:41:44:Infinity":7,"s:43:65:44:Infinity":37,"s:44:8:44:Infinity":38,"s:44:41:44:Infinity":39,"b:44:41:51:Infinity:51:16:51:Infinity":8,"s:44:41:51:Infinity":40,"b:44:41:44:Infinity:44:41:44:Infinity:44:41:44:Infinity":9,"s:45:9:45:Infinity":41,"b:46:10:45:Infinity:45:9:45:Infinity":10,"s:51:16:51:Infinity":42,"b:51:16:52:Infinity:52:15:52:Infinity":11,"s:51:16:52:Infinity":43,"b:51:16:51:Infinity:51:16:51:Infinity":12,"s:42:6:45:Infinity":44,"s:52:15:52:Infinity":45,"b:52:15:58:Infinity:58:12:58:Infinity":13,"s:52:15:58:Infinity":46,"s:53:6:58:Infinity":47,"s:58:12:58:Infinity":48,"b:58:12:61:Infinity:61:54:61:Infinity":14,"s:58:12:61:Infinity":49,"s:61:10:61:Infinity":50,"s:61:54:61:Infinity":51,"b:61:54:64:Infinity:64:13:64:Infinity":15,"s:61:54:64:Infinity":52,"s:59:6:64:Infinity":53,"s:64:13:64:Infinity":54,"b:64:13:69:Infinity:69:24:69:Infinity":16,"s:64:13:69:Infinity":55,"s:67:10:69:Infinity":56,"s:69:24:69:Infinity":57,"b:69:24:75:Infinity:75:68:75:Infinity":17,"s:69:24:75:Infinity":58,"s:65:6:74:Infinity":59,"s:75:6:75:Infinity":60,"s:75:68:75:Infinity":61,"b:75:68:76:Infinity:76:10:76:Infinity":18,"s:75:68:76:Infinity":62,"s:41:4:75:21":63,"s:76:10:76:Infinity":64,"s:76:10:41:19":65,"s:13:0:70:Infinity":66,"s:13:0:67:Infinity":67}}}
,"/Users/markus/Projects/owlbear-dev/serve/cockpit/web/src/api/repair.ts": {"path":"/Users/markus/Projects/owlbear-dev/serve/cockpit/web/src/api/repair.ts","statementMap":{"0":{"start":{"line":10,"column":2},"end":{"line":34,"column":null}},"1":{"start":{"line":11,"column":21},"end":{"line":11,"column":73}},"2":{"start":{"line":12,"column":4},"end":{"line":13,"column":null}},"3":{"start":{"line":13,"column":6},"end":{"line":13,"column":null}},"4":{"start":{"line":15,"column":4},"end":{"line":15,"column":null}},"5":{"start":{"line":17,"column":4},"end":{"line":18,"column":null}},"6":{"start":{"line":18,"column":6},"end":{"line":18,"column":null}},"7":{"start":{"line":21,"column":4},"end":{"line":28,"column":null}},"8":{"start":{"line":22,"column":6},"end":{"line":25,"column":null}},"9":{"start":{"line":23,"column":8},"end":{"line":23,"column":null}},"10":{"start":{"line":25,"column":8},"end":{"line":25,"column":null}},"11":{"start":{"line":28,"column":6},"end":{"line":28,"column":null}},"12":{"start":{"line":30,"column":25},"end":{"line":30,"column":70}},"13":{"start":{"line":33,"column":4},"end":{"line":33,"column":null}},"14":{"start":{"line":34,"column":4},"end":{"line":34,"column":null}}},"fnMap":{"0":{"name":"repairStorage","decl":{"start":{"line":9,"column":22},"end":{"line":9,"column":64}},"loc":{"start":{"line":9,"column":64},"end":{"line":34,"column":null}},"line":9}},"branchMap":{"0":{"loc":{"start":{"line":12,"column":4},"end":{"line":13,"column":null}},"type":"if","locations":[{"start":{"line":12,"column":4},"end":{"line":13,"column":null}},{"start":{},"end":{}}],"line":12},"1":{"loc":{"start":{"line":17,"column":4},"end":{"line":18,"column":null}},"type":"if","locations":[{"start":{"line":17,"column":4},"end":{"line":18,"column":null}},{"start":{},"end":{}}],"line":17},"2":{"loc":{"start":{"line":21,"column":4},"end":{"line":28,"column":null}},"type":"if","locations":[{"start":{"line":21,"column":4},"end":{"line":28,"column":null}},{"start":{"line":27,"column":11},"end":{"line":28,"column":null}}],"line":21},"3":{"loc":{"start":{"line":21,"column":8},"end":{"line":21,"column":53}},"type":"binary-expr","locations":[{"start":{"line":21,"column":8},"end":{"line":21,"column":37}},{"start":{"line":21,"column":37},"end":{"line":21,"column":53}}],"line":21},"4":{"loc":{"start":{"line":23,"column":17},"end":{"line":23,"column":null}},"type":"binary-expr","locations":[{"start":{"line":23,"column":17},"end":{"line":23,"column":38}},{"start":{"line":23,"column":42},"end":{"line":23,"column":null}}],"line":23}},"s":{"0":0,"1":0,"2":0,"3":0,"4":0,"5":0,"6":0,"7":0,"8":0,"9":0,"10":0,"11":0,"12":0,"13":0,"14":0},"f":{"0":0},"b":{"0":[0,0],"1":[0,0],"2":[0,0],"3":[0,0],"4":[0,0]},"meta":{"lastBranch":5,"lastFunction":1,"lastStatement":15,"seen":{"f:9:22:9:64":0,"s:10:2:34:Infinity":0,"s:11:21:11:73":1,"b:12:4:13:Infinity:undefined:undefined:undefined:undefined":0,"s:12:4:13:Infinity":2,"s:13:6:13:Infinity":3,"s:15:4:15:Infinity":4,"b:17:4:18:Infinity:undefined:undefined:undefined:undefined":1,"s:17:4:18:Infinity":5,"s:18:6:18:Infinity":6,"b:21:4:28:Infinity:27:11:28:Infinity":2,"s:21:4:28:Infinity":7,"b:21:8:21:37:21:37:21:53":3,"s:22:6:25:Infinity":8,"s:23:8:23:Infinity":9,"b:23:17:23:38:23:42:23:Infinity":4,"s:25:8:25:Infinity":10,"s:28:6:28:Infinity":11,"s:30:25:30:70":12,"s:33:4:33:Infinity":13,"s:34:4:34:Infinity":14}}}
,"/Users/markus/Projects/owlbear-dev/serve/cockpit/web/src/components/HealthBadge.tsx": {"path":"/Users/markus/Projects/owlbear-dev/serve/cockpit/web/src/components/HealthBadge.tsx","statementMap":{"0":{"start":{"line":16,"column":15},"end":{"line":16,"column":36}},"1":{"start":{"line":16,"column":36},"end":{"line":16,"column":45}},"2":{"start":{"line":16,"column":45},"end":{"line":16,"column":null}},"3":{"start":{"line":17,"column":2},"end":{"line":17,"column":45}},"4":{"start":{"line":18,"column":21},"end":{"line":18,"column":null}},"5":{"start":{"line":19,"column":20},"end":{"line":19,"column":null}},"6":{"start":{"line":20,"column":17},"end":{"line":20,"column":null}},"7":{"start":{"line":21,"column":20},"end":{"line":21,"column":null}},"8":{"start":{"line":22,"column":16},"end":{"line":22,"column":57}},"9":{"start":{"line":22,"column":57},"end":{"line":32,"column":null}},"10":{"start":{"line":32,"column":17},"end":{"line":32,"column":null}},"11":{"start":{"line":32,"column":23},"end":{"line":32,"column":46}},"12":{"start":{"line":32,"column":55},"end":{"line":32,"column":null}},"13":{"start":{"line":32,"column":55},"end":{"line":35,"column":null}},"14":{"start":{"line":26,"column":6},"end":{"line":34,"column":null}},"15":{"start":{"line":35,"column":15},"end":{"line":35,"column":null}},"16":{"start":{"line":35,"column":15},"end":{"line":55,"column":null}},"17":{"start":{"line":36,"column":7},"end":{"line":36,"column":null}},"18":{"start":{"line":55,"column":14},"end":{"line":55,"column":null}},"19":{"start":{"line":55,"column":14},"end":{"line":56,"column":null}},"20":{"start":{"line":25,"column":4},"end":{"line":56,"column":null}},"21":{"start":{"line":56,"column":10},"end":{"line":56,"column":null}},"22":{"start":{"line":56,"column":10},"end":{"line":25,"column":null}},"23":{"start":{"line":16,"column":15},"end":{"line":47,"column":null}},"24":{"start":{"line":16,"column":15},"end":{"line":32,"column":55}}},"fnMap":{"0":{"name":"HealthBadge","decl":{"start":{"line":16,"column":15},"end":{"line":16,"column":36}},"loc":{"start":{"line":16,"column":15},"end":{"line":25,"column":null}},"line":16},"1":{"name":"(anonymous_1)","decl":{"start":{"line":32,"column":17},"end":{"line":32,"column":23}},"loc":{"start":{"line":32,"column":23},"end":{"line":32,"column":46}},"line":32}},"branchMap":{"0":{"loc":{"start":{"line":16,"column":45},"end":{"line":16,"column":null}},"type":"cond-expr","locations":[{"start":{"line":16,"column":45},"end":{"line":16,"column":null}},{"start":{"line":16,"column":45},"end":{"line":16,"column":null}}],"line":16},"1":{"loc":{"start":{"line":20,"column":17},"end":{"line":20,"column":null}},"type":"cond-expr","locations":[{"start":{"line":20,"column":17},"end":{"line":20,"column":null}},{"start":{"line":20,"column":17},"end":{"line":20,"column":null}}],"line":20},"2":{"loc":{"start":{"line":21,"column":20},"end":{"line":21,"column":null}},"type":"cond-expr","locations":[{"start":{"line":21,"column":20},"end":{"line":21,"column":58}},{"start":{"line":21,"column":20},"end":{"line":21,"column":null}}],"line":21},"3":{"loc":{"start":{"line":22,"column":16},"end":{"line":22,"column":57}},"type":"cond-expr","locations":[{"start":{"line":22,"column":16},"end":{"line":22,"column":38}},{"start":{"line":22,"column":16},"end":{"line":22,"column":57}}],"line":22},"4":{"loc":{"start":{"line":22,"column":57},"end":{"line":32,"column":null}},"type":"if","locations":[{"start":{"line":22,"column":57},"end":{"line":32,"column":null}},{"start":{"line":32,"column":55},"end":{"line":32,"column":null}}],"line":22},"5":{"loc":{"start":{"line":32,"column":55},"end":{"line":35,"column":null}},"type":"if","locations":[{"start":{"line":32,"column":55},"end":{"line":35,"column":null}},{"start":{"line":35,"column":15},"end":{"line":35,"column":null}}],"line":32},"6":{"loc":{"start":{"line":32,"column":55},"end":{"line":32,"column":null}},"type":"binary-expr","locations":[{"start":{"line":32,"column":55},"end":{"line":32,"column":null}},{"start":{"line":32,"column":55},"end":{"line":32,"column":null}},{"start":{"line":32,"column":55},"end":{"line":32,"column":null}}],"line":32},"7":{"loc":{"start":{"line":35,"column":15},"end":{"line":55,"column":null}},"type":"if","locations":[{"start":{"line":35,"column":15},"end":{"line":55,"column":null}},{"start":{"line":55,"column":14},"end":{"line":55,"column":null}}],"line":35},"8":{"loc":{"start":{"line":35,"column":15},"end":{"line":35,"column":null}},"type":"binary-expr","locations":[{"start":{"line":35,"column":15},"end":{"line":35,"column":null}},{"start":{"line":35,"column":15},"end":{"line":35,"column":null}},{"start":{"line":35,"column":15},"end":{"line":35,"column":null}},{"start":{"line":35,"column":15},"end":{"line":35,"column":null}}],"line":35},"9":{"loc":{"start":{"line":36,"column":7},"end":{"line":36,"column":null}},"type":"cond-expr","locations":[{"start":{"line":37,"column":8},"end":{"line":36,"column":null}},{"start":{"line":36,"column":7},"end":{"line":36,"column":null}}],"line":36},"10":{"loc":{"start":{"line":38,"column":11},"end":{"line":51,"column":29}},"type":"cond-expr","locations":[{"start":{"line":39,"column":12},"end":{"line":41,"column":null}},{"start":{"line":41,"column":12},"end":{"line":51,"column":29}}],"line":38},"11":{"loc":{"start":{"line":51,"column":11},"end":{"line":51,"column":29}},"type":"cond-expr","locations":[{"start":{"line":52,"column":12},"end":{"line":51,"column":29}},{"start":{"line":51,"column":11},"end":{"line":51,"column":29}}],"line":51},"12":{"loc":{"start":{"line":55,"column":14},"end":{"line":56,"column":null}},"type":"if","locations":[{"start":{"line":55,"column":14},"end":{"line":56,"column":null}},{"start":{"line":56,"column":10},"end":{"line":56,"column":null}}],"line":55},"13":{"loc":{"start":{"line":55,"column":14},"end":{"line":55,"column":null}},"type":"binary-expr","locations":[{"start":{"line":55,"column":14},"end":{"line":55,"column":null}},{"start":{"line":55,"column":14},"end":{"line":55,"column":null}}],"line":55}},"s":{"0":35,"1":35,"2":35,"3":35,"4":35,"5":35,"6":35,"7":35,"8":35,"9":35,"10":26,"11":7,"12":9,"13":35,"14":28,"15":7,"16":35,"17":35,"18":0,"19":35,"20":35,"21":0,"22":35,"23":8,"24":7},"f":{"0":50,"1":7},"b":{"0":[0,35],"1":[14,21],"2":[14,21],"3":[14,21],"4":[26,9],"5":[28,7],"6":[35,7,7],"7":[35,0],"8":[35,7,0,0],"9":[7,28],"10":[0,7],"11":[6,1],"12":[35,0],"13":[35,7]},"meta":{"lastBranch":14,"lastFunction":2,"lastStatement":25,"seen":{"f:16:15:16:36":0,"s:16:15:16:36":0,"s:16:36:16:45":1,"s:16:45:16:Infinity":2,"b:16:45:16:Infinity:16:45:16:Infinity":0,"s:17:2:17:45":3,"s:18:21:18:Infinity":4,"s:19:20:19:Infinity":5,"s:20:17:20:Infinity":6,"b:20:17:20:Infinity:20:17:20:Infinity":1,"s:21:20:21:Infinity":7,"b:21:20:21:58:21:20:21:Infinity":2,"s:22:16:22:57":8,"b:22:16:22:38:22:16:22:57":3,"b:22:57:32:Infinity:32:55:32:Infinity":4,"s:22:57:32:Infinity":9,"s:32:17:32:Infinity":10,"f:32:17:32:23":1,"s:32:23:32:46":11,"s:32:55:32:Infinity":12,"b:32:55:35:Infinity:35:15:35:Infinity":5,"s:32:55:35:Infinity":13,"b:32:55:32:Infinity:32:55:32:Infinity:32:55:32:Infinity":6,"s:26:6:34:Infinity":14,"s:35:15:35:Infinity":15,"b:35:15:55:Infinity:55:14:55:Infinity":7,"s:35:15:55:Infinity":16,"b:35:15:35:Infinity:35:15:35:Infinity:35:15:35:Infinity:35:15:35:Infinity":8,"s:36:7:36:Infinity":17,"b:37:8:36:Infinity:36:7:36:Infinity":9,"b:39:12:41:Infinity:41:12:51:29":10,"b:52:12:51:29:51:11:51:29":11,"s:55:14:55:Infinity":18,"b:55:14:56:Infinity:56:10:56:Infinity":12,"s:55:14:56:Infinity":19,"b:55:14:55:Infinity:55:14:55:Infinity":13,"s:25:4:56:Infinity":20,"s:56:10:56:Infinity":21,"s:56:10:25:Infinity":22,"s:16:15:47:Infinity":23,"s:16:15:32:55":24}}}
,"/Users/markus/Projects/owlbear-dev/serve/cockpit/web/src/components/RepairPanel.tsx": {"path":"/Users/markus/Projects/owlbear-dev/serve/cockpit/web/src/components/RepairPanel.tsx","statementMap":{"0":{"start":{"line":11,"column":2},"end":{"line":16,"column":null}},"1":{"start":{"line":12,"column":4},"end":{"line":16,"column":4}},"2":{"start":{"line":19,"column":15},"end":{"line":19,"column":36}},"3":{"start":{"line":19,"column":36},"end":{"line":19,"column":84}},"4":{"start":{"line":19,"column":84},"end":{"line":29,"column":34}},"5":{"start":{"line":29,"column":20},"end":{"line":29,"column":34}},"6":{"start":{"line":29,"column":33},"end":{"line":29,"column":34}},"7":{"start":{"line":20,"column":2},"end":{"line":29,"column":33}},"8":{"start":{"line":31,"column":2},"end":{"line":33,"column":null}},"9":{"start":{"line":31,"column":28},"end":{"line":41,"column":null}},"10":{"start":{"line":38,"column":8},"end":{"line":41,"column":null}},"11":{"start":{"line":41,"column":16},"end":{"line":41,"column":null}},"12":{"start":{"line":41,"column":16},"end":{"line":49,"column":null}},"13":{"start":{"line":42,"column":8},"end":{"line":49,"column":null}},"14":{"start":{"line":45,"column":17},"end":{"line":45,"column":null}},"15":{"start":{"line":49,"column":18},"end":{"line":49,"column":null}},"16":{"start":{"line":49,"column":18},"end":{"line":52,"column":null}},"17":{"start":{"line":50,"column":8},"end":{"line":52,"column":null}},"18":{"start":{"line":52,"column":18},"end":{"line":52,"column":null}},"19":{"start":{"line":52,"column":18},"end":{"line":53,"column":null}},"20":{"start":{"line":33,"column":6},"end":{"line":50,"column":9}},"21":{"start":{"line":53,"column":12},"end":{"line":53,"column":null}},"22":{"start":{"line":53,"column":12},"end":{"line":33,"column":null}},"23":{"start":{"line":57,"column":2},"end":{"line":59,"column":23}},"24":{"start":{"line":57,"column":27},"end":{"line":62,"column":null}},"25":{"start":{"line":59,"column":6},"end":{"line":62,"column":12}},"26":{"start":{"line":62,"column":12},"end":{"line":62,"column":null}},"27":{"start":{"line":62,"column":12},"end":{"line":59,"column":23}},"28":{"start":{"line":66,"column":2},"end":{"line":69,"column":null}},"29":{"start":{"line":67,"column":20},"end":{"line":67,"column":58}},"30":{"start":{"line":67,"column":58},"end":{"line":71,"column":null}},"31":{"start":{"line":71,"column":10},"end":{"line":71,"column":null}},"32":{"start":{"line":71,"column":48},"end":{"line":71,"column":null}},"33":{"start":{"line":71,"column":48},"end":{"line":72,"column":null}},"34":{"start":{"line":72,"column":15},"end":{"line":72,"column":null}},"35":{"start":{"line":72,"column":47},"end":{"line":72,"column":null}},"36":{"start":{"line":72,"column":47},"end":{"line":73,"column":null}},"37":{"start":{"line":70,"column":8},"end":{"line":73,"column":18}},"38":{"start":{"line":73,"column":18},"end":{"line":73,"column":null}},"39":{"start":{"line":73,"column":18},"end":{"line":75,"column":null}},"40":{"start":{"line":75,"column":10},"end":{"line":75,"column":null}},"41":{"start":{"line":75,"column":54},"end":{"line":75,"column":null}},"42":{"start":{"line":75,"column":54},"end":{"line":76,"column":null}},"43":{"start":{"line":76,"column":15},"end":{"line":76,"column":null}},"44":{"start":{"line":76,"column":53},"end":{"line":76,"column":null}},"45":{"start":{"line":76,"column":53},"end":{"line":77,"column":null}},"46":{"start":{"line":74,"column":8},"end":{"line":77,"column":18}},"47":{"start":{"line":77,"column":18},"end":{"line":77,"column":null}},"48":{"start":{"line":77,"column":18},"end":{"line":79,"column":null}},"49":{"start":{"line":79,"column":10},"end":{"line":79,"column":null}},"50":{"start":{"line":79,"column":49},"end":{"line":79,"column":null}},"51":{"start":{"line":79,"column":49},"end":{"line":80,"column":null}},"52":{"start":{"line":80,"column":15},"end":{"line":80,"column":null}},"53":{"start":{"line":80,"column":48},"end":{"line":80,"column":null}},"54":{"start":{"line":80,"column":48},"end":{"line":81,"column":null}},"55":{"start":{"line":78,"column":8},"end":{"line":81,"column":18}},"56":{"start":{"line":81,"column":18},"end":{"line":81,"column":null}},"57":{"start":{"line":81,"column":18},"end":{"line":84,"column":null}},"58":{"start":{"line":82,"column":8},"end":{"line":84,"column":null}},"59":{"start":{"line":84,"column":18},"end":{"line":84,"column":null}},"60":{"start":{"line":84,"column":18},"end":{"line":85,"column":null}},"61":{"start":{"line":69,"column":6},"end":{"line":85,"column":null}},"62":{"start":{"line":85,"column":12},"end":{"line":85,"column":null}},"63":{"start":{"line":85,"column":12},"end":{"line":69,"column":null}},"64":{"start":{"line":89,"column":2},"end":{"line":91,"column":null}},"65":{"start":{"line":89,"column":23},"end":{"line":92,"column":null}},"66":{"start":{"line":92,"column":8},"end":{"line":92,"column":null}},"67":{"start":{"line":92,"column":57},"end":{"line":92,"column":null}},"68":{"start":{"line":92,"column":57},"end":{"line":95,"column":null}},"69":{"start":{"line":93,"column":8},"end":{"line":95,"column":null}},"70":{"start":{"line":95,"column":18},"end":{"line":95,"column":null}},"71":{"start":{"line":95,"column":18},"end":{"line":96,"column":null}},"72":{"start":{"line":91,"column":6},"end":{"line":96,"column":null}},"73":{"start":{"line":96,"column":12},"end":{"line":96,"column":null}},"74":{"start":{"line":96,"column":12},"end":{"line":91,"column":null}},"75":{"start":{"line":100,"column":2},"end":{"line":101,"column":null}},"76":{"start":{"line":100,"column":26},"end":{"line":101,"column":null}},"77":{"start":{"line":102,"column":3},"end":{"line":110,"column":null}},"78":{"start":{"line":105,"column":4},"end":{"line":110,"column":null}},"79":{"start":{"line":107,"column":21},"end":{"line":107,"column":50}},"80":{"start":{"line":110,"column":14},"end":{"line":110,"column":null}},"81":{"start":{"line":110,"column":14},"end":{"line":105,"column":5}}},"fnMap":{"0":{"name":"renderOutcomeRows","decl":{"start":{"line":10,"column":9},"end":{"line":10,"column":27}},"loc":{"start":{"line":10,"column":54},"end":{"line":16,"column":null}},"line":10},"1":{"name":"(anonymous_1)","decl":{"start":{"line":11,"column":18},"end":{"line":11,"column":23}},"loc":{"start":{"line":12,"column":4},"end":{"line":16,"column":4}},"line":12},"2":{"name":"RepairPanel","decl":{"start":{"line":19,"column":15},"end":{"line":19,"column":36}},"loc":{"start":{"line":19,"column":15},"end":{"line":105,"column":5}},"line":19},"3":{"name":"(anonymous_3)","decl":{"start":{"line":44,"column":19},"end":{"line":44,"column":null}},"loc":{"start":{"line":44,"column":19},"end":{"line":45,"column":null}},"line":44},"4":{"name":"(anonymous_4)","decl":{"start":{"line":107,"column":15},"end":{"line":107,"column":21}},"loc":{"start":{"line":107,"column":21},"end":{"line":107,"column":50}},"line":107}},"branchMap":{"0":{"loc":{"start":{"line":14,"column":7},"end":{"line":14,"column":null}},"type":"cond-expr","locations":[{"start":{"line":14,"column":33},"end":{"line":14,"column":null}},{"start":{"line":14,"column":65},"end":{"line":14,"column":null}}],"line":14},"1":{"loc":{"start":{"line":19,"column":84},"end":{"line":29,"column":34}},"type":"if","locations":[{"start":{"line":19,"column":84},"end":{"line":29,"column":34}},{"start":{"line":29,"column":33},"end":{"line":29,"column":34}}],"line":19},"2":{"loc":{"start":{"line":31,"column":2},"end":{"line":33,"column":null}},"type":"if","locations":[{"start":{"line":31,"column":2},"end":{"line":33,"column":null}},{"start":{},"end":{}}],"line":31},"3":{"loc":{"start":{"line":31,"column":28},"end":{"line":41,"column":null}},"type":"if","locations":[{"start":{"line":31,"column":28},"end":{"line":41,"column":null}},{"start":{"line":41,"column":16},"end":{"line":41,"column":null}}],"line":31},"4":{"loc":{"start":{"line":41,"column":16},"end":{"line":49,"column":null}},"type":"if","locations":[{"start":{"line":41,"column":16},"end":{"line":49,"column":null}},{"start":{"line":49,"column":18},"end":{"line":49,"column":null}}],"line":41},"5":{"loc":{"start":{"line":49,"column":18},"end":{"line":52,"column":null}},"type":"if","locations":[{"start":{"line":49,"column":18},"end":{"line":52,"column":null}},{"start":{"line":52,"column":18},"end":{"line":52,"column":null}}],"line":49},"6":{"loc":{"start":{"line":52,"column":18},"end":{"line":53,"column":null}},"type":"if","locations":[{"start":{"line":52,"column":18},"end":{"line":53,"column":null}},{"start":{"line":53,"column":12},"end":{"line":53,"column":null}}],"line":52},"7":{"loc":{"start":{"line":52,"column":18},"end":{"line":52,"column":null}},"type":"binary-expr","locations":[{"start":{"line":52,"column":18},"end":{"line":52,"column":null}},{"start":{"line":52,"column":18},"end":{"line":52,"column":null}},{"start":{"line":52,"column":18},"end":{"line":52,"column":null}}],"line":52},"8":{"loc":{"start":{"line":57,"column":2},"end":{"line":59,"column":23}},"type":"if","locations":[{"start":{"line":57,"column":2},"end":{"line":59,"column":23}},{"start":{},"end":{}}],"line":57},"9":{"loc":{"start":{"line":57,"column":27},"end":{"line":62,"column":null}},"type":"if","locations":[{"start":{"line":57,"column":27},"end":{"line":62,"column":null}},{"start":{"line":62,"column":12},"end":{"line":62,"column":null}}],"line":57},"10":{"loc":{"start":{"line":66,"column":2},"end":{"line":69,"column":null}},"type":"if","locations":[{"start":{"line":66,"column":2},"end":{"line":69,"column":null}},{"start":{},"end":{}}],"line":66},"11":{"loc":{"start":{"line":67,"column":58},"end":{"line":71,"column":null}},"type":"if","locations":[{"start":{"line":67,"column":58},"end":{"line":71,"column":null}},{"start":{"line":71,"column":48},"end":{"line":71,"column":null}}],"line":67},"12":{"loc":{"start":{"line":71,"column":48},"end":{"line":72,"column":null}},"type":"if","locations":[{"start":{"line":71,"column":48},"end":{"line":72,"column":null}},{"start":{"line":72,"column":47},"end":{"line":72,"column":null}}],"line":71},"13":{"loc":{"start":{"line":72,"column":47},"end":{"line":73,"column":null}},"type":"if","locations":[{"start":{"line":72,"column":47},"end":{"line":73,"column":null}},{"start":{"line":73,"column":18},"end":{"line":73,"column":null}}],"line":72},"14":{"loc":{"start":{"line":73,"column":18},"end":{"line":75,"column":null}},"type":"if","locations":[{"start":{"line":73,"column":18},"end":{"line":75,"column":null}},{"start":{"line":75,"column":54},"end":{"line":75,"column":null}}],"line":73},"15":{"loc":{"start":{"line":75,"column":54},"end":{"line":76,"column":null}},"type":"if","locations":[{"start":{"line":75,"column":54},"end":{"line":76,"column":null}},{"start":{"line":76,"column":53},"end":{"line":76,"column":null}}],"line":75},"16":{"loc":{"start":{"line":76,"column":53},"end":{"line":77,"column":null}},"type":"if","locations":[{"start":{"line":76,"column":53},"end":{"line":77,"column":null}},{"start":{"line":77,"column":18},"end":{"line":77,"column":null}}],"line":76},"17":{"loc":{"start":{"line":77,"column":18},"end":{"line":79,"column":null}},"type":"if","locations":[{"start":{"line":77,"column":18},"end":{"line":79,"column":null}},{"start":{"line":79,"column":49},"end":{"line":79,"column":null}}],"line":77},"18":{"loc":{"start":{"line":79,"column":49},"end":{"line":80,"column":null}},"type":"if","locations":[{"start":{"line":79,"column":49},"end":{"line":80,"column":null}},{"sta
[...]
":97,"column":87}}],"line":97},"13":{"loc":{"start":{"line":97,"column":28},"end":{"line":97,"column":87}},"type":"binary-expr","locations":[{"start":{"line":97,"column":28},"end":{"line":97,"column":59}},{"start":{"line":97,"column":59},"end":{"line":97,"column":87}}],"line":97},"14":{"loc":{"start":{"line":98,"column":19},"end":{"line":98,"column":70}},"type":"cond-expr","locations":[{"start":{"line":98,"column":42},"end":{"line":98,"column":56}},{"start":{"line":98,"column":56},"end":{"line":98,"column":70}}],"line":98},"15":{"loc":{"start":{"line":103,"column":8},"end":{"line":103,"column":null}},"type":"if","locations":[{"start":{"line":103,"column":8},"end":{"line":103,"column":null}},{"start":{},"end":{}}],"line":103},"16":{"loc":{"start":{"line":104,"column":8},"end":{"line":106,"column":null}},"type":"if","locations":[{"start":{"line":104,"column":8},"end":{"line":106,"column":null}},{"start":{},"end":{}}],"line":104},"17":{"loc":{"start":{"line":104,"column":12},"end":{"line":104,"column":39}},"type":"binary-expr","locations":[{"start":{"line":104,"column":12},"end":{"line":104,"column":27}},{"start":{"line":104,"column":27},"end":{"line":104,"column":39}}],"line":104},"18":{"loc":{"start":{"line":125,"column":8},"end":{"line":129,"column":null}},"type":"if","locations":[{"start":{"line":125,"column":8},"end":{"line":129,"column":null}},{"start":{},"end":{}}],"line":125},"19":{"loc":{"start":{"line":127,"column":10},"end":{"line":129,"column":null}},"type":"if","locations":[{"start":{"line":127,"column":10},"end":{"line":129,"column":null}},{"start":{},"end":{}}],"line":127}},"s":{"0":21,"1":21,"2":21,"3":21,"4":21,"5":21,"6":21,"7":21,"8":21,"9":21,"10":21,"11":21,"12":21,"13":21,"14":0,"15":0,"16":0,"17":0,"18":0,"19":0,"20":0,"21":0,"22":0,"23":0,"24":0,"25":21,"26":0,"27":0,"28":0,"29":0,"30":0,"31":0,"32":0,"33":0,"34":0,"35":0,"36":0,"37":0,"38":0,"39":0,"40":0,"41":0,"42":0,"43":0,"44":0,"45":0,"46":0,"47":0,"48":0,"49":0,"50":0,"51":0,"52":0,"53":0,"54":21,"55":21,"56":0,"57":21,"58":21,"59":21,"60":21,"61":0,"62":0,"63":0,"64":0,"65":0,"66":0,"67":0,"68":0,"69":21},"f":{"0":21,"1":21,"2":21,"3":0,"4":0,"5":21,"6":0,"7":0},"b":{"0":[0,0],"1":[0,0],"2":[0,0],"3":[0,21],"4":[21,0],"5":[0,0],"6":[0,0],"7":[0,0],"8":[0,0],"9":[0,0],"10":[0,0],"11":[0,0],"12":[0,0],"13":[0,0],"14":[0,0],"15":[0,0],"16":[0,0],"17":[0,0],"18":[0,0],"19":[0,0]},"meta":{"lastBranch":20,"lastFunction":8,"lastStatement":70,"seen":{"f:34:16:34:27":0,"s:35:16:35:56":0,"s:36:16:36:48":1,"s:37:18:37:46":2,"s:38:16:38:57":3,"s:39:21:39:53":4,"s:40:18:40:47":5,"s:41:8:41:46":6,"s:42:8:42:35":7,"s:44:2:119:Infinity":8,"f:44:2:44:18":1,"s:45:23:45:44":9,"s:46:20:46:Infinity":10,"s:47:22:47:Infinity":11,"f:49:19:49:26":2,"s:50:6:71:Infinity":12,"s:51:37:54:10":13,"b:56:8:56:Infinity:undefined:undefined:undefined:undefined":0,"s:56:8:56:Infinity":14,"s:56:26:56:Infinity":15,"b:57:8:57:Infinity:undefined:undefined:undefined:undefined":1,"s:57:8:57:Infinity":16,"s:57:26:57:Infinity":17,"s:59:27:59:48":18,"s:60:27:60:48":19,"b:62:8:66:Infinity:undefined:undefined:undefined:undefined":2,"s:62:8:66:Infinity":20,"s:63:10:63:Infinity":21,"s:64:10:64:Infinity":22,"s:65:10:65:Infinity":23,"s:66:10:66:Infinity":24,"b:69:8:71:Infinity:undefined:undefined:undefined:undefined":3,"s:69:8:71:Infinity":25,"b:69:12:69:26:69:26:69:87":4,"b:69:28:69:59:69:59:69:87":5,"s:70:10:70:Infinity":26,"b:70:42:70:56:70:56:70:79":6,"s:71:10:71:Infinity":27,"f:76:19:76:31":3,"b:77:6:79:Infinity:undefined:undefined:undefined:undefined":7,"s:77:6:79:Infinity":28,"s:78:8:78:Infinity":29,"s:79:8:79:Infinity":30,"s:81:6:81:Infinity":31,"s:82:6:82:Infinity":32,"s:83:6:83:Infinity":33,"s:84:6:106:Infinity":34,"s:85:20:85:76":35,"b:86:8:86:Infinity:undefined:undefined:undefined:undefined":8,"s:86:8:86:Infinity":36,"s:86:21:86:Infinity":37,"s:87:22:87:38":38,"b:88:8:94:Infinity:undefined:undefined:undefined:undefined":9,"s:88:8:94:Infinity":39,"b:89:10:91:Infinity:undefined:undefined:undefined:undefined":10,"s:89:10:91:Infinity":40,"s:90:12:90:Infinity":41,"s:91:12:91:Infinity":42,"s:93:10:93:Infinity":43,"s:94:10:94:Infinity":44,"b:97:8:99:Infinity:undefined:undefined:undefined:undefined":11,"s:97:8:99:Infinity":45,"b:97:12:97:26:97:26:97:87":12,"b:97:28:97:59:97:59:97:87":13,"s:98:10:98:Infinity":46,"b:98:42:98:56:98:56:98:70":14,"s:99:10:99:Infinity":47,"s:102:8:102:Infinity":48,"b:103:8:103:Infinity:undefined:undefined:undefined:undefined":15,"s:103:8:103:Infinity":49,"s:103:24:103:Infinity":50,"b:104:8:106:Infinity:undefined:undefined:undefined:undefined":16,"s:104:8:106:Infinity":51,"b:104:12:104:27:104:27:104:39":17,"s:105:10:105:Infinity":52,"s:106:10:106:Infinity":53,"s:111:4:111:Infinity":54,"s:112:23:112:64":55,"f:112:23:112:41":4,"s:112:41:112:57":56,"s:114:4:117:Infinity":57,"f:114:4:114:17":5,"s:115:6:115:Infinity":58,"s:116:6:116:Infinity":59,"s:117:6:117:Infinity":60,"f:121:11:121:26":6,"s:122:4:135:Infinity":61,"f:122:10:122:22":7,"s:123:6:132:Infinity":62,"s:124:20:124:45":63,"b:125:8:129:Infinity:undefined:undefined:undefined:undefined":18,"s:125:8:129:Infinity":64,"s:126:24:126:40":65,"b:127:10:129:Infinity:undefined:undefined:undefined:undefined":19,"s:127:10:129:Infinity":66,"s:128:12:128:Infinity":67,"s:129:12:129:Infinity":68,"s:138:2:138:Infinity":69}}}
,"/Users/markus/Projects/owlbear-dev/serve/cockpit/web/src/hooks/useRepairFlow.ts": {"path":"/Users/markus/Projects/owlbear-dev/serve/cockpit/web/src/hooks/useRepairFlow.ts","statementMap":{"0":{"start":{"line":28,"column":2},"end":{"line":34,"column":null}},"1":{"start":{"line":30,"column":6},"end":{"line":30,"column":null}},"2":{"start":{"line":31,"column":6},"end":{"line":31,"column":null}},"3":{"start":{"line":38,"column":16},"end":{"line":38,"column":57}},"4":{"start":{"line":39,"column":26},"end":{"line":39,"column":77}},"5":{"start":{"line":40,"column":18},"end":{"line":40,"column":76}},"6":{"start":{"line":41,"column":16},"end":{"line":41,"column":57}},"7":{"start":{"line":43,"column":8},"end":{"line":47,"column":null}},"8":{"start":{"line":44,"column":4},"end":{"line":44,"column":null}},"9":{"start":{"line":45,"column":4},"end":{"line":45,"column":null}},"10":{"start":{"line":46,"column":4},"end":{"line":46,"column":null}},"11":{"start":{"line":47,"column":4},"end":{"line":47,"column":null}},"12":{"start":{"line":50,"column":8},"end":{"line":54,"column":null}},"13":{"start":{"line":51,"column":4},"end":{"line":51,"column":null}},"14":{"start":{"line":52,"column":4},"end":{"line":52,"column":null}},"15":{"start":{"line":53,"column":4},"end":{"line":53,"column":null}},"16":{"start":{"line":54,"column":4},"end":{"line":54,"column":null}},"17":{"start":{"line":57,"column":8},"end":{"line":61,"column":null}},"18":{"start":{"line":58,"column":4},"end":{"line":58,"column":null}},"19":{"start":{"line":59,"column":4},"end":{"line":59,"column":null}},"20":{"start":{"line":60,"column":4},"end":{"line":60,"column":null}},"21":{"start":{"line":61,"column":4},"end":{"line":61,"column":null}},"22":{"start":{"line":64,"column":24},"end":{"line":76,"column":null}},"23":{"start":{"line":65,"column":4},"end":{"line":65,"column":null}},"24":{"start":{"line":66,"column":4},"end":{"line":66,"column":null}},"25":{"start":{"line":67,"column":4},"end":{"line":76,"column":null}},"26":{"start":{"line":68,"column":23},"end":{"line":68,"column":44}},"27":{"start":{"line":69,"column":6},"end":{"line":69,"column":null}},"28":{"start":{"line":70,"column":6},"end":{"line":70,"column":null}},"29":{"start":{"line":71,"column":6},"end":{"line":71,"column":null}},"30":{"start":{"line":73,"column":22},"end":{"line":73,"column":79}},"31":{"start":{"line":74,"column":6},"end":{"line":74,"column":null}},"32":{"start":{"line":75,"column":6},"end":{"line":75,"column":null}},"33":{"start":{"line":76,"column":6},"end":{"line":76,"column":null}},"34":{"start":{"line":80,"column":2},"end":{"line":89,"column":null}}},"fnMap":{"0":{"name":"groupOutcomes","decl":{"start":{"line":27,"column":9},"end":{"line":27,"column":23}},"loc":{"start":{"line":27,"column":73},"end":{"line":34,"column":null}},"line":27},"1":{"name":"(anonymous_1)","decl":{"start":{"line":28,"column":18},"end":{"line":28,"column":null}},"loc":{"start":{"line":29,"column":22},"end":{"line":33,"column":6}},"line":29},"2":{"name":"useRepairFlow","decl":{"start":{"line":37,"column":16},"end":{"line":37,"column":30}},"loc":{"start":{"line":37,"column":83},"end":{"line":89,"column":null}},"line":37},"3":{"name":"(anonymous_3)","decl":{"start":{"line":43,"column":8},"end":{"line":43,"column":25}},"loc":{"start":{"line":43,"column":49},"end":{"line":47,"column":null}},"line":43},"4":{"name":"(anonymous_4)","decl":{"start":{"line":50,"column":8},"end":{"line":50,"column":35}},"loc":{"start":{"line":50,"column":35},"end":{"line":54,"column":null}},"line":50},"5":{"name":"(anonymous_5)","decl":{"start":{"line":57,"column":8},"end":{"line":57,"column":37}},"loc":{"start":{"line":57,"column":37},"end":{"line":61,"column":null}},"line":57},"6":{"name":"(anonymous_6)","decl":{"start":{"line":64,"column":24},"end":{"line":64,"column":51}},"loc":{"start":{"line":64,"column":51},"end":{"line":76,"column":null}},"line":64}},"branchMap":{"0":{"loc":{"start":{"line":73,"column":22},"end":{"line":73,"column":79}},"type":"cond-expr","locations":[{"start":{"line":73,"column":48},"end":{"line":73,"column":65}},{"start":{"line":73,"column":65},"end":{"line":73,"column":79}}],"line":73}},"s":{"0":15,"1":20,"2":20,"3":101,"4":101,"5":101,"6":101,"7":101,"8":32,"9":32,"10":32,"11":32,"12":101,"13":4,"14":4,"15":4,"16":4,"17":101,"18":5,"19":5,"20":5,"21":5,"22":101,"23":23,"24":23,"25":23,"26":23,"27":15,"28":15,"29":15,"30":8,"31":8,"32":8,"33":8,"34":101},"f":{"0":15,"1":20,"2":101,"3":32,"4":4,"5":5,"6":23},"b":{"0":[7,1]},"meta":{"lastBranch":1,"lastFunction":7,"lastStatement":35,"seen":{"f:27:9:27:23":0,"s:28:2:34:Infinity":0,"f:28:18:28:Infinity":1,"s:30:6:30:Infinity":1,"s:31:6:31:Infinity":2,"f:37:16:37:30":2,"s:38:16:38:57":3,"s:39:26:39:77":4,"s:40:18:40:76":5,"s:41:16:41:57":6,"s:43:8:47:Infinity":7,"f:43:8:43:25":3,"s:44:4:44:Infinity":8,"s:45:4:45:Infinity":9,"s:46:4:46:Infinity":10,"s:47:4:47:Infinity":11,"s:50:8:54:Infinity":12,"f:50:8:50:35":4,"s:51:4:51:Infinity":13,"s:52:4:52:Infinity":14,"s:53:4:53:Infinity":15,"s:54:4:54:Infinity":16,"s:57:8:61:Infinity":17,"f:57:8:57:37":5,"s:58:4:58:Infinity":18,"s:59:4:59:Infinity":19,"s:60:4:60:Infinity":20,"s:61:4:61:Infinity":21,"s:64:24:76:Infinity":22,"f:64:24:64:51":6,"s:65:4:65:Infinity":23,"s:66:4:66:Infinity":24,"s:67:4:76:Infinity":25,"s:68:23:68:44":26,"s:69:6:69:Infinity":27,"s:70:6:70:Infinity":28,"s:71:6:71:Infinity":29,"s:73:22:73:79":30,"b:73:48:73:65:73:65:73:79":0,"s:74:6:74:Infinity":31,"s:75:6:75:Infinity":32,"s:76:6:76:Infinity":33,"s:80:2:89:Infinity":34}}}
,"/Users/markus/Projects/owlbear-dev/serve/cockpit/web/src/hooks/useScanPolling.ts": {"path":"/Users/markus/Projects/owlbear-dev/serve/cockpit/web/src/hooks/useScanPolling.ts","statementMap":{"0":{"start":{"line":3,"column":28},"end":{"line":3,"column":null}},"1":{"start":{"line":23,"column":21},"end":{"line":23,"column":null}},"2":{"start":{"line":24,"column":16},"end":{"line":24,"column":52}},"3":{"start":{"line":25,"column":20},"end":{"line":25,"column":59}},"4":{"start":{"line":26,"column":16},"end":{"line":26,"column":56}},"5":{"start":{"line":27,"column":8},"end":{"line":27,"column":35}},"6":{"start":{"line":28,"column":8},"end":{"line":28,"column":35}},"7":{"start":{"line":29,"column":8},"end":{"line":29,"column":38}},"8":{"start":{"line":31,"column":15},"end":{"line":63,"column":null}},"9":{"start":{"line":32,"column":4},"end":{"line":34,"column":null}},"10":{"start":{"line":33,"column":6},"end":{"line":33,"column":null}},"11":{"start":{"line":34,"column":6},"end":{"line":34,"column":null}},"12":{"start":{"line":37,"column":4},"end":{"line":37,"column":null}},"13":{"start":{"line":38,"column":4},"end":{"line":38,"column":null}},"14":{"start":{"line":39,"column":4},"end":{"line":39,"column":null}},"15":{"start":{"line":40,"column":4},"end":{"line":63,"column":null}},"16":{"start":{"line":41,"column":23},"end":{"line":41,"column":73}},"17":{"start":{"line":42,"column":6},"end":{"line":43,"column":null}},"18":{"start":{"line":43,"column":8},"end":{"line":43,"column":null}},"19":{"start":{"line":46,"column":23},"end":{"line":46,"column":44}},"20":{"start":{"line":47,"column":6},"end":{"line":49,"column":null}},"21":{"start":{"line":48,"column":8},"end":{"line":48,"column":null}},"22":{"start":{"line":49,"column":8},"end":{"line":49,"column":null}},"23":{"start":{"line":52,"column":6},"end":{"line":54,"column":null}},"24":{"start":{"line":53,"column":8},"end":{"line":53,"column":null}},"25":{"start":{"line":54,"column":8},"end":{"line":54,"column":null}},"26":{"start":{"line":57,"column":6},"end":{"line":57,"column":null}},"27":{"start":{"line":58,"column":6},"end":{"line":59,"column":null}},"28":{"start":{"line":59,"column":8},"end":{"line":59,"column":null}},"29":{"start":{"line":61,"column":6},"end":{"line":63,"column":null}},"30":{"start":{"line":62,"column":8},"end":{"line":62,"column":null}},"31":{"start":{"line":63,"column":8},"end":{"line":63,"column":null}},"32":{"start":{"line":68,"column":2},"end":{"line":73,"column":null}},"33":{"start":{"line":69,"column":4},"end":{"line":69,"column":null}},"34":{"start":{"line":70,"column":4},"end":{"line":71,"column":null}},"35":{"start":{"line":71,"column":6},"end":{"line":71,"column":null}},"36":{"start":{"line":75,"column":2},"end":{"line":84,"column":null}},"37":{"start":{"line":76,"column":4},"end":{"line":76,"column":null}},"38":{"start":{"line":77,"column":23},"end":{"line":79,"column":18}},"39":{"start":{"line":78,"column":6},"end":{"line":78,"column":null}},"40":{"start":{"line":81,"column":4},"end":{"line":82,"column":null}},"41":{"start":{"line":82,"column":6},"end":{"line":82,"column":null}},"42":{"start":{"line":86,"column":2},"end":{"line":93,"column":null}},"43":{"start":{"line":91,"column":6},"end":{"line":91,"column":null}}},"fnMap":{"0":{"name":"useScanPolling","decl":{"start":{"line":22,"column":16},"end":{"line":22,"column":31}},"loc":{"start":{"line":22,"column":86},"end":{"line":93,"column":null}},"line":22},"1":{"name":"(anonymous_1)","decl":{"start":{"line":31,"column":15},"end":{"line":31,"column":42}},"loc":{"start":{"line":31,"column":42},"end":{"line":63,"column":null}},"line":31},"2":{"name":"(anonymous_2)","decl":{"start":{"line":68,"column":2},"end":{"line":68,"column":18}},"loc":{"start":{"line":68,"column":18},"end":{"line":73,"column":7}},"line":68},"3":{"name":"(anonymous_3)","decl":{"start":{"line":70,"column":4},"end":{"line":70,"column":17}},"loc":{"start":{"line":70,"column":17},"end":{"line":71,"column":null}},"line":70},"4":{"name":"(anonymous_4)","decl":{"start":{"line":75,"column":2},"end":{"line":75,"column":18}},"loc":{"start":{"line":75,"column":18},"end":{"line":84,"column":6}},"line":75},"5":{"name":"(anonymous_5)","decl":{"start":{"line":77,"column":23},"end":{"line":77,"column":41}},"loc":{"start":{"line":77,"column":41},"end":{"line":79,"column":18}},"line":77},"6":{"name":"(anonymous_6)","decl":{"start":{"line":81,"column":4},"end":{"line":81,"column":17}},"loc":{"start":{"line":81,"column":17},"end":{"line":82,"column":null}},"line":81},"7":{"name":"(anonymous_7)","decl":{"start":{"line":90,"column":4},"end":{"line":90,"column":19}},"loc":{"start":{"line":90,"column":19},"end":{"line":91,"column":null}},"line":90}},"branchMap":{"0":{"loc":{"start":{"line":23,"column":21},"end":{"line":23,"column":null}},"type":"binary-expr","locations":[{"start":{"line":23,"column":21},"end":{"line":23,"column":44}},{"start":{"line":23,"column":44},"end":{"line":23,"column":null}}],"line":23},"1":{"loc":{"start":{"line":32,"column":4},"end":{"line":34,"column":null}},"type":"if","locations":[{"start":{"line":32,"column":4},"end":{"line":34,"column":null}},{"start":{},"end":{}}],"line":32},"2":{"loc":{"start":{"line":42,"column":6},"end":{"line":43,"column":null}},"type":"if","locations":[{"start":{"line":42,"column":6},"end":{"line":43,"column":null}},{"start":{},"end":{}}],"line":42},"3":{"loc":{"start":{"line":47,"column":6},"end":{"line":49,"column":null}},"type":"if","locations":[{"start":{"line":47,"column":6},"end":{"line":49,"column":null}},{"start":{},"end":{}}],"line":47},"4":{"loc":{"start":{"line":48,"column":17},"end":{"line":48,"column":70}},"type":"cond-expr","locations":[{"start":{"line":48,"column":43},"end":{"line":48,"column":68}},{"start":{"line":48,"column":68},"end":{"line":48,"column":70}}],"line":48},"5":{"loc":{"start":{"line":52,"column":6},"end":{"line":54,"column":null}},"type":"if","locations":[{"start":{"line":52,"column":6},"end":{"line":54,"column":null}},{"start":{},"end":{}}],"line":52},"6":{"loc":{"start":{"line":54,"column":17},"end":{"line":54,"column":84}},"type":"cond-expr","locations":[{"start":{"line":54,"column":43},"end":{"line":54,"column":52}},{"start":{"line":54,"column":52},"end":{"line":54,"column":84}}],"line":54},"7":{"loc":{"start":{"line":58,"column":6},"end":{"line":59,"column":null}},"type":"if","locations":[{"start":{"line":58,"column":6},"end":{"line":59,"column":null}},{"start":{},"end":{}}],"line":58},"8":{"loc":{"start":{"line":61,"column":6},"end":{"line":63,"column":null}},"type":"if","locations":[{"start":{"line":61,"column":6},"end":{"line":63,"column":null}},{"start":{},"end":{}}],"line":61},"9":{"loc":{"start":{"line":61,"column":10},"end":{"line":61,"column":58}},"type":"binary-expr","locations":[{"start":{"line":61,"column":10},"end":{"line":61,"column":36}},{"start":{"line":61,"column":36},"end":{"line":61,"column":58}}],"line":61}},"s":{"0":2,"1":79,"2":79,"3":79,"4":79,"5":79,"6":79,"7":79,"8":79,"9":54,"10":9,"11":9,"12":45,"13":45,"14":45,"15":45,"16":45,"17":42,"18":1,"19":41,"20":41,"21":41,"22":41,"23":4,"24":4,"25":4,"26":45,"27":45,"28":45,"29":45,"30":9,"31":9,"32":79,"33":33,"34":33,"35":33,"36":79,"37":37,"38":37,"39":7,"40":37,"41":37,"42":79,"43":1},"f":{"0":79,"1":54,"2":33,"3":33,"4":37,"5":7,"6":37,"7":1},"b":{"0":[79,51],"1":[9,45],"2":[1,41],"3":[41,0],"4":[40,1],"5":[4,0],"6":[3,1],"7":[45,0],"8":[9,36],"9":[45,9]},"meta":{"lastBranch":10,"lastFunction":8,"lastStatement":44,"seen":{"s:3:28:3:Infinity":0,"f:22:16:22:31":0,"s:23:21:23:Infinity":1,"b:23:21:23:44:23:44:23:Infinity":0,"s:24:16:24:52":2,"s:25:20:25:59":3,"s:26:16:26:56":4,"s:27:8:27:35":5,"s:28:8:28:35":6,"s:29:8:29:38":7,"s:31:15:63:Infinity":8,"f:31:15:31:42":1,"b:32:4:34:Infinity:undefined:undefined:undefined:undefined":1,"s:32:4:34:Infinity":9,"s:33:6:33:Infinity":10,"s:34:6:34:Infinity":11,"s:37:4:37:Infinity":12,"s:38:4:38:Infinity":13,"s:39:4:39:Infinity":14,"s:40:4:63:Infinity":15,"s:41:23:41:73":16,"b:42:6:43:Infinity:undefined:undefined:undefined:undefined":2,"s:42:6:43:Infinity":17,"s:43:8:43:Infinity":18,"s:46:23:46:44":19,"b:47:6:49:Infinity:undefined:undefined:undefined:undefined":3,"s:47:6:49:Infinity":20,"s:48:8:48:Infinity":21,"b:48:43:48:68:48:68:48:70":4,"s:49:8:49:Infinity":22,"b:52:6:54:Infinity:undefined:undefined:undefined:undefined":5,"s:52:6:54:Infinity":23,"s:53:8:53:Infinity":24,"s:54:8:54:Infinity":25,"b:54:43:54:52:54:52:54:84":6,"s:57:6:57:Infinity":26,"b:58:6:59:Infinity:undefined:undefined:undefined:undefined":7,"s:58:6:59:Infinity":27,"s:59:8:59:Infinity":28,"b:61:6:63:Infinity:undefined:undefined:undefined:undefined":8,"s:61:6:63:Infinity":29,"b:61:10:61:36:61:36:61:58":9,"s:62:8:62:Infinity":30,"s:63:8:63:Infinity":31,"s:68:2:73:Infinity":32,"f:68:2:68:18":2,"s:69:4:69:Infinity":33,"s:70:4:71:Infinity":34,"f:70:4:70:17":3,"s:71:6:71:Infinity":35,"s:75:2:84:Infinity":36,"f:75:2:75:18":4,"s:76:4:76:Infinity":37,"s:77:23:79:18":38,"f:77:23:77:41":5,"s:78:6:78:Infinity":39,"s:81:4:82:Infinity":40,"f:81:4:81:17":6,"s:82:6:82:Infinity":41,"s:86:2:93:Infinity":42,"f:90:4:90:19":7,"s:91:6:91:Infinity":43}}}
}
