<?xml version="1.0" encoding="utf-8"?><testsuites name="pytest tests"><testsuite name="pytest" errors="0" failures="4" skipped="0" tests="4" time="1.858" timestamp="2026-03-16T03:33:04.578642+01:00" hostname="IT334177"><testcase classname="tests.test_diagram_service.TestFromAC_SvgOnlyTypes" name="test_svg_only_types_constant_exists" time="0.001"><failure message="AssertionError: _SVG_ONLY_TYPES not found in service module&#10;assert False&#10; +  where False = hasattr(&lt;module 'owlbear.tools.diagram.service' from 'C:\\Users\\p362329\\Coding\\Projects\\owlbear\\src\\owlbear\\tools\\diagram\\service.py'&gt;, '_SVG_ONLY_TYPES')">tests\test_diagram_service.py:384: in test_svg_only_types_constant_exists
    assert hasattr(svc, "_SVG_ONLY_TYPES"), "_SVG_ONLY_TYPES not found in service module"
E   AssertionError: _SVG_ONLY_TYPES not found in service module
E   assert False
E    +  where False = hasattr(&lt;module 'owlbear.tools.diagram.service' from 'C:\\Users\\p362329\\Coding\\Projects\\owlbear\\src\\owlbear\\tools\\diagram\\service.py'&gt;, '_SVG_ONLY_TYPES')</failure></testcase><testcase classname="tests.test_diagram_service.TestFromAC_SvgOnlyTypes" name="test_svg_only_types_is_frozenset" time="0.001"><failure message="ImportError: cannot import name '_SVG_ONLY_TYPES' from 'owlbear.tools.diagram.service' (C:\Users\p362329\Coding\Projects\owlbear\src\owlbear\tools\diagram\service.py)">tests\test_diagram_service.py:388: in test_svg_only_types_is_frozenset
    from owlbear.tools.diagram.service import _SVG_ONLY_TYPES
E   ImportError: cannot import name '_SVG_ONLY_TYPES' from 'owlbear.tools.diagram.service' (C:\Users\p362329\Coding\Projects\owlbear\src\owlbear\tools\diagram\service.py)</failure></testcase><testcase classname="tests.test_diagram_service.TestFromAC_SvgOnlyTypes" name="test_svg_only_types_contains_excalidraw" time="0.001"><failure message="ImportError: cannot import name '_SVG_ONLY_TYPES' from 'owlbear.tools.diagram.service' (C:\Users\p362329\Coding\Projects\owlbear\src\owlbear\tools\diagram\service.py)">tests\test_diagram_service.py:394: in test_svg_only_types_contains_excalidraw
    from owlbear.tools.diagram.service import _SVG_ONLY_TYPES
E   ImportError: cannot import name '_SVG_ONLY_TYPES' from 'owlbear.tools.diagram.service' (C:\Users\p362329\Coding\Projects\owlbear\src\owlbear\tools\diagram\service.py)</failure></testcase><testcase classname="tests.test_diagram_service.TestFromAC_SvgOnlyTypes" name="test_svg_only_types_subset_of_supported_types" time="0.001"><failure message="ImportError: cannot import name '_SVG_ONLY_TYPES' from 'owlbear.tools.diagram.service' (C:\Users\p362329\Coding\Projects\owlbear\src\owlbear\tools\diagram\service.py)">tests\test_diagram_service.py:400: in test_svg_only_types_subset_of_supported_types
    from owlbear.tools.diagram.service import _SVG_ONLY_TYPES
E   ImportError: cannot import name '_SVG_ONLY_TYPES' from 'owlbear.tools.diagram.service' (C:\Users\p362329\Coding\Projects\owlbear\src\owlbear\tools\diagram\service.py)</failure></testcase></testsuite></testsuites>