============================= test session starts =============================
platform win32 -- Python 3.12.13, pytest-9.0.2, pluggy-1.6.0 -- C:\Users\p362329\Coding\Projects\owlbear\.venv\Scripts\python.exe
cachedir: .pytest_cache
rootdir: C:\Users\p362329\Coding\Projects\owlbear
configfile: pyproject.toml
plugins: anyio-4.12.1, logfire-4.25.0, asyncio-1.3.0, cov-7.0.0
asyncio: mode=Mode.STRICT, debug=False, asyncio_default_fixture_loop_scope=None, asyncio_default_test_loop_scope=function
collecting ... collected 8 items

tests/test_config.py::TestFromAC_ConfigLeafHookReactionSchema::test_config_source_has_no_owlbear_imports PASSED [ 12%]
tests/test_config.py::TestFromAC_ConfigLeafHookReactionSchema::test_hook_reaction_rule_class_defined_in_config_source PASSED [ 25%]
tests/test_config.py::TestFromAC_ConfigLeafHookReactionSchema::test_hook_reaction_rule_module_attribute_is_owlbear_config PASSED [ 37%]
tests/test_config.py::TestFromAC_ConfigLeafHookReactionSchema::test_settings_parses_hook_reactions_preserving_rule_order PASSED [ 50%]
tests/test_config.py::TestFromAC_ConfigLeafHookReactionSchema::test_settings_parses_hook_reactions_preserving_action_order_within_rule PASSED [ 62%]
tests/test_hook_reaction_router.py::TestFromAC_RouterConsumesConfigOwnedRules::test_hook_reaction_rule_not_class_defined_in_router_source PASSED [ 75%]
tests/test_hook_reaction_router.py::TestFromAC_RouterConsumesConfigOwnedRules::test_hook_reaction_rule_referenced_by_router_is_config_owned PASSED [ 87%]
tests/test_hook_reaction_router.py::TestFromAC_RouterConsumesConfigOwnedRules::test_router_registers_and_dispatches_with_config_owned_rule PASSED [100%]

============================== warnings summary ===============================
tests\conftest.py:58
  c:\Users\p362329\Coding\Projects\owlbear\tests\conftest.py:58: UserWarning: Skipping test_qdrant_vector_store.py: qdrant_client not installed
    collect_ignore_glob: list[str] = _detect_missing_optional_deps()

tests\conftest.py:58
  c:\Users\p362329\Coding\Projects\owlbear\tests\conftest.py:58: UserWarning: Skipping test_search_benchmark.py: qdrant_client not installed
    collect_ignore_glob: list[str] = _detect_missing_optional_deps()

-- Docs: https://docs.pytest.org/en/stable/how-to/capture-warnings.html
======================== 8 passed, 2 warnings in 0.19s ========================

