<?xml version="1.0" encoding="utf-8"?><testsuites name="pytest tests"><testsuite name="pytest" errors="0" failures="92" skipped="20" tests="3801" time="141.256" timestamp="2026-03-21T05:23:35.102311+01:00" hostname="IT334177"><testcase classname="tests.test_agent.TestOwlBearAgentCreate" name="test_create_with_all_components" time="0.010" /><testcase classname="tests.test_agent.TestOwlBearAgentCreate" name="test_create_minimal" time="0.005" /><testcase classname="tests.test_agent.TestOwlBearAgentCreate" name="test_hooks_default_to_empty_registry" time="0.004" /><testcase classname="tests.test_agent.TestOwlBearAgentCreate" name="test_create_with_toolsets" time="0.003" /><testcase classname="tests.test_agent.TestOwlBearAgentCreate" name="test_create_without_toolsets_backward_compat" time="0.005" /><testcase classname="tests.test_agent.TestOwlBearAgentTurn" name="test_turn_returns_response_text" time="0.013" /><testcase classname="tests.test_agent.TestOwlBearAgentTurn" name="test_turn_persists_messages" time="0.015" /><testcase classname="tests.test_agent.TestOwlBearAgentTurn" name="test_turn_passes_history" time="0.016" /><testcase classname="tests.test_agent.TestOwlBearAgentHooks" name="test_emits_on_message_hook" time="0.012" /><testcase classname="tests.test_agent.TestOwlBearAgentHooks" name="test_emits_on_error_hook" time="0.009" /><testcase classname="tests.test_agent.TestOwlBearAgentContext" name="test_context_used_as_instructions" time="0.007" /><testcase classname="tests.test_agent.TestUsageRecordCostAndPremium" name="test_record_includes_estimated_cost" time="0.015" /><testcase classname="tests.test_agent.TestUsageRecordCostAndPremium" name="test_record_includes_premium_requests_for_copilot" time="0.014" /><testcase classname="tests.test_agent.TestUsageRecordCostAndPremium" name="test_no_premium_requests_for_non_copilot_provider" time="0.014" /><testcase classname="tests.test_agent.TestUsageRecordCostAndPremium" name="test_cost_import_error_returns_none" time="0.017" /><testcase classname="tests.test_agent.TestUsageRecordCostAndPremium" name="test_provider_defaults_to_copilot" time="0.004" /><testcase classname="tests.test_agent.TestUsageRecordCostAndPremium" name="test_provider_configurable" time="0.004" /><testcase classname="tests.test_agent.TestUsageRecordCostAndPremium" name="test_record_uses_configured_provider" time="0.012" /><testcase classname="tests.test_agent.TestOwlBearDeps" name="test_construct_with_all_fields" time="0.004" /><testcase classname="tests.test_agent.TestOwlBearDeps" name="test_tracker_defaults_to_none" time="0.001" /><testcase classname="tests.test_agent.TestOwlBearDeps" name="test_is_dataclass" time="0.001" /><testcase classname="tests.test_agent.TestOwlBearDeps" name="test_agent_registry_defaults_to_none" time="0.001" /><testcase classname="tests.test_agent.TestOwlBearDeps" name="test_delegation_depth_defaults_to_zero" time="0.001" /><testcase classname="tests.test_agent.TestOwlBearDeps" name="test_construct_with_agent_registry_and_delegation_depth" time="0.001" /><testcase classname="tests.test_agent.TestOwlBearDeps" name="test_dataclass_replace_delegation_depth" time="0.001" /><testcase classname="tests.test_agent.TestOwlBearAgentDeps" name="test_agent_creates_deps_from_params" time="0.005" /><testcase classname="tests.test_agent.TestOwlBearAgentDeps" name="test_agent_deps_default_tracker_none" time="0.006" /><testcase classname="tests.test_agent.TestOwlBearAgentDeps" name="test_turn_passes_deps_to_inner_run" time="0.023" /><testcase classname="tests.test_agent.TestOwlBearAgentDeps" name="test_inner_agent_typed_with_deps" time="0.004" /><testcase classname="tests.test_agent.TestOwlBearAgentHistoryProcessors" name="test_history_processors_forwarded_to_inner_agent" time="0.005" /><testcase classname="tests.test_agent.TestOwlBearAgentHistoryProcessors" name="test_history_processors_default_none" time="0.004" /><testcase classname="tests.test_agent.TestOwlBearAgentHistoryProcessors" name="test_multiple_history_processors" time="0.004" /><testcase classname="tests.test_agent.TestOwlBearAgentModelInstance" name="test_construct_with_model_instance" time="0.004" /><testcase classname="tests.test_agent.TestOwlBearAgentModelInstance" name="test_model_name_extracted_from_model_instance" time="0.008" /><testcase classname="tests.test_agent.TestOwlBearAgentModelInstance" name="test_string_model_still_works" time="0.003" /><testcase classname="tests.test_agent.TestOwlBearAgentModelInstance" name="test_update_model_changes_inner_model" time="0.004" /><testcase classname="tests.test_agent.TestOwlBearAgentModelInstance" name="test_update_model_updates_model_name_from_instance" time="0.007" /><testcase classname="tests.test_agent.TestOwlBearAgentModelInstance" name="test_update_model_with_string" time="0.004" /><testcase classname="tests.test_agent.TestOwlBearAgentKnowledgeInjection" name="test_init_accepts_knowledge_service_none_default" time="0.004" /><testcase classname="tests.test_agent.TestOwlBearAgentKnowledgeInjection" name="test_init_accepts_knowledge_service" time="0.006" /><testcase classname="tests.test_agent.TestOwlBearAgentKnowledgeInjection" name="test_turn_calls_query_for_context" time="0.010" /><testcase classname="tests.test_agent.TestOwlBearAgentKnowledgeInjection" name="test_turn_passes_instructions_to_inner_run" time="0.012" /><testcase classname="tests.test_agent.TestOwlBearAgentKnowledgeInjection" name="test_turn_no_instructions_when_service_is_none" time="0.012" /><testcase classname="tests.test_agent.TestOwlBearAgentKnowledgeInjection" name="test_turn_passes_none_instructions_when_service_returns_none" time="0.011" /><testcase classname="tests.test_agent.TestOwlBearAgentKnowledgeInjection" name="test_turn_continues_on_service_exception" time="0.009" /><testcase classname="tests.test_agent.TestOwlBearAgentKnowledgeInjection" name="test_turn_logs_warning_on_service_exception" time="0.014" /><testcase classname="tests.test_agent.TestOwlBearAgentKnowledgeInjection" name="test_existing_turn_behavior_preserved" time="0.009" /><testcase classname="tests.test_agent_def.TestAgentDefinition" name="test_all_fields_populated" time="0.001" /><testcase classname="tests.test_agent_def.TestAgentDefinition" name="test_defaults" time="0.000" /><testcase classname="tests.test_agent_def.TestParseAgentDefinition" name="test_parse_valid_all_fields" time="0.006" /><testcase classname="tests.test_agent_def.TestParseAgentDefinition" name="test_parse_defaults" time="0.006" /><testcase classname="tests.test_agent_def.TestParseAgentDefinition" name="test_missing_name_raises" time="0.006" /><testcase classname="tests.test_agent_def.TestParseAgentDefinition" name="test_missing_description_raises" time="0.005" /><testcase classname="tests.test_agent_def.TestParseAgentDefinition" name="test_empty_body_sets_empty_system_prompt" time="0.008" /><testcase classname="tests.test_agent_def.TestParseAgentDefinition" name="test_invalid_yaml_raises" time="0.005" /><testcase classname="tests.test_agent_def.TestParseAgentDefinition" name="test_no_frontmatter_raises" time="0.006" /><testcase classname="tests.test_agent_def.TestParseAgentDefinition" name="test_multiline_system_prompt" time="0.006" /><testcase classname="tests.test_agent_def.TestParseAgentDefinition" name="test_no_closing_delimiter_raises" time="0.005" /><testcase classname="tests.test_agent_def.TestParseAgentDefinition" name="test_yaml_not_mapping_raises" time="0.009" /><testcase classname="tests.test_agent_definitions.TestAgentDefinitionFiles" name="test_parse_without_error[orchestrator]" time="0.003" /><testcase classname="tests.test_agent_definitions.TestAgentDefinitionFiles" name="test_parse_without_error[kanban-planner]" time="0.003" /><testcase classname="tests.test_agent_definitions.TestAgentDefinitionFiles" name="test_parse_without_error[builder]" time="0.002" /><testcase classname="tests.test_agent_definitions.TestAgentDefinitionFiles" name="test_parse_without_error[researcher]" time="0.002" /><testcase classname="tests.test_agent_definitions.TestAgentDefinitionFiles" name="test_parse_without_error[architect]" time="0.002" /><testcase classname="tests.test_agent_definitions.TestAgentDefinitionFiles" name="test_parse_without_error[reviewer]" time="0.002" /><testcase classname="tests.test_agent_definitions.TestAgentDefinitionFiles" name="test_parse_without_error[writer]" time="0.002" /><testcase classname="tests.test_agent_definitions.TestAgentDefinitionFiles" name="test_parse_without_error[auditor]" time="0.002" /><testcase classname="tests.test_agent_definitions.TestAgentDefinitionFiles" name="test_parse_without_error[curator]" time="0.002" /><testcase classname="tests.test_agent_definitions.TestAgentDefinitionFiles" name="test_description_matches[orchestrator]" time="0.002" /><testcase classname="tests.test_agent_definitions.TestAgentDefinitionFiles" name="test_description_matches[kanban-planner]" time="0.002" /><testcase classname="tests.test_agent_definitions.TestAgentDefinitionFiles" name="test_description_matches[builder]" time="0.002" /><testcase classname="tests.test_agent_definitions.TestAgentDefinitionFiles" name="test_description_matches[researcher]" time="0.002" /><testcase classname="tests.test_agent_definitions.TestAgentDefinitionFiles" name="test_description_matches[architect]" time="0.002" /><testcase classname="tests.test_agent_definitions.TestAgentDefinitionFiles" name="test_description_matches[reviewer]" time="0.002" /><testcase classname="tests.test_agent_definitions.TestAgentDefinitionFiles" name="test_description_matches[writer]" time="0.002" /><testcase classname="tests.test_agent_definitions.TestAgentDefinitionFiles" name="test_description_matches[auditor]" time="0.002" /><testcase classname="tests.test_agent_definitions.TestAgentDefinitionFiles" name="test_description_matches[curator]" time="0.002" /><testcase classname="tests.test_agent_definitions.TestAgentDefinitionFiles" name="test_tools_match[orchestrator]" time="0.002" /><testcase classname="tests.test_agent_definitions.TestAgentDefinitionFiles" name="test_tools_match[kanban-planner]" time="0.002" /><testcase classname="tests.test_agent_definitions.TestAgentDefinitionFiles" name="test_tools_match[builder]" time="0.002" /><testcase classname="tests.test_agent_definitions.TestAgentDefinitionFiles" name="test_tools_match[researcher]" time="0.002" /><testcase classname="tests.test_agent_definitions.TestAgentDefinitionFiles" name="test_tools_match[architect]" time="0.002" /><testcase classname="tests.test_agent_definitions.TestAgentDefinitionFiles" name="test_tools_match[reviewer]" time="0.003" /><testcase classname="tests.test_agent_definitions.TestAgentDefinitionFiles" name="test_tools_match[writer]" time="0.002" /><testcase classname="tests.test_agent_definitions.TestAgentDefinitionFiles" name="test_tools_match[auditor]" time="0.002" /><testcase classname="tests.test_agent_definitions.TestAgentDefinitionFiles" name="test_tools_match[curator]" time="0.002" /><testcase classname="tests.test_agent_definitions.TestAgentDefinitionFiles" name="test_skills_match[orchestrator]" time="0.002" /><testcase classname="tests.test_agent_definitions.TestAgentDefinitionFiles" name="test_skills_match[kanban-planner]" time="0.002" /><testcase classname="tests.test_agent_definitions.TestAgentDefinitionFiles" name="test_skills_match[builder]" time="0.003" /><testcase classname="tests.test_agent_definitions.TestAgentDefinitionFiles" name="test_skills_match[researcher]" time="0.034"><failure message="AssertionError: assert [] == ['kanban-md']&#10;  &#10;  Right contains one more item: #x1B[0m#x1B[33m'#x1B[39;49;00m#x1B[33mkanban-md#x1B[39;49;00m#x1B[33m'#x1B[39;49;00m#x1B[90m#x1B[39;49;00m&#10;  Use -v to get more diff">E   AssertionError: assert [] == ['kanban-md']
      
      Right contains one more item: #x1B[0m#x1B[33m'#x1B[39;49;00m#x1B[33mkanban-md#x1B[39;49;00m#x1B[33m'#x1B[39;49;00m#x1B[90m#x1B[39;49;00m
      Use -v to get more diff</failure></testcase><testcase classname="tests.test_agent_definitions.TestAgentDefinitionFiles" name="test_skills_match[architect]" time="0.003" /><testcase classname="tests.test_agent_definitions.TestAgentDefinitionFiles" name="test_skills_match[reviewer]" time="0.002" /><testcase classname="tests.test_agent_definitions.TestAgentDefinitionFiles" name="test_skills_match[writer]" time="0.002" /><testcase classname="tests.test_agent_definitions.TestAgentDefinitionFiles" name="test_skills_match[auditor]" time="0.002" /><testcase classname="tests.test_agent_definitions.TestAgentDefinitionFiles" name="test_skills_match[curator]" time="0.003"><failure message="AssertionError: assert [] == ['kanban-md']&#10;  &#10;  Right contains one more item: #x1B[0m#x1B[33m'#x1B[39;49;00m#x1B[33mkanban-md#x1B[39;49;00m#x1B[33m'#x1B[39;49;00m#x1B[90m#x1B[39;49;00m&#10;  Use -v to get more diff">E   AssertionError: assert [] == ['kanban-md']
      
      Right contains one more item: #x1B[0m#x1B[33m'#x1B[39;49;00m#x1B[33mkanban-md#x1B[39;49;00m#x1B[33m'#x1B[39;49;00m#x1B[90m#x1B[39;49;00m
      Use -v to get more diff</failure></testcase><testcase classname="tests.test_agent_definitions.TestAgentDefinitionFiles" name="test_max_delegation_depth[orchestrator]" time="0.002" /><testcase classname="tests.test_agent_definitions.TestAgentDefinitionFiles" name="test_max_delegation_depth[kanban-planner]" time="0.002" /><testcase classname="tests.test_agent_definitions.TestAgentDefinitionFiles" name="test_max_delegation_depth[builder]" time="0.002" /><testcase classname="tests.test_agent_definitions.TestAgentDefinitionFiles" name="test_max_delegation_depth[researcher]" time="0.002" /><testcase classname="tests.test_agent_definitions.TestAgentDefinitionFiles" name="test_max_delegation_depth[architect]" time="0.003" /><testcase classname="tests.test_agent_definitions.TestAgentDefinitionFiles" name="test_max_delegation_depth[reviewer]" time="0.003" /><testcase classname="tests.test_agent_definitions.TestAgentDefinitionFiles" name="test_max_delegation_depth[writer]" time="0.002" /><testcase classname="tests.test_agent_definitions.TestAgentDefinitionFiles" name="test_max_delegation_depth[auditor]" time="0.002" /><testcase classname="tests.test_agent_definitions.TestAgentDefinitionFiles" name="test_max_delegation_depth[curator]" time="0.002" /><testcase classname="tests.test_agent_definitions.TestAgentDefinitionFiles" name="test_system_prompt_nonempty[orchestrator]" time="0.003" /><testcase classname="tests.test_agent_definitions.TestAgentDefinitionFiles" name="test_system_prompt_nonempty[kanban-planner]" time="0.003" /><testcase classname="tests.test_agent_definitions.TestAgentDefinitionFiles" name="test_system_prompt_nonempty[builder]" time="0.003" /><testcase classname="tests.test_agent_definitions.TestAgentDefinitionFiles" name="test_system_prompt_nonempty[researcher]" time="0.003" /><testcase classname="tests.test_agent_definitions.TestAgentDefinitionFiles" name="test_system_prompt_nonempty[architect]" time="0.002" /><testcase classname="tests.test_agent_definitions.TestAgentDefinitionFiles" name="test_system_prompt_nonempty[reviewer]" time="0.002" /><testcase classname="tests.test_agent_definitions.TestAgentDefinitionFiles" name="test_system_prompt_nonempty[writer]" time="0.002" /><testcase classname="tests.test_agent_definitions.TestAgentDefinitionFiles" name="test_system_prompt_nonempty[auditor]" time="0.003" /><testcase classname="tests.test_agent_definitions.TestAgentDefinitionFiles" name="test_system_prompt_nonempty[curator]" time="0.002" /><testcase classname="tests.test_agent_definitions.TestRegistryScanAgentsDir" name="test_scan_loads_all_nine" time="0.014" /><testcase classname="tests.test_agent_definitions.TestRegistryScanAgentsDir" name="test_get_kanban_planner_returns_agent_with_resolved_tools" time="0.009" /><testcase classname="tests.test_agent_definitions.TestRoleValues" name="test_role_is_valid_enum[orchestrator]" time="0.003" /><testcase classname="tests.test_agent_definitions.TestRoleValues" name="test_role_is_valid_enum[kanban-planner]" time="0.003" /><testcase classname="tests.test_agent_definitions.TestRoleValues" name="test_role_is_valid_enum[builder]" time="0.002" /><testcase classname="tests.test_agent_definitions.TestRoleValues" name="test_role_is_valid_enum[researcher]" time="0.003" /><testcase classname="tests.test_agent_definitions.TestRoleValues" name="test_role_is_valid_enum[architect]" time="0.003" /><testcase classname="tests.test_agent_definitions.TestRoleValues" name="test_role_is_valid_enum[reviewer]" time="0.003" /><testcase classname="tests.test_agent_definitions.TestRoleValues" name="test_role_is_valid_enum[writer]" time="0.003" /><testcase classname="tests.test_agent_definitions.TestRoleValues" name="test_role_is_valid_enum[auditor]" time="0.002" /><testcase classname="tests.test_agent_definitions.TestRoleValues" name="test_role_is_valid_enum[curator]" time="0.002" /><testcase classname="tests.test_agent_definitions.TestRoleValues" name="test_reviewer_is_validator" time="0.002" /><testcase classname="tests.test_agent_definitions.TestRoleValues" name="test_architect_is_validator" time="0.002" /><testcase classname="tests.test_agent_definitions.TestRoleValues" name="test_auditor_is_validator" time="0.002" /><testcase classname="tests.test_agent_definitions.TestRoleValues" name="test_writer_is_validator" time="0.002" /><testcase classname="tests.test_agent_definitions.TestRoleValues" name="test_builders[orchestrator]" time="0.002" /><testcase classname="tests.test_agent_definitions.TestRoleValues" name="test_builders[kanban-planner]" time="0.003" /><testcase classname="tests.test_agent_definitions.TestRoleValues" name="test_builders[builder]" time="0.003" /><testcase classname="tests.test_agent_definitions.TestRoleValues" name="test_builders[researcher]" time="0.003" /><testcase classname="tests.test_agent_definitions.TestToolsetNames" name="test_tools_are_known[orchestrator]" time="0.003" /><testcase classname="tests.test_agent_definitions.TestToolsetNames" name="test_tools_are_known[kanban-planner]" time="0.003" /><testcase classname="tests.test_agent_definitions.TestToolsetNames" name="test_tools_are_known[builder]" time="0.003" /><testcase classname="tests.test_agent_definitions.TestToolsetNames" name="test_tools_are_known[researcher]" time="0.003" /><testcase classname="tests.test_agent_definitions.TestToolsetNames" name="test_tools_are_known[architect]" time="0.003" /><testcase classname="tests.test_agent_definitions.TestToolsetNames" name="test_tools_are_known[reviewer]" time="0.003" /><testcase classname="tests.test_agent_definitions.TestToolsetNames" name="test_tools_are_known[writer]" time="0.003" /><testcase classname="tests.test_agent_definitions.TestToolsetNames" name="test_tools_are_known[auditor]" time="0.002" /><testcase classname="tests.test_agent_definitions.TestToolsetNames" name="test_tools_are_known[curator]" time="0.003" /><testcase classname="tests.test_agent_definitions.TestAgentsDirConfig" name="test_agents_dir_exists_in_settings" time="0.007" /><testcase classname="tests.test_agent_definitions.TestAgentsDirConfig" name="test_agents_dir_default_value" time="0.005" /><testcase classname="tests.test_agent_registry.TestAgentRegistryScan" name="test_scan_finds_valid_definitions" time="0.012" /><testcase classname="tests.test_agent_registry.TestAgentRegistryScan" name="test_list_agents_returns_all" time="0.009" /><testcase classname="tests.test_agent_registry.TestAgentRegistryScan" name="test_scan_empty_dir" time="0.006" /><testcase classname="tests.test_agent_registry.TestAgentRegistryScan" name="test_scan_invalid_file_logs_warning" time="0.010" /><testcase classname="tests.test_agent_registry.TestAgentRegistryScan" name="test_definitions_is_read_only_copy" time="0.011" /><testcase classname="tests.test_agent_registry.TestAgentRegistryGet" name="test_get_returns_agent" time="0.011" /><testcase classname="tests.test_agent_registry.TestAgentRegistryGet" name="test_get_caches_instance" time="0.013" /><testcase classname="tests.test_agent_registry.TestAgentRegistryGet" name="test_get_unknown_raises_keyerror" time="0.011" /><testcase classname="tests.test_agent_registry.TestAgentRegistryGet" name="test_tool_resolver_called_for_each_tool" time="0.008" /><testcase classname="tests.test_agent_registry.TestAgentRegistryGet" name="test_get_applies_role_policy_for_non_builder" time="0.010" /><testcase classname="tests.test_agent_registry.TestAgentRegistryGet" name="test_get_uses_default_model_when_none" time="0.010" /><testcase classname="tests.test_agent_registry.TestAgentRegistryGet" name="test_get_accepts_model_object_as_default" time="0.010" /><testcase classname="tests.test_agent_registry.TestBuildAgentMissingTools" name="test_build_agent_skips_unavailable_tool" time="0.009" /><testcase classname="tests.test_agent_registry.TestBuildAgentMissingTools" name="test_build_agent_skips_mcp_tool_when_missing" time="0.009" /><testcase classname="tests.test_agent_registry.TestBuildAgentMissingTools" name="test_build_agent_logs_warning_for_skipped_tool" time="0.007" /><testcase classname="tests.test_agent_registry.TestBuildAgentMissingTools" name="test_build_agent_all_tools_present_unchanged" time="0.009" /><testcase classname="tests.test_agent_registry.TestFromAC_SingleAgentConstruction" name="test_validator_role_calls_agent_exactly_once" time="0.009" /><testcase classname="tests.test_agent_registry.TestFromAC_SingleAgentConstruction" name="test_builder_role_calls_agent_exactly_once" time="0.007" /><testcase classname="tests.test_agent_registry.TestFromAC_SingleAgentConstruction" name="test_validator_role_passes_filtered_toolsets" time="0.008" /><testcase classname="tests.test_agent_registry.TestBuilderDiscovered" name="test_empty_policy_skips_apply_role_policy" time="0.007" /><testcase classname="tests.test_approval_gate.TestApprovalPromptSent" name="test_sends_approval_prompt_via_channel" time="0.004" /><testcase classname="tests.test_approval_gate.TestApprovalPromptSent" name="test_prompt_includes_tool_name" time="0.003" /><testcase classname="tests.test_approval_gate.TestApprovalPromptSent" name="test_send_blocks_text_fallback_includes_cli_prompt" time="0.003" /><testcase classname="tests.test_approval_gate.TestApprovePath" name="test_yes_proceeds_with_tool_call" time="0.003" /><testcase classname="tests.test_approval_gate.TestApprovePath" name="test_y_shorthand_also_approves" time="0.003" /><testcase classname="tests.test_approval_gate.TestDenyPath" name="test_no_skips_tool_returns_denial" time="0.003" /><testcase classname="tests.test_approval_gate.TestDenyPath" name="test_n_shorthand_also_denies" time="0.004" /><testcase classname="tests.test_approval_gate.TestTimeoutPath" name="test_none_response_returns_cancellation" time="0.002" /><testcase classname="tests.test_approval_gate.TestPreGrantPath" name="test_pre_granted_skips_prompt" time="0.002" /><testcase classname="tests.test_approval_gate.TestApproveAllResponse" name="test_approve_all_grants_and_proceeds" time="0.003" /><testcase classname="tests.test_approval_gate.TestApproveAllResponse" name="test_second_call_after_approve_all_skips_prompt" time="0.003" /><testcase classname="tests.test_approval_gate.TestToolNotInPolicy" name="test_ungated_tool_proceeds_directly" time="0.002" /><testcase classname="tests.test_approval_gate.TestToolNotInPolicy" name="test_empty_policy_never_prompts" time="0.003" /><testcase classname="tests.test_approval_gate.TestObservabilityHooks" name="test_post_tool_use_hook_includes_approval_data" time="0.003" /><testcase classname="tests.test_approval_gate.TestObservabilityHooks" name="test_hook_records_approval_decision" time="0.004" /><testcase classname="tests.test_approval_gate.TestObservabilityHooks" name="test_ungated_tool_hook_shows_no_approval" time="0.004" /><testcase classname="tests.test_approval_gate.TestChannelInteraction" name="test_receive_called_after_send_blocks" time="0.003" /><testcase classname="tests.test_approval_gate.TestChannelInteraction" name="test_args_included_in_prompt" time="0.006" /><testcase classname="tests.test_approval_gate.TestApproveAllScopedGrants" name="test_approve_all_creates_grant_with_policy_defaults" time="0.005" /><testcase classname="tests.test_approval_gate.TestApproveAllScopedGrants" name="test_grant_expires_after_ttl" time="0.006" /><testcase classname="tests.test_approval_gate.TestApproveAllScopedGrants" name="test_grant_exhausts_after_max_uses" time="0.004" /><testcase classname="tests.test_approval_gate.TestApproveAllHookMetadata" name="test_hook_includes_grant_metadata" time="0.005" /><testcase classname="tests.test_approval_policy.TestApprovalRuleModel" name="test_rule_with_tool_name_only" time="0.001" /><testcase classname="tests.test_approval_policy.TestApprovalRuleModel" name="test_rule_with_arg_pattern" time="0.001" /><testcase classname="tests.test_approval_policy.TestApprovalRuleModel" name="test_rule_is_pydantic_model" time="0.001" /><testcase classname="tests.test_approval_policy.TestApprovalPolicyModel" name="test_policy_is_pydantic_model" time="0.001" /><testcase classname="tests.test_approval_policy.TestApprovalPolicyModel" name="test_policy_with_rules" time="0.001" /><testcase classname="tests.test_approval_policy.TestApprovalPolicyModel" name="test_empty_policy" time="0.001" /><testcase classname="tests.test_approval_policy.TestApprovalPolicyModel" name="test_policy_default_empty_rules" time="0.001" /><testcase classname="tests.test_approval_policy.TestApprovalPolicyModel" name="test_json_serialization_roundtrip" time="0.001" /><testcase classname="tests.test_approval_policy.TestRequiresApprovalToolMatch" name="test_returns_true_when_tool_in_rules" time="0.001" /><testcase classname="tests.test_approval_policy.TestRequiresApprovalToolMatch" name="test_returns_false_when_tool_not_in_rules" time="0.001" /><testcase classname="tests.test_approval_policy.TestRequiresApprovalToolMatch" name="test_multiple_rules_match_any" time="0.001" /><testcase classname="tests.test_approval_policy.TestRequiresApprovalArgPattern" name="test_arg_pattern_matches_command_arg" time="0.001" /><testcase classname="tests.test_approval_policy.TestRequiresApprovalArgPattern" name="test_arg_pattern_no_match" time="0.001" /><testcase classname="tests.test_approval_policy.TestRequiresApprovalArgPattern" name="test_arg_pattern_matches_any_arg_value" time="0.001" /><testcase classname="tests.test_approval_policy.TestRequiresApprovalArgPattern" name="test_tool_matches_but_no_arg_pattern_match" time="0.001" /><testcase classname="tests.test_approval_policy.TestRequiresApprovalArgPattern" name="test_tool_matches_rule_without_arg_pattern" time="0.001" /><testcase classname="tests.test_approval_policy.TestRequiresApprovalWildcard" name="test_wildcard_matches_any_tool" time="0.001" /><testcase classname="tests.test_approval_policy.TestRequiresApprovalWildcard" name="test_wildcard_with_arg_pattern" time="0.001" /><testcase classname="tests.test_approval_policy.TestRequiresApprovalEmptyPolicy" name="test_empty_rules_always_false" time="0.001" /><testcase classname="tests.test_approval_policy.TestRequiresApprovalEmptyPolicy" name="test_default_policy_always_false" time="0.001" /><testcase classname="tests.test_approval_policy.TestApprovalSession" name="test_session_is_pre_granted_returns_false_initially" time="0.001" /><testcase classname="tests.test_approval_policy.TestApprovalSession" name="test_session_grant_adds_tool" time="0.001" /><testcase classname="tests.test_approval_policy.TestApprovalSession" name="test_session_is_pre_granted_returns_true_after_grant" time="0.001" /><testcase classname="tests.test_approval_policy.TestApprovalSession" name="test_session_clear_removes_all_grants" time="0.001" /><testcase classname="tests.test_approval_policy.TestGrantRecordDataclass" name="test_grant_record_fields" time="0.001" /><testcase classname="tests.test_approval_policy.TestGrantRecordDataclass" name="test_grant_record_optional_fields" time="0.001" /><testcase classname="tests.test_approval_policy.TestMaxUses" name="test_max_uses_allows_exactly_n_calls" time="0.001" /><testcase classname="tests.test_approval_policy.TestMaxUses" name="test_max_uses_one_is_single_shot" time="0.001" /><testcase classname="tests.test_approval_policy.TestMaxUses" name="test_exhausted_grant_cleaned_up" time="0.001" /><testcase classname="tests.test_approval_policy.TestMaxUses" name="test_max_uses_zero_denied_immediately" time="0.001" /><testcase classname="tests.test_approval_policy.TestTTLExpiry" name="test_ttl_grant_valid_within_window" time="0.001" /><testcase classname="tests.test_approval_policy.TestTTLExpiry" name="test_ttl_grant_expires_after_duration" time="0.002" /><testcase classname="tests.test_approval_policy.TestTTLExpiry" name="test_ttl_grant_valid_just_before_expiry" time="0.002" /><testcase classname="tests.test_approval_policy.TestTTLExpiry" name="test_expired_grant_cleaned_up" time="0.002" /><testcase classname="tests.test_approval_policy.TestArgPattern" name="test_matching_args_allowed" time="0.001" /><testcase classname="tests.test_approval_policy.TestArgPattern" name="test_non_matching_args_denied" time="0.001" /><testcase classname="tests.test_approval_policy.TestArgPattern" name="test_regex_pattern_matching" time="0.001" /><testcase classname="tests.test_approval_policy.TestArgPattern" name="test_no_pattern_matches_any_args" time="0.001" /><testcase classname="tests.test_approval_policy.TestArgPattern" name="test_pattern_checked_against_all_string_args" time="0.001" /><testcase classname="tests.test_approval_policy.TestBlanketGrant" name="test_unlimited_grant_always_valid" time="0.001" /><testcase classname="tests.test_approval_policy.TestBlanketGrant" name="test_grant_with_policy_defaults" time="0.001" /><testcase classname="tests.test_approval_policy.TestBlanketGrant" name="test_grant_explicit_overrides_policy_defaults" time="0.001" /><testcase classname="tests.test_approval_policy.TestBackwardCompat" name="test_is_pre_granted_no_args_param" time="0.001" /><testcase classname="tests.test_approval_policy.TestBackwardCompat" name="test_grant_no_kwargs" time="0.001" /><testcase classname="tests.test_approval_policy.TestBackwardCompat" name="test_non_granted_tool_returns_false" time="0.001" /><testcase classname="tests.test_approval_policy.TestBackwardCompat" name="test_clear_removes_all_scoped_grants" time="0.001" /><testcase classname="tests.test_approval_policy.TestPolicyGrantDefaults" name="test_default_grant_ttl_field" time="0.001" /><testcase classname="tests.test_approval_policy.TestPolicyGrantDefaults" name="test_default_max_uses_field" time="0.001" /><testcase classname="tests.test_approval_policy.TestPolicyGrantDefaults" name="test_custom_policy_defaults" time="0.001" /><testcase classname="tests.test_approval_policy.TestPolicyGrantDefaults" name="test_none_max_uses_means_unlimited" time="0.001" /><testcase classname="tests.test_ask_user.TestAskUserToolsetRegistration" name="test_inherits_function_toolset" time="0.012" /><testcase classname="tests.test_ask_user.TestAskUserToolsetRegistration" name="test_registers_ask_user" time="0.003" /><testcase classname="tests.test_ask_user.TestAskUserToolsetRegistration" name="test_single_tool_registered" time="0.004" /><testcase classname="tests.test_ask_user.TestAskUserFreeText" name="test_sends_question_and_returns_response" time="0.005" /><testcase classname="tests.test_ask_user.TestAskUserFreeText" name="test_returns_channel_receive_value" time="0.005" /><testcase classname="tests.test_ask_user.TestAskUserOptionsFormatting" name="test_formats_numbered_list" time="0.005" /><testcase classname="tests.test_ask_user.TestAskUserOptionsFormatting" name="test_formats_three_options" time="0.004" /><testcase classname="tests.test_ask_user.TestAskUserOptionsByIndex" name="test_index_1_returns_first_option" time="0.004" /><testcase classname="tests.test_ask_user.TestAskUserOptionsByIndex" name="test_index_2_returns_second_option" time="0.003" /><testcase classname="tests.test_ask_user.TestAskUserOptionsByText" name="test_exact_text_match" time="0.003" /><testcase classname="tests.test_ask_user.TestAskUserOptionsByText" name="test_uppercase_text_match" time="0.003" /><testcase classname="tests.test_ask_user.TestAskUserOptionsByText" name="test_mixed_case_text_match" time="0.004" /><testcase classname="tests.test_ask_user.TestAskUserInvalidInput" name="test_reasks_on_invalid_then_accepts_valid" time="0.004" /><testcase classname="tests.test_ask_user.TestAskUserInvalidInput" name="test_reasks_multiple_times" time="0.003" /><testcase classname="tests.test_ask_user.TestAskUserRetryExhaustionAbort" name="test_raises_after_max_retries" time="0.003" /><testcase classname="tests.test_ask_user.TestAskUserRetryExhaustionAbort" name="test_error_is_timeout_error_subclass" time="0.001" /><testcase classname="tests.test_ask_user.TestAskUserRetryExhaustionSkip" name="test_returns_default_response" time="0.003" /><testcase classname="tests.test_ask_user.TestAskUserRetryExhaustionSkip" name="test_returns_builtin_default" time="0.005" /><testcase classname="tests.test_ask_user.TestAskUserTimeoutAbort" name="test_raises_on_timeout" time="0.003" /><testcase classname="tests.test_ask_user.TestAskUserTimeoutSkip" name="test_returns_default_on_timeout" time="0.003" /><testcase classname="tests.test_ask_user.TestAskUserTimeoutSkip" name="test_returns_builtin_default_on_timeout" time="0.003" /><testcase classname="tests.test_ask_user.TestFromAC_ReceiveOptionEdgePaths" name="test_receive_option_timeout_triggers_handle_timeout_abort" time="0.006" /><testcase classname="tests.test_ask_user.TestFromAC_ReceiveOptionEdgePaths" name="test_receive_option_timeout_triggers_handle_timeout_skip" time="0.005" /><testcase classname="tests.test_ask_user.TestFromAC_ReceiveOptionEdgePaths" name="test_receive_option_none_triggers_handle_timeout_abort" time="0.004" /><testcase classname="tests.test_ask_user.TestFromAC_ReceiveOptionEdgePaths" name="test_receive_option_none_triggers_handle_timeout_skip" time="0.004" /><testcase classname="tests.test_auth.test_copilot.TestRequestDeviceCode" name="test_returns_expected_fields" time="0.015" /><testcase classname="tests.test_auth.test_copilot.TestPollForAccessToken" name="test_handles_authorization_pending" time="0.006" /><testcase classname="tests.test_auth.test_copilot.TestPollForAccessToken" name="test_handles_slow_down_increases_interval" time="0.006" /><testcase classname="tests.test_auth.test_copilot.TestPollForAccessToken" name="test_returns_token_on_success" time="0.006" /><testcase classname="tests.test_auth.test_copilot.TestPollForAccessToken" name="test_raises_timeout_on_expiry" time="0.005" /><testcase classname="tests.test_auth.test_copilot.TestExchangeForCopilotToken" name="test_returns_token_dict" time="0.005" /><testcase classname="tests.test_auth.test_copilot.TestRequestDeviceCodeRetry" name="test_retries_on_502_then_succeeds" time="6.414" /><testcase classname="tests.test_auth.test_copilot.TestRequestDeviceCodeRetry" name="test_no_retry_on_401" time="0.004" /><testcase classname="tests.test_auth.test_copilot.TestExchangeForCopilotTokenRetry" name="test_retries_on_502_then_succeeds" time="8.375" /><testcase classname="tests.test_auth.test_copilot.TestExchangeForCopilotTokenRetry" name="test_no_retry_on_401" time="0.005" /><testcase classname="tests.test_auth.test_copilot.TestDeriveBaseUrl" name="test_parses_proxy_ep_from_token" time="0.001" /><testcase classname="tests.test_auth.test_copilot.TestDeriveBaseUrl" name="test_returns_default_when_no_proxy_ep" time="0.001" /><testcase classname="tests.test_auth.test_copilot.TestDeriveBaseUrl" name="test_handles_spaces_around_semicolons" time="0.001" /><testcase classname="tests.test_auth.test_copilot.TestTokenCaching" name="test_save_and_load_round_trip" time="0.007" /><testcase classname="tests.test_auth.test_copilot.TestTokenCaching" name="test_load_returns_none_for_missing_file" time="0.006" /><testcase classname="tests.test_auth.test_copilot.TestTokenCaching" name="test_load_returns_none_for_expired_token" time="0.006" /><testcase classname="tests.test_auth.test_copilot.TestTokenCaching" name="test_load_returns_token_when_not_expired" time="0.005" /><testcase classname="tests.test_auth.test_copilot.TestTokenCaching" name="test_save_creates_parent_directory" time="0.008" /><testcase classname="tests.test_auth.test_copilot.TestTokenCaching" name="test_save_sets_file_permissions_0600" time="0.000"><skipped type="pytest.skip" message="Unix permissions only">C:\Users\p362329\Coding\Projects\owlbear\tests\test_auth\test_copilot.py:433: Unix permissions only</skipped></testcase><testcase classname="tests.test_auth.test_copilot.TestTokenCaching" name="test_save_sets_parent_dir_permissions_0700" time="0.000"><skipped type="pytest.skip" message="Unix permissions only">C:\Users\p362329\Coding\Projects\owlbear\tests\test_auth\test_copilot.py:444: Unix permissions only</skipped></testcase><testcase classname="tests.test_auth.test_copilot.TestTokenCaching" name="test_save_uses_write_text_on_windows" time="0.005" /><testcase classname="tests.test_auth.test_copilot.TestLoadOrRefreshToken" name="test_returns_cached_token_when_valid" time="0.010" /><testcase classname="tests.test_auth.test_copilot.TestLoadOrRefreshToken" name="test_runs_full_flow_when_no_cache" time="0.008" /><testcase classname="tests.test_auth.test_copilot.TestPollForAccessTokenUnexpectedError" name="test_unexpected_error_raises_runtime_error" time="0.005" /><testcase classname="tests.test_auth.test_copilot.TestSaveTokenUnixBranch" name="test_unix_branch_uses_os_open_with_0600" time="0.008" /><testcase classname="tests.test_benchmark_evaluate.TestEvaluateRuns" name="test_returns_report_object" time="0.001"><skipped type="pytest.skip" message="could not import 'ranx': No module named 'ranx'">c:\Users\p362329\Coding\Projects\owlbear\tests\test_benchmark_evaluate.py:87: could not import 'ranx': No module named 'ranx'</skipped></testcase><testcase classname="tests.test_benchmark_evaluate.TestEvaluateRuns" name="test_report_contains_metrics" time="0.004"><skipped type="pytest.skip" message="could not import 'ranx': No module named 'ranx'">c:\Users\p362329\Coding\Projects\owlbear\tests\test_benchmark_evaluate.py:102: could not import 'ranx': No module named 'ranx'</skipped></testcase><testcase classname="tests.test_benchmark_evaluate.TestEvaluateRuns" name="test_report_has_all_runs" time="0.001"><skipped type="pytest.skip" message="could not import 'ranx': No module named 'ranx'">c:\Users\p362329\Coding\Projects\owlbear\tests\test_benchmark_evaluate.py:115: could not import 'ranx': No module named 'ranx'</skipped></testcase><testcase classname="tests.test_benchmark_evaluate.TestComputeLatencyStats" name="test_returns_dict_with_all_modes" time="0.001" /><testcase classname="tests.test_benchmark_evaluate.TestComputeLatencyStats" name="test_stat_keys" time="0.001" /><testcase classname="tests.test_benchmark_evaluate.TestComputeLatencyStats" name="test_mean_value" time="0.001"><failure message="AttributeError: module 'numpy' has no attribute 'isscalar'">E   AttributeError: module 'numpy' has no attribute 'isscalar'</failure></testcase><testcase classname="tests.test_benchmark_evaluate.TestComputeLatencyStats" name="test_p50_value" time="0.001"><failure message="AttributeError: module 'numpy' has no attribute 'isscalar'">E   AttributeError: module 'numpy' has no attribute 'isscalar'</failure></testcase><testcase classname="tests.test_benchmark_evaluate.TestComputeLatencyStats" name="test_p95_ge_p50" time="0.001" /><testcase classname="tests.test_benchmark_evaluate.TestComputeLatencyStats" name="test_p99_ge_p95" time="0.001" /><testcase classname="tests.test_benchmark_evaluate.TestComputeLatencyStats" name="test_single_value" time="0.001"><failure message="AttributeError: module 'numpy' has no attribute 'isscalar'">E   AttributeError: module 'numpy' has no attribute 'isscalar'</failure></testcase><testcase classname="tests.test_benchmark_evaluate.TestFormatResults" name="test_returns_string" time="0.002"><skipped type="pytest.skip" message="could not import 'ranx': No module named 'ranx'">c:\Users\p362329\Coding\Projects\owlbear\tests\test_benchmark_evaluate.py:199: could not import 'ranx': No module named 'ranx'</skipped></testcase><testcase classname="tests.test_benchmark_evaluate.TestFormatResults" name="test_contains_latency_header" time="0.002"><skipped type="pytest.skip" message="could not import 'ranx': No module named 'ranx'">c:\Users\p362329\Coding\Projects\owlbear\tests\test_benchmark_evaluate.py:212: could not import 'ranx': No module named 'ranx'</skipped></testcase><testcase classname="tests.test_benchmark_evaluate.TestFormatResults" name="test_contains_mode_names" time="0.002"><skipped type="pytest.skip" message="could not import 'ranx': No module named 'ranx'">c:\Users\p362329\Coding\Projects\owlbear\tests\test_benchmark_evaluate.py:222: could not import 'ranx': No module named 'ranx'</skipped></testcase><testcase classname="tests.test_benchmark_evaluate.TestWriteResultsDoc" name="test_creates_file" time="0.009"><skipped type="pytest.skip" message="could not import 'ranx': No module named 'ranx'">c:\Users\p362329\Coding\Projects\owlbear\tests\test_benchmark_evaluate.py:243: could not import 'ranx': No module named 'ranx'</skipped></testcase><testcase classname="tests.test_benchmark_evaluate.TestWriteResultsDoc" name="test_file_is_markdown" time="0.007"><skipped type="pytest.skip" message="could not import 'ranx': No module named 'ranx'">c:\Users\p362329\Coding\Projects\owlbear\tests\test_benchmark_evaluate.py:257: could not import 'ranx': No module named 'ranx'</skipped></testcase><testcase classname="tests.test_benchmark_evaluate.TestWriteResultsDoc" name="test_contains_date" time="0.005"><skipped type="pytest.skip" message="could not import 'ranx': No module named 'ranx'">c:\Users\p362329\Coding\Projects\owlbear\tests\test_benchmark_evaluate.py:271: could not import 'ranx': No module named 'ranx'</skipped></testcase><testcase classname="tests.test_benchmark_evaluate.TestWriteResultsDoc" name="test_contains_latency_table" time="0.005"><skipped type="pytest.skip" message="could not import 'ranx': No module named 'ranx'">c:\Users\p362329\Coding\Projects\owlbear\tests\test_benchmark_evaluate.py:284: could not import 'ranx': No module named 'ranx'</skipped></testcase><testcase classname="tests.test_benchmark_evaluate.TestWriteResultsDoc" name="test_contains_statistical_significance" time="0.007"><skipped type="pytest.skip" message="could not import 'ranx': No module named 'ranx'">c:\Users\p362329\Coding\Projects\owlbear\tests\test_benchmark_evaluate.py:298: could not import 'ranx': No module named 'ranx'</skipped></testcase><testcase classname="tests.test_benchmark_harness.TestNfcorpusSkipGuard" name="test_skips_on_network_error[ConnectionError]" time="0.001" /><testcase classname="tests.test_benchmark_harness.TestNfcorpusSkipGuard" name="test_skips_on_network_error[OSError]" time="0.001" /><testcase classname="tests.test_benchmark_harness.TestNfcorpusSkipGuard" name="test_returns_data_on_success" time="0.001" /><testcase classname="tests.test_benchmark_harness.TestNfcorpusSkipGuard" name="test_skips_on_requests_error_if_available" time="0.001" /><testcase classname="tests.test_benchmark_harness.TestBuildQrels" name="test_returns_qrels_object" time="0.001"><skipped type="pytest.skip" message="could not import 'ranx': No module named 'ranx'">c:\Users\p362329\Coding\Projects\owlbear\tests\test_benchmark_harness.py:181: could not import 'ranx': No module named 'ranx'</skipped></testcase><testcase classname="tests.test_benchmark_harness.TestBuildQrels" name="test_qrels_contains_all_queries" time="0.002"><skipped type="pytest.skip" message="could not import 'ranx': No module named 'ranx'">c:\Users\p362329\Coding\Projects\owlbear\tests\test_benchmark_harness.py:187: could not import 'ranx': No module named 'ranx'</skipped></testcase><testcase classname="tests.test_benchmark_harness.TestBuildQrels" name="test_qrels_preserves_relevance_scores" time="0.001"><skipped type="pytest.skip" message="could not import 'ranx': No module named 'ranx'">c:\Users\p362329\Coding\Projects\owlbear\tests\test_benchmark_harness.py:195: could not import 'ranx': No module named 'ranx'</skipped></testcase><testcase classname="tests.test_benchmark_harness.TestBuildRun" name="test_returns_run_object" time="0.001"><skipped type="pytest.skip" message="could not import 'ranx': No module named 'ranx'">c:\Users\p362329\Coding\Projects\owlbear\tests\test_benchmark_harness.py:213: could not import 'ranx': No module named 'ranx'</skipped></testcase><testcase classname="tests.test_benchmark_harness.TestBuildRun" name="test_run_contains_all_queries" time="0.001"><skipped type="pytest.skip" message="could not import 'ranx': No module named 'ranx'">c:\Users\p362329\Coding\Projects\owlbear\tests\test_benchmark_harness.py:219: could not import 'ranx': No module named 'ranx'</skipped></testcase><testcase classname="tests.test_benchmark_harness.TestBuildRun" name="test_run_preserves_scores" time="0.001"><skipped type="pytest.skip" message="could not import 'ranx': No module named 'ranx'">c:\Users\p362329\Coding\Projects\owlbear\tests\test_benchmark_harness.py:226: could not import 'ranx': No module named 'ranx'</skipped></testcase><testcase classname="tests.test_benchmark_harness.TestBuildRun" name="test_run_empty_input" time="0.001"><skipped type="pytest.skip" message="could not import 'ranx': No module named 'ranx'">c:\Users\p362329\Coding\Projects\owlbear\tests\test_benchmark_harness.py:232: could not import 'ranx': No module named 'ranx'</skipped></testcase><testcase classname="tests.test_benchmark_harness.TestLatencyRecording" name="test_make_latency_tracker_returns_defaultdict" time="0.000" /><testcase classname="tests.test_benchmark_harness.TestLatencyRecording" name="test_record_latency_appends" time="0.001"><failure message="AttributeError: module 'numpy' has no attribute 'isscalar'">E   AttributeError: module 'numpy' has no attribute 'isscalar'</failure></testcase><testcase classname="tests.test_benchmark_harness.TestLatencyRecording" name="test_latency_structure_mode_to_floats" time="0.001" /><testcase classname="tests.test_benchmark_harness.TestLatencyRecording" name="test_latency_multiple_modes_independent" time="0.000" /><testcase classname="tests.test_benchmark_harness.TestLatencyRecording" name="test_latency_empty_tracker" time="0.001" /><testcase classname="tests.test_benchmark_tool_eval.TestFromAC_EvalCase" name="test_has_case_id_field" time="0.001" /><testcase classname="tests.test_benchmark_tool_eval.TestFromAC_EvalCase" name="test_has_prompt_field" time="0.001" /><testcase classname="tests.test_benchmark_tool_eval.TestFromAC_EvalCase" name="test_has_agent_name_field" time="0.001" /><testcase classname="tests.test_benchmark_tool_eval.TestFromAC_EvalCase" name="test_has_expected_tools_field" time="0.001" /><testcase classname="tests.test_benchmark_tool_eval.TestFromAC_EvalCase" name="test_expected_tools_is_list_of_str" time="0.001" /><testcase classname="tests.test_benchmark_tool_eval.TestFromAC_EvalResult" name="test_has_case_field" time="0.001" /><testcase classname="tests.test_benchmark_tool_eval.TestFromAC_EvalResult" name="test_has_actual_tools_field" time="0.001" /><testcase classname="tests.test_benchmark_tool_eval.TestFromAC_EvalResult" name="test_has_passed_field" time="0.000" /><testcase classname="tests.test_benchmark_tool_eval.TestFromAC_EvalResult" name="test_has_error_field_none" time="0.001" /><testcase classname="tests.test_benchmark_tool_eval.TestFromAC_EvalResult" name="test_has_error_field_str" time="0.001" /><testcase classname="tests.test_benchmark_tool_eval.TestFromAC_ExtractToolCalls" name="test_extracts_single_tool_call" time="0.001" /><testcase classname="tests.test_benchmark_tool_eval.TestFromAC_ExtractToolCalls" name="test_extracts_multiple_tool_calls_in_order" time="0.001" /><testcase classname="tests.test_benchmark_tool_eval.TestFromAC_ExtractToolCalls" name="test_extracts_across_multiple_responses" time="0.001" /><testcase classname="tests.test_benchmark_tool_eval.TestFromAC_ExtractToolCalls" name="test_empty_messages_returns_empty_list" time="0.001" /><testcase classname="tests.test_benchmark_tool_eval.TestFromAC_ExtractToolCalls" name="test_no_tool_calls_returns_empty_list" time="0.001" /><testcase classname="tests.test_benchmark_tool_eval.TestFromAC_ExtractToolCalls" name="test_ignores_text_parts_in_response" time="0.001" /><testcase classname="tests.test_benchmark_tool_eval.TestFromAC_ExtractToolCalls" name="test_preserves_call_order_across_messages" time="0.001" /><testcase classname="tests.test_benchmark_tool_eval.TestFromAC_MatchTools" name="test_exact_match" time="0.001" /><testcase classname="tests.test_benchmark_tool_eval.TestFromAC_MatchTools" name="test_subset_match" time="0.001" /><testcase classname="tests.test_benchmark_tool_eval.TestFromAC_MatchTools" name="test_superset_fails" time="0.001" /><testcase classname="tests.test_benchmark_tool_eval.TestFromAC_MatchTools" name="test_empty_expected_always_matches" time="0.001" /><testcase classname="tests.test_benchmark_tool_eval.TestFromAC_MatchTools" name="test_empty_expected_empty_actual" time="0.001" /><testcase classname="tests.test_benchmark_tool_eval.TestFromAC_MatchTools" name="test_nonempty_expected_empty_actual_fails" time="0.001" /><testcase classname="tests.test_benchmark_tool_eval.TestFromAC_MatchTools" name="test_order_insensitive" time="0.001" /><testcase classname="tests.test_benchmark_tool_eval.TestFromAC_MatchTools" name="test_duplicates_in_expected_still_subset" time="0.001" /><testcase classname="tests.test_benchmark_tool_eval.TestFromAC_RunEval" name="test_evaluates_single_case" time="0.003" /><testcase classname="tests.test_benchmark_tool_eval.TestFromAC_RunEval" name="test_evaluates_multiple_cases" time="0.002" /><testcase classname="tests.test_benchmark_tool_eval.TestFromAC_RunEval" name="test_failing_case_has_passed_false" time="0.001" /><testcase classname="tests.test_benchmark_tool_eval.TestFromAC_RunEval" name="test_empty_cases_returns_empty" time="0.002" /><testcase classname="tests.test_benchmark_tool_eval.TestFromAC_RunEval" name="test_runner_exception_captured_in_error" time="0.002" /><testcase classname="tests.test_benchmark_tool_eval.TestFromAC_RunEval" name="test_result_case_references_original" time="0.002" /><testcase classname="tests.test_benchmark_tool_eval.TestFromAC_ComputeAccuracy" name="test_all_pass" time="0.001" /><testcase classname="tests.test_benchmark_tool_eval.TestFromAC_ComputeAccuracy" name="test_all_fail" time="0.001" /><testcase classname="tests.test_benchmark_tool_eval.TestFromAC_ComputeAccuracy" name="test_mixed_results" time="0.001" /><testcase classname="tests.test_benchmark_tool_eval.TestFromAC_ComputeAccuracy" name="test_multiple_agents" time="0.001" /><testcase classname="tests.test_benchmark_tool_eval.TestFromAC_ComputeAccuracy" name="test_empty_results" time="0.001" /><testcase classname="tests.test_benchmark_tool_eval.TestFromAC_ComputeAccuracy" name="test_zero_cases_for_agent_returns_zero" time="0.001" /><testcase classname="tests.test_benchmark_tool_eval.TestFromAC_FormatEvalReport" name="test_returns_string" time="0.001" /><testcase classname="tests.test_benchmark_tool_eval.TestFromAC_FormatEvalReport" name="test_contains_per_case_table_headers" time="0.001" /><testcase classname="tests.test_benchmark_tool_eval.TestFromAC_FormatEvalReport" name="test_contains_case_data" time="0.001" /><testcase classname="tests.test_benchmark_tool_eval.TestFromAC_FormatEvalReport" name="test_contains_accuracy_summary" time="0.001" /><testcase classname="tests.test_benchmark_tool_eval.TestFromAC_FormatEvalReport" name="test_contains_pass_fail_indicator" time="0.001" /><testcase classname="tests.test_benchmark_tool_eval.TestFromAC_FormatEvalReport" name="test_multiple_agents_in_summary" time="0.001" /><testcase classname="tests.test_benchmark_tool_eval.TestFromAC_FormatEvalReport" name="test_markdown_table_pipe_chars" time="0.001" /><testcase classname="tests.test_blocked_error_location.TestFromAC_BlockedCommandErrorLocation" name="test_module_attr_is_errors" time="0.001" /><testcase classname="tests.test_blocked_error_location.TestFromAC_BlockedCommandErrorLocation" name="test_errors_no_import_from_command_guard" time="0.004" /><testcase classname="tests.test_blocked_error_location.TestFromAC_BlockedCommandErrorLocation" name="test_command_guard_imports_from_errors" time="0.003" /><testcase classname="tests.test_blocked_error_location.TestFromAC_BlockedCommandErrorPreserved" name="test_inherits_owlbearerror" time="0.001" /><testcase classname="tests.test_blocked_error_location.TestFromAC_BlockedCommandErrorPreserved" name="test_stores_command_and_pattern" time="0.001" /><testcase classname="tests.test_blocked_error_location.TestFromAC_BlockedCommandErrorPreserved" name="test_classify_error_returns_permanent" time="0.001" /><testcase classname="tests.test_blocked_url_error_contract.TestFromAC_BlockedURLErrorDefinition" name="test_is_owlbear_error_subclass" time="0.001" /><testcase classname="tests.test_blocked_url_error_contract.TestFromAC_BlockedURLErrorDefinition" name="test_url_attribute_exact" time="0.001" /><testcase classname="tests.test_blocked_url_error_contract.TestFromAC_BlockedURLErrorDefinition" name="test_pattern_attribute_exact" time="0.001" /><testcase classname="tests.test_blocked_url_error_contract.TestFromAC_BlockedURLErrorDefinition" name="test_message_format_exact" time="0.001" /><testcase classname="tests.test_blocked_url_error_contract.TestFromAC_BlockedURLErrorDefinition" name="test_compat_import_from_safety_is_same_class" time="0.001" /><testcase classname="tests.test_blocked_url_error_contract.TestFromAC_BlockedURLErrorDefinition" name="test_allowlist_sentinel_pattern_value" time="0.001" /><testcase classname="tests.test_blocked_url_error_contract.TestFromAC_URLSafetyGuardCheckURL" name="test_check_url_raises_for_blocklist_match" time="0.001" /><testcase classname="tests.test_blocked_url_error_contract.TestFromAC_URLSafetyGuardCheckURL" name="test_check_url_blocklist_exception_carries_pattern" time="0.001" /><testcase classname="tests.test_blocked_url_error_contract.TestFromAC_URLSafetyGuardCheckURL" name="test_check_url_blocklist_exception_carries_url" time="0.001" /><testcase classname="tests.test_blocked_url_error_contract.TestFromAC_URLSafetyGuardCheckURL" name="test_check_url_raises_for_allowlist_denial" time="0.001" /><testcase classname="tests.test_blocked_url_error_contract.TestFromAC_URLSafetyGuardCheckURL" name="test_check_url_allowlist_denial_uses_sentinel_pattern" time="0.001" /><testcase classname="tests.test_blocked_url_error_contract.TestFromAC_URLSafetyGuardCheckURL" name="test_check_url_does_not_raise_for_allowed_url" time="0.001" /><testcase classname="tests.test_blocked_url_error_contract.TestFromAC_URLSafetyGuardCheckURL" name="test_check_url_blocklist_takes_precedence_over_allowlist" time="0.001" /><testcase classname="tests.test_blocked_url_error_contract.TestFromAC_ToolsInitScope" name="test_blocked_url_error_not_in_tools_all" time="0.001" /><testcase classname="tests.test_blocked_url_error_contract.TestFromAC_ToolsInitScope" name="test_blocked_url_error_not_a_top_level_tools_attribute" time="0.001" /><testcase classname="tests.test_blocked_url_error_location.TestFromAC_BlockedURLErrorLocation" name="test_errors_no_import_from_browser_safety" time="0.003" /><testcase classname="tests.test_blocked_url_error_location.TestFromAC_BlockedURLErrorLocation" name="test_blocked_url_error_module" time="0.001" /><testcase classname="tests.test_blocked_url_error_location.TestFromAC_BlockedURLErrorLocation" name="test_classify_error_returns_permanent" time="0.001" /><testcase classname="tests.test_blocked_url_error_location.TestFromAC_DaemonCleanImport" name="test_daemon_import_without_tools_preseeding" time="2.440" /><testcase classname="tests.test_blocked_url_error_location.TestFromAC_DaemonCleanImport" name="test_daemon_import_config_then_daemon" time="2.365" /><testcase classname="tests.test_board_context.TestFromAC_Constructor" name="test_default_kanban_cmd_is_full_list_command" time="0.001" /><testcase classname="tests.test_board_context.TestFromAC_Constructor" name="test_default_ttl_is_60_seconds" time="0.001" /><testcase classname="tests.test_board_context.TestFromAC_Constructor" name="test_custom_kanban_cmd_is_stored" time="0.001" /><testcase classname="tests.test_board_context.TestFromAC_Constructor" name="test_custom_ttl_seconds_is_stored" time="0.001" /><testcase classname="tests.test_board_context.TestFromAC_Constructor" name="test_custom_timer_is_stored" time="0.001" /><testcase classname="tests.test_board_context.TestFromAC_GetContextHappyPath" name="test_runs_default_command_via_create_subprocess_exec" time="0.004" /><testcase classname="tests.test_board_context.TestFromAC_GetContextHappyPath" name="test_returns_decoded_stdout" time="0.003" /><testcase classname="tests.test_board_context.TestFromAC_TTLCache" name="test_second_call_within_ttl_skips_subprocess" time="0.003" /><testcase classname="tests.test_board_context.TestFromAC_TTLCache" name="test_expired_ttl_reruns_subprocess" time="0.003" /><testcase classname="tests.test_board_context.TestFromAC_TTLCache" name="test_invalidate_forces_refresh_before_ttl" time="0.004" /><testcase classname="tests.test_board_context.TestFromAC_TTLCache" name="test_invalidate_before_any_call_does_not_raise" time="0.001" /><testcase classname="tests.test_board_context.TestFromAC_GracefulDegradation" name="test_os_error_returns_empty_string" time="0.003" /><testcase classname="tests.test_board_context.TestFromAC_GracefulDegradation" name="test_os_error_logs_warning" time="0.003" /><testcase classname="tests.test_board_context.TestFromAC_GracefulDegradation" name="test_nonzero_exit_returns_empty_string" time="0.003" /><testcase classname="tests.test_board_context.TestFromAC_GracefulDegradation" name="test_nonzero_exit_logs_warning_with_return_code" time="0.003" /><testcase classname="tests.test_bookmark.TestBookmarkModel" name="test_required_fields_present" time="0.001" /><testcase classname="tests.test_bookmark.TestBookmarkModel" name="test_id_defaults_to_uuid_hex" time="0.001" /><testcase classname="tests.test_bookmark.TestBookmarkModel" name="test_frozen" time="0.001" /><testcase classname="tests.test_bookmark.TestBookmarkModel" name="test_defaults" time="0.001" /><testcase classname="tests.test_bookmark.TestBookmarkModel" name="test_tags_is_list_of_str" time="0.001" /><testcase classname="tests.test_bookmark.TestBookmarkModel" name="test_relevance_score_ge_zero" time="0.001" /><testcase classname="tests.test_bookmark.TestBookmarkModel" name="test_relevance_score_le_one" time="0.001" /><testcase classname="tests.test_bookmark.TestBookmarkModel" name="test_optional_fields_none" time="0.001" /><testcase classname="tests.test_bookmark.TestBookmarkModel" name="test_unique_ids" time="0.001" /><testcase classname="tests.test_bookmark.TestBookmarkStoreCreate" name="test_create_returns_bookmark" time="0.002" /><testcase classname="tests.test_bookmark.TestBookmarkStoreCreate" name="test_create_persists" time="0.001" /><testcase classname="tests.test_bookmark.TestBookmarkStoreCreate" name="test_create_duplicate_url_scope_raises" time="0.001" /><testcase classname="tests.test_bookmark.TestBookmarkStoreCreate" name="test_create_same_url_different_scope_ok" time="0.001" /><testcase classname="tests.test_bookmark.TestBookmarkStoreCreate" name="test_create_stores_tags_as_json" time="0.001" /><testcase classname="tests.test_bookmark.TestBookmarkStoreGetByUrl" name="test_get_by_url_found" time="0.001" /><testcase classname="tests.test_bookmark.TestBookmarkStoreGetByUrl" name="test_get_by_url_not_found" time="0.001" /><testcase classname="tests.test_bookmark.TestBookmarkStoreGetByUrl" name="test_get_by_url_wrong_scope" time="0.001" /><testcase classname="tests.test_bookmark.TestBookmarkStoreGetByUrl" name="test_get_by_url_reconstructs_tags" time="0.001" /><testcase classname="tests.test_bookmark.TestBookmarkStoreList" name="test_list_all" time="0.001" /><testcase classname="tests.test_bookmark.TestBookmarkStoreList" name="test_list_filter_by_scope" time="0.001" /><testcase classname="tests.test_bookmark.TestBookmarkStoreList" name="test_list_filter_by_tag" time="0.001" /><testcase classname="tests.test_bookmark.TestBookmarkStoreList" name="test_list_filter_by_min_score" time="0.001" /><testcase classname="tests.test_bookmark.TestBookmarkStoreList" name="test_list_combined_filters" time="0.001" /><testcase classname="tests.test_bookmark.TestBookmarkStoreList" name="test_list_empty" time="0.001" /><testcase classname="tests.test_bookmark.TestBookmarkStoreUpdateTags" name="test_update_tags_success" time="0.001" /><testcase classname="tests.test_bookmark.TestBookmarkStoreUpdateTags" name="test_update_tags_nonexistent_raises" time="0.001" /><testcase classname="tests.test_bookmark.TestBookmarkStoreUpdateTags" name="test_update_tags_empty_list" time="0.001" /><testcase classname="tests.test_bookmark.TestBookmarkStoreDelete" name="test_delete_existing" time="0.001" /><testcase classname="tests.test_bookmark.TestBookmarkStoreDelete" name="test_delete_nonexistent_raises" time="0.003" /><testcase classname="tests.test_bookmark.TestSchemaV7FreshDB" name="test_schema_version_is_7" time="0.002" /><testcase classname="tests.test_bookmark.TestSchemaV7FreshDB" name="test_bookmarks_table_exists" time="0.002" /><testcase classname="tests.test_bookmark.TestSchemaV7FreshDB" name="test_bookmarks_has_all_columns" time="0.001" /><testcase classname="tests.test_bookmark.TestSchemaV7FreshDB" name="test_bookmarks_url_scope_unique_index" time="0.001" /><testcase classname="tests.test_bookmark.TestSchemaV7FreshDB" name="test_bookmarks_scope_index" time="0.002" /><testcase classname="tests.test_bookmark.TestSchemaV7Migration" name="test_bookmarks_table_created" time="0.002" /><testcase classname="tests.test_bookmark.TestSchemaV7Migration" name="test_bookmarks_has_all_columns" time="0.002" /><testcase classname="tests.test_bookmark.TestSchemaV7Migration" name="test_bookmarks_url_scope_index_created" time="0.002" /><testcase classname="tests.test_bookmark.TestSchemaV7Migration" name="test_bookmarks_scope_index_created" time="0.003" /><testcase classname="tests.test_bookmark.TestSchemaV7Migration" name="test_version_bumped_to_7" time="0.001" /><testcase classname="tests.test_bookmark.TestSchemaV7Migration" name="test_existing_data_preserved" time="0.002" /><testcase classname="tests.test_bookmark.TestSchemaV7Idempotent" name="test_double_init_no_error" time="0.002" /><testcase classname="tests.test_bookmark.TestSchemaV7Idempotent" name="test_double_init_preserves_bookmarks" time="0.002" /><testcase classname="tests.test_bookmark_pipeline.TestBookmarkResult" name="test_create_with_all_fields" time="0.001" /><testcase classname="tests.test_bookmark_pipeline.TestBookmarkResult" name="test_defaults" time="0.001" /><testcase classname="tests.test_bookmark_pipeline.TestBookmarkPipelineHappyPath" name="test_full_pipeline_high_score" time="0.006"><failure message="AttributeError: module 'numpy' has no attribute 'isscalar'">E   AttributeError: module 'numpy' has no attribute 'isscalar'</failure></testcase><testcase classname="tests.test_bookmark_pipeline.TestBookmarkPipelineHappyPath" name="test_bookmark_has_evaluation_metadata" time="0.003" /><testcase classname="tests.test_bookmark_pipeline.TestBookmarkPipelineHappyPath" name="test_custom_scope" time="0.003" /><testcase classname="tests.test_bookmark_pipeline.TestBookmarkPipelineDedup" name="test_duplicate_url_skipped" time="0.005" /><testcase classname="tests.test_bookmark_pipeline.TestBookmarkPipelineDedup" name="test_same_url_different_scope_not_dedup" time="0.004" /><testcase classname="tests.test_bookmark_pipeline.TestBookmarkPipelineThreshold" name="test_low_score_skips_ingest" time="0.003"><failure message="AttributeError: module 'numpy' has no attribute 'isscalar'">E   AttributeError: module 'numpy' has no attribute 'isscalar'</failure></testcase><testcase classname="tests.test_bookmark_pipeline.TestBookmarkPipelineThreshold" name="test_high_score_but_not_worth_ingesting" time="0.007" /><testcase classname="tests.test_bookmark_pipeline.TestBookmarkPipelineThreshold" name="test_custom_threshold" time="0.004" /><testcase classname="tests.test_bookmark_pipeline.TestBookmarkPipelineNoIngest" name="test_no_ingest_pipeline_still_bookmarks" time="0.003" /><testcase classname="tests.test_bookmark_pipeline.TestBookmarkPipelineEdgeCases" name="test_web_read_returns_empty" time="0.003" /><testcase classname="tests.test_bookmark_pipeline.TestBookmarkPipelineEdgeCases" name="test_web_read_returns_none" time="0.005" /><testcase classname="tests.test_bookmark_pipeline.TestBookmarkPipelineEdgeCases" name="test_web_read_raises" time="0.006" /><testcase classname="tests.test_bookmark_pipeline.TestBookmarkPipelineEdgeCases" name="test_no_reason" time="0.003" /><testcase classname="tests.test_bookmark_pipeline.TestBookmarkPipelineEdgeCases" name="test_no_project_context" time="0.005" /><testcase classname="tests.test_bookmark_pipeline.TestDefaultWebReadImportGuard" name="test_raises_import_error_when_trafilatura_unavailable" time="0.002" /><testcase classname="tests.test_bookmark_pipeline.TestDefaultWebReadImportGuard" name="test_error_message_contains_install_command" time="0.002" /><testcase classname="tests.test_bookmark_pipeline.TestDefaultWebReadFetch" name="test_happy_path_returns_extracted_text" time="0.003" /><testcase classname="tests.test_bookmark_pipeline.TestDefaultWebReadFetch" name="test_http_error_propagates" time="0.004" /><testcase classname="tests.test_bookmark_pipeline.TestDefaultWebReadFetch" name="test_extract_returns_none" time="0.008" /><testcase classname="tests.test_bookmark_pipeline.TestFromAC_BookmarkCancellation" name="test_cancel_before_extract_leaves_evaluation_and_bookmark_unset" time="0.003" /><testcase classname="tests.test_bookmark_pipeline.TestFromAC_BookmarkCancellation" name="test_cancel_before_evaluate_leaves_evaluation_and_bookmark_unset" time="0.189" /><testcase classname="tests.test_bookmark_pipeline.TestFromAC_BookmarkCancellation" name="test_cancel_before_ingest_preserves_evaluation_and_skips_ingest_and_store" time="0.003"><failure message="AttributeError: module 'numpy' has no attribute 'isscalar'">E   AttributeError: module 'numpy' has no attribute 'isscalar'</failure></testcase><testcase classname="tests.test_bookmark_pipeline.TestFromAC_BookmarkCancellation" name="test_cancel_before_store_leaves_bookmark_unset_preserving_earlier_stage_state" time="0.003" /><testcase classname="tests.test_bookmark_toolset.TestSubclass" name="test_is_function_toolset_subclass" time="0.005" /><testcase classname="tests.test_bookmark_toolset.TestConstructor" name="test_accepts_pipeline_and_store" time="0.002" /><testcase classname="tests.test_bookmark_toolset.TestToolRegistration" name="test_registers_two_tools" time="0.003" /><testcase classname="tests.test_bookmark_toolset.TestToolRegistration" name="test_tool_names" time="0.002" /><testcase classname="tests.test_bookmark_toolset.TestBookmarkSourceHappyPath" name="test_high_score_ingested[asyncio]" time="0.005" /><testcase classname="tests.test_bookmark_toolset.TestBookmarkSourceLowScore" name="test_low_score_not_ingested[asyncio]" time="0.004" /><testcase classname="tests.test_bookmark_toolset.TestBookmarkSourceDuplicate" name="test_duplicate_skipped[asyncio]" time="0.003" /><testcase classname="tests.test_bookmark_toolset.TestBookmarkSourceError" name="test_extraction_failure[asyncio]" time="0.004" /><testcase classname="tests.test_bookmark_toolset.TestBookmarkSourceError" name="test_pipeline_exception[asyncio]" time="0.007" /><testcase classname="tests.test_bookmark_toolset.TestOutputFormatting" name="test_bookmark_source_output_is_readable[asyncio]" time="0.006" /><testcase classname="tests.test_bookmark_toolset.TestListBookmarksWithResults" name="test_formats_bookmarks" time="0.004" /><testcase classname="tests.test_bookmark_toolset.TestListBookmarksEmpty" name="test_no_bookmarks" time="0.003" /><testcase classname="tests.test_bookmark_toolset.TestListBookmarksTagFilter" name="test_passes_tag_to_store" time="0.003" /><testcase classname="tests.test_bookmark_toolset.TestListBookmarksMinScoreFilter" name="test_passes_min_score_to_store" time="0.003" /><testcase classname="tests.test_bookmark_toolset.TestListBookmarksMinScoreFilter" name="test_passes_both_filters" time="0.003" /><testcase classname="tests.test_bookmark_toolset.TestOutputFormatting" name="test_list_bookmarks_output_is_readable" time="0.004" /><testcase classname="tests.test_bootstrap.TestBootstrapResult" name="test_fields_present" time="0.001" /><testcase classname="tests.test_bootstrap.TestBootstrapResult" name="test_cleanup_is_list" time="0.002" /><testcase classname="tests.test_bootstrap.TestBuildHooks" name="test_returns_hook_registry" time="0.005" /><testcase classname="tests.test_bootstrap.TestBuildHooks" name="test_pre_tool_use_has_handler" time="0.005" /><testcase classname="tests.test_bootstrap.TestBuildHooks" name="test_post_tool_use_has_handler" time="0.005" /><testcase classname="tests.test_bootstrap.TestBuildHooks" name="test_session_end_has_handler" time="0.005" /><testcase classname="tests.test_bootstrap.TestBuildHooks" name="test_subagent_complete_has_handler" time="0.005" /><testcase classname="tests.test_bootstrap.TestBuildHooks" name="test_session_start_has_handler" time="0.005" /><testcase classname="tests.test_bootstrap.TestBuildHooks" name="test_notification_events_registered" time="0.005" /><testcase classname="tests.test_bootstrap.TestBuildHooks" name="test_observability_hook_with_workspace" time="0.010" /><testcase classname="tests.test_bootstrap.TestBuildToolsets" name="test_returns_list" time="0.181" /><testcase classname="tests.test_bootstrap.TestBuildToolsets" name="test_contains_delegation_toolset" time="0.084" /><testcase classname="tests.test_bootstrap.TestBuildToolsets" name="test_non_delegation_wrapped_in_hooked" time="0.079" /><testcase classname="tests.test_bootstrap.TestBuildToolsets" name="test_github_toolset_included_when_token_set" time="0.107" /><testcase classname="tests.test_bootstrap.TestBuildToolsets" name="test_contains_kanban_toolset" time="0.075" /><testcase classname="tests.test_bootstrap.TestBuildToolsets" name="test_skill_registry_included_when_dir_exists" time="0.083" /><testcase classname="tests.test_bootstrap.TestBuildToolsets" name="test_conn_close_in_cleanup_when_infra_created" time="0.044" /><testcase classname="tests.test_bootstrap.TestBuildToolsets" name="test_no_conn_close_in_cleanup_when_infra_none" time="0.031" /><testcase classname="tests.test_bootstrap.TestCreateChannel" name="test_cli_channel" time="0.004" /><testcase classname="tests.test_bootstrap.TestCreateChannel" name="test_unknown_channel_raises" time="0.003" /><testcase classname="tests.test_bootstrap.TestCreateChannel" name="test_slack_channel_requires_settings" time="0.003" /><testcase classname="tests.test_bootstrap.TestCreateChannel" name="test_voice_channel_import_resolves" time="0.010" /><testcase classname="tests.test_bootstrap.TestBuildMcpRegistry" name="test_returns_none_when_no_servers" time="0.004" /><testcase classname="tests.test_bootstrap.TestBuildMcpRegistry" name="test_returns_registry_with_servers" time="0.004" /><testcase classname="tests.test_bootstrap.TestBuildAgentRegistry" name="test_returns_agent_registry" time="0.009" /><testcase classname="tests.test_bootstrap.TestBuildAgentRegistry" name="test_scan_called" time="0.009" /><testcase classname="tests.test_bootstrap.TestBuildAgentRegistry" name="test_passes_model_to_registry" time="0.011" /><testcase classname="tests.test_bootstrap.TestBuildAgentRegistry" name="test_defaults_to_settings_chat_model" time="0.011" /><testcase classname="tests.test_bootstrap.TestBootstrap" name="test_bootstrap_returns_result" time="0.087" /><testcase classname="tests.test_bootstrap.TestBootstrap" name="test_bootstrap_agent_has_deps" time="0.089" /><testcase classname="tests.test_bootstrap.TestBootstrap" name="test_bootstrap_model_failure_logged" time="0.009" /><testcase classname="tests.test_bootstrap.TestBuildToolsetsEdgeCases" name="test_skill_registry_failure_logged" time="0.083" /><testcase classname="tests.test_bootstrap.TestBuildToolsetsEdgeCases" name="test_github_toolset_failure_logged" time="0.082" /><testcase classname="tests.test_bootstrap.TestBuildAgentRegistryEdgeCases" name="test_tool_resolver_raises_on_unknown" time="0.011" /><testcase classname="tests.test_bootstrap.TestCreateChannelSlackSuccess" name="test_slack_channel_created" time="0.004"><failure message="ImportError: slack_sdk is not installed. Install with: uv sync --extra slack">E   ImportError: slack_sdk is not installed. Install with: uv sync --extra slack</failure></testcase><testcase classname="tests.test_bootstrap.TestBootstrapWithSkillsDir" name="test_bootstrap_finds_skill_registry" time="0.095" /><testcase classname="tests.test_bootstrap.TestBuildHooksProgress" name="test_returns_tuple_of_hooks_and_reporter" time="0.004" /><testcase classname="tests.test_bootstrap.TestBuildHooksProgress" name="test_progress_enabled_with_channel_creates_reporter" time="0.005" /><testcase classname="tests.test_bootstrap.TestBuildHooksProgress" name="test_progress_disabled_no_reporter" time="0.005" /><testcase classname="tests.test_bootstrap.TestBuildHooksProgress" name="test_no_channel_no_reporter" time="0.004" /><testcase classname="tests.test_bootstrap.TestBuildHooksProgress" name="test_reporter_receives_settings_values" time="0.004" /><testcase classname="tests.test_bootstrap.TestBootstrapProgress" name="test_bootstrap_progress_enabled" time="0.083" /><testcase classname="tests.test_bootstrap.TestBootstrapProgress" name="test_bootstrap_progress_disabled" time="0.096" /><testcase classname="tests.test_bootstrap.TestBootstrapProgress" name="test_bootstrap_progress_stop_in_cleanup" time="0.091" /><testcase classname="tests.test_bootstrap.TestBootstrapProgress" name="test_bootstrap_progress_disabled_no_stop_cleanup" time="0.091" /><testcase classname="tests.test_bootstrap.TestApprovalWrapping" name="test_destructive_toolsets_wrapped_when_policy_nonempty" time="0.077" /><testcase classname="tests.test_bootstrap.TestApprovalWrapping" name="test_non_destructive_skip_approval" time="0.077" /><testcase classname="tests.test_bootstrap.TestApprovalWrapping" name="test_wrapping_order_inner_hooked_gate" time="0.076" /><testcase classname="tests.test_bootstrap.TestApprovalWrapping" name="test_shared_approval_session" time="0.077" /><testcase classname="tests.test_bootstrap.TestApprovalWrapping" name="test_empty_policy_no_wrapping" time="0.082" /><testcase classname="tests.test_bootstrap.TestApprovalWrapping" name="test_github_toolset_wrapped_when_present" time="0.101" /><testcase classname="tests.test_bootstrap.TestConfigApprovalFields" name="test_default_policy_has_four_rules" time="0.003" /><testcase classname="tests.test_bootstrap.TestConfigApprovalFields" name="test_run_command_triggers_approval" time="0.004" /><testcase classname="tests.test_bootstrap.TestConfigApprovalFields" name="test_default_timeout" time="0.003" /><testcase classname="tests.test_bootstrap.TestConfigApprovalFields" name="test_empty_policy_override" time="0.004" /><testcase classname="tests.test_bootstrap.TestConfigApprovalFields" name="test_custom_timeout" time="0.003" /><testcase classname="tests.test_bootstrap.TestBootstrapApprovalIntegration" name="test_bootstrap_with_default_policy" time="0.087" /><testcase classname="tests.test_bootstrap.TestBootstrapApprovalIntegration" name="test_bootstrap_with_empty_policy" time="0.087" /><testcase classname="tests.test_bootstrap.TestResolveActiveProject" name="test_no_active_project_file_returns_none" time="0.006" /><testcase classname="tests.test_bootstrap.TestResolveActiveProject" name="test_empty_active_project_file_returns_none" time="0.007" /><testcase classname="tests.test_bootstrap.TestResolveActiveProject" name="test_whitespace_only_active_project_returns_none" time="0.007" /><testcase classname="tests.test_bootstrap.TestResolveActiveProject" name="test_valid_project_id_returns_tuple" time="0.011" /><testcase classname="tests.test_bootstrap.TestResolveActiveProject" name="test_missing_project_json_returns_none" time="0.008" /><testcase classname="tests.test_bootstrap.TestResolveActiveProject" name="test_returns_project_store" time="0.010" /><testcase classname="tests.test_bootstrap.TestBootstrapProjectAwareness" name="test_workspace_root_from_active_project" time="0.092" /><testcase classname="tests.test_bootstrap.TestBootstrapProjectAwareness" name="test_session_path_under_project" time="0.115" /><testcase classname="tests.test_bootstrap.TestBootstrapProjectAwareness" name="test_toolsets_receive_project_workspace" time="0.101" /><testcase classname="tests.test_bootstrap.TestBootstrapProjectAwareness" name="test_project_toolset_added_when_project_active" time="0.121" /><testcase classname="tests.test_bootstrap.TestBootstrapProjectAwareness" name="test_fallback_no_active_project" time="0.115" /><testcase classname="tests.test_bootstrap.TestBootstrapProjectAwareness" name="test_explicit_workspace_root_overrides_project" time="0.139" /><testcase classname="tests.test_bootstrap.TestBootstrapProjectAwareness" name="test_no_project_toolset_when_no_active_project" time="0.111" /><testcase classname="tests.test_bootstrap.TestBuildKnowledgeToolset" name="test_returns_toolset_on_success" time="0.070" /><testcase classname="tests.test_bootstrap.TestBuildKnowledgeToolset" name="test_passes_project_scope_when_provided" time="0.066" /><testcase classname="tests.test_bootstrap.TestBuildKnowledgeToolset" name="test_no_project_scope_when_none" time="0.065" /><testcase classname="tests.test_bootstrap.TestBuildToolsetsProjectScope" name="test_project_id_forwarded_to_knowledge_toolset" time="0.040" /><testcase classname="tests.test_bootstrap.TestBuildKnowledgeToolsetReturnsService" name="test_returns_tuple_with_service" time="0.058" /><testcase classname="tests.test_bootstrap.TestBuildKnowledgeToolsetReturnsService" name="test_service_receives_project_scopes" time="0.058" /><testcase classname="tests.test_bootstrap.TestBuildKnowledgeToolsetReturnsService" name="test_service_no_scopes_when_no_project" time="0.061" /><testcase classname="tests.test_bootstrap.TestBuildKnowledgeToolsetReturnsService" name="test_max_tokens_stored_on_service" time="0.059" /><testcase classname="tests.test_bootstrap.TestBuildKnowledgeToolsetReturnsService" name="test_returns_none_on_failure" time="0.050" /><testcase classname="tests.test_bootstrap.TestScreenshotWiring" name="test_visual_feedback_toolset_in_toolsets" time="0.080" /><testcase classname="tests.test_bootstrap.TestScreenshotWiring" name="test_screenshot_hook_registered_on_error_default" time="0.084" /><testcase classname="tests.test_bootstrap.TestScreenshotWiring" name="test_screenshot_hook_registered_when_auto" time="0.075" /><testcase classname="tests.test_bootstrap.TestScreenshotWiring" name="test_screenshot_hook_not_registered_when_manual" time="0.080" /><testcase classname="tests.test_bootstrap.TestScreenshotWiring" name="test_visual_feedback_toolset_wrapped_in_hooked" time="0.083" /><testcase classname="tests.test_bootstrap.TestBootstrapScreenshotIntegration" name="test_bootstrap_includes_visual_feedback" time="0.098" /><testcase classname="tests.test_bootstrap.TestBuildToolsetsKnowledgeService" name
[...]
ipeline_e2e.TestAllAgentsInstantiate" name="test_get_succeeds_for_agent[kanban-planner]" time="0.102" /><testcase classname="tests.test_pipeline_e2e.TestAllAgentsInstantiate" name="test_get_succeeds_for_agent[builder]" time="0.102" /><testcase classname="tests.test_pipeline_e2e.TestAllAgentsInstantiate" name="test_get_succeeds_for_agent[researcher]" time="0.126" /><testcase classname="tests.test_pipeline_e2e.TestAllAgentsInstantiate" name="test_get_succeeds_for_agent[architect]" time="0.114" /><testcase classname="tests.test_pipeline_e2e.TestAllAgentsInstantiate" name="test_get_succeeds_for_agent[reviewer]" time="0.095" /><testcase classname="tests.test_pipeline_e2e.TestAllAgentsInstantiate" name="test_get_succeeds_for_agent[writer]" time="0.089" /><testcase classname="tests.test_pipeline_e2e.TestAllAgentsInstantiate" name="test_get_succeeds_for_agent[auditor]" time="0.089" /><testcase classname="tests.test_pipeline_e2e.TestAllAgentsInstantiate" name="test_get_succeeds_for_agent[curator]" time="0.086" /><testcase classname="tests.test_pipeline_e2e.TestToolResolution" name="test_tool_resolution_no_keyerror[orchestrator]" time="0.091" /><testcase classname="tests.test_pipeline_e2e.TestToolResolution" name="test_tool_resolution_no_keyerror[kanban-planner]" time="0.093" /><testcase classname="tests.test_pipeline_e2e.TestToolResolution" name="test_tool_resolution_no_keyerror[builder]" time="0.091" /><testcase classname="tests.test_pipeline_e2e.TestToolResolution" name="test_tool_resolution_no_keyerror[researcher]" time="0.091" /><testcase classname="tests.test_pipeline_e2e.TestToolResolution" name="test_tool_resolution_no_keyerror[architect]" time="0.099" /><testcase classname="tests.test_pipeline_e2e.TestToolResolution" name="test_tool_resolution_no_keyerror[reviewer]" time="0.093" /><testcase classname="tests.test_pipeline_e2e.TestToolResolution" name="test_tool_resolution_no_keyerror[writer]" time="0.096" /><testcase classname="tests.test_pipeline_e2e.TestToolResolution" name="test_tool_resolution_no_keyerror[auditor]" time="0.096" /><testcase classname="tests.test_pipeline_e2e.TestToolResolution" name="test_tool_resolution_no_keyerror[curator]" time="0.108" /><testcase classname="tests.test_pipeline_e2e.TestFourStepDelegation" name="test_four_step_pipeline" time="0.973" /><testcase classname="tests.test_pipeline_e2e.TestSkillsIntegration" name="test_researcher_declares_no_skills" time="0.105" /><testcase classname="tests.test_pipeline_e2e.TestSkillsIntegration" name="test_skill_registry_provided_when_skills_dir_exists" time="0.107" /><testcase classname="tests.test_pipeline_e2e.TestRolePolicies" name="test_validator_role_detected[reviewer]" time="0.107" /><testcase classname="tests.test_pipeline_e2e.TestRolePolicies" name="test_validator_role_detected[architect]" time="0.094" /><testcase classname="tests.test_pipeline_e2e.TestRolePolicies" name="test_validator_role_detected[auditor]" time="0.092" /><testcase classname="tests.test_pipeline_e2e.TestRolePolicies" name="test_builder_role_detected[orchestrator]" time="0.091" /><testcase classname="tests.test_pipeline_e2e.TestRolePolicies" name="test_builder_role_detected[kanban-planner]" time="0.104" /><testcase classname="tests.test_pipeline_e2e.TestRolePolicies" name="test_builder_role_detected[builder]" time="0.090" /><testcase classname="tests.test_pipeline_e2e.TestRolePolicies" name="test_builder_role_detected[researcher]" time="0.089" /><testcase classname="tests.test_pipeline_e2e.TestRolePolicies" name="test_builder_role_detected[writer]" time="0.090"><failure message="AssertionError: assert &lt;AgentRole.VALIDATOR: 'validator'&gt; is &lt;AgentRole.BUILDER: 'builder'&gt;&#10; +  where &lt;AgentRole.VALIDATOR: 'validator'&gt; = AgentRole('validator')&#10; +    where 'validator' = AgentDefinition(name='writer', description='Verifies and updates documentation', role='validator', tools=['filesystem'...arch documents referenced by the task.\n\nOutput: updated documentation files with a brief summary of what changed.\n').role&#10; +  and   &lt;AgentRole.BUILDER: 'builder'&gt; = AgentRole.BUILDER">E   AssertionError: assert &lt;AgentRole.VALIDATOR: 'validator'&gt; is &lt;AgentRole.BUILDER: 'builder'&gt;
     +  where &lt;AgentRole.VALIDATOR: 'validator'&gt; = AgentRole('validator')
     +    where 'validator' = AgentDefinition(name='writer', description='Verifies and updates documentation', role='validator', tools=['filesystem'...arch documents referenced by the task.\n\nOutput: updated documentation files with a brief summary of what changed.\n').role
     +  and   &lt;AgentRole.BUILDER: 'builder'&gt; = AgentRole.BUILDER</failure></testcase><testcase classname="tests.test_pipeline_e2e.TestRolePolicies" name="test_builder_role_detected[curator]" time="0.096" /><testcase classname="tests.test_pipeline_e2e.TestRolePolicies" name="test_validator_rebuilt_with_filtered_toolsets[reviewer]" time="0.090"><failure message="AssertionError: VALIDATOR_POLICY should deny tools&#10;assert frozenset()&#10; +  where frozenset() = RolePolicy(role=&lt;AgentRole.VALIDATOR: 'validator'&gt;, denied_tools=frozenset(), allowed_tools=frozenset({'kanban_show', ...rces', 'git_status', 'list_bookmarks', 'browser_screenshot', 'read_file', 'web_search', 'git_log', 'query_knowledge'})).denied_tools">E   AssertionError: VALIDATOR_POLICY should deny tools
    assert frozenset()
     +  where frozenset() = RolePolicy(role=&lt;AgentRole.VALIDATOR: 'validator'&gt;, denied_tools=frozenset(), allowed_tools=frozenset({'kanban_show', ...rces', 'git_status', 'list_bookmarks', 'browser_screenshot', 'read_file', 'web_search', 'git_log', 'query_knowledge'})).denied_tools</failure></testcase><testcase classname="tests.test_pipeline_e2e.TestRolePolicies" name="test_validator_rebuilt_with_filtered_toolsets[architect]" time="0.097"><failure message="AssertionError: VALIDATOR_POLICY should deny tools&#10;assert frozenset()&#10; +  where frozenset() = RolePolicy(role=&lt;AgentRole.VALIDATOR: 'validator'&gt;, denied_tools=frozenset(), allowed_tools=frozenset({'kanban_show', ...rces', 'git_status', 'list_bookmarks', 'browser_screenshot', 'read_file', 'web_search', 'git_log', 'query_knowledge'})).denied_tools">E   AssertionError: VALIDATOR_POLICY should deny tools
    assert frozenset()
     +  where frozenset() = RolePolicy(role=&lt;AgentRole.VALIDATOR: 'validator'&gt;, denied_tools=frozenset(), allowed_tools=frozenset({'kanban_show', ...rces', 'git_status', 'list_bookmarks', 'browser_screenshot', 'read_file', 'web_search', 'git_log', 'query_knowledge'})).denied_tools</failure></testcase><testcase classname="tests.test_pipeline_e2e.TestRolePolicies" name="test_validator_rebuilt_with_filtered_toolsets[auditor]" time="0.093"><failure message="AssertionError: VALIDATOR_POLICY should deny tools&#10;assert frozenset()&#10; +  where frozenset() = RolePolicy(role=&lt;AgentRole.VALIDATOR: 'validator'&gt;, denied_tools=frozenset(), allowed_tools=frozenset({'kanban_show', ...rces', 'git_status', 'list_bookmarks', 'browser_screenshot', 'read_file', 'web_search', 'git_log', 'query_knowledge'})).denied_tools">E   AssertionError: VALIDATOR_POLICY should deny tools
    assert frozenset()
     +  where frozenset() = RolePolicy(role=&lt;AgentRole.VALIDATOR: 'validator'&gt;, denied_tools=frozenset(), allowed_tools=frozenset({'kanban_show', ...rces', 'git_status', 'list_bookmarks', 'browser_screenshot', 'read_file', 'web_search', 'git_log', 'query_knowledge'})).denied_tools</failure></testcase><testcase classname="tests.test_pipeline_e2e.TestRolePolicies" name="test_builder_agents_retain_full_access[orchestrator]" time="0.100" /><testcase classname="tests.test_pipeline_e2e.TestRolePolicies" name="test_builder_agents_retain_full_access[kanban-planner]" time="0.112" /><testcase classname="tests.test_pipeline_e2e.TestRolePolicies" name="test_builder_agents_retain_full_access[builder]" time="0.093" /><testcase classname="tests.test_pipeline_e2e.TestRolePolicies" name="test_builder_agents_retain_full_access[researcher]" time="0.093" /><testcase classname="tests.test_pipeline_e2e.TestRolePolicies" name="test_builder_agents_retain_full_access[writer]" time="0.126" /><testcase classname="tests.test_pipeline_e2e.TestRolePolicies" name="test_builder_agents_retain_full_access[curator]" time="0.121" /><testcase classname="tests.test_poll_dedup.TestFromAC_BlockedTaskDedup" name="test_orchestrator_state_has_last_attempted_at" time="0.001" /><testcase classname="tests.test_poll_dedup.TestFromAC_BlockedTaskDedup" name="test_never_attempted_task_is_dispatched" time="0.004" /><testcase classname="tests.test_poll_dedup.TestFromAC_BlockedTaskDedup" name="test_no_new_activity_since_last_attempt_is_skipped" time="0.003" /><testcase classname="tests.test_poll_dedup.TestFromAC_BlockedTaskDedup" name="test_new_activity_since_last_attempt_is_dispatched" time="0.003" /><testcase classname="tests.test_poll_dedup.TestFromAC_BlockedTaskDedup" name="test_equal_timestamp_is_dispatched" time="0.006" /><testcase classname="tests.test_poll_dedup.TestFromAC_BlockedTaskDedup" name="test_skipped_task_logged_at_debug" time="0.003" /><testcase classname="tests.test_poll_dedup.TestFromAC_BlockedTaskDedup" name="test_fresh_state_dispatches_all_tasks" time="0.003" /><testcase classname="tests.test_poll_dedup.TestFromAC_BlockedTaskDedup" name="test_last_attempted_at_recorded_after_dispatch" time="0.003" /><testcase classname="tests.test_poll_dedup.TestFromAC_BlockedTaskDedup" name="test_retry_dispatch_records_last_attempted_at" time="0.003" /><testcase classname="tests.test_poll_dedup.TestFromAC_BlockedTaskDedup" name="test_mixed_skip_and_dispatch" time="0.004" /><testcase classname="tests.test_poll_dispatch.TestAutonomousModeConfig" name="test_default_is_false" time="0.004" /><testcase classname="tests.test_poll_dispatch.TestAutonomousModeConfig" name="test_accepts_true" time="0.003" /><testcase classname="tests.test_poll_dispatch.TestAutonomousModeConfig" name="test_accepts_false_explicitly" time="0.004" /><testcase classname="tests.test_poll_dispatch.TestPollIntervalConfig" name="test_default_30" time="0.004" /><testcase classname="tests.test_poll_dispatch.TestPollIntervalConfig" name="test_custom_value" time="0.003" /><testcase classname="tests.test_poll_dispatch.TestPollIntervalConfig" name="test_rejects_zero" time="0.003" /><testcase classname="tests.test_poll_dispatch.TestPollIntervalConfig" name="test_rejects_negative" time="0.003" /><testcase classname="tests.test_poll_dispatch.TestMaxConcurrentTasksConfig" name="test_default_3" time="0.003" /><testcase classname="tests.test_poll_dispatch.TestMaxConcurrentTasksConfig" name="test_custom_value" time="0.003" /><testcase classname="tests.test_poll_dispatch.TestMaxConcurrentTasksConfig" name="test_rejects_zero" time="0.003" /><testcase classname="tests.test_poll_dispatch.TestMaxConcurrentTasksConfig" name="test_rejects_negative" time="0.003" /><testcase classname="tests.test_poll_dispatch.TestOrchestratorState" name="test_import" time="0.001" /><testcase classname="tests.test_poll_dispatch.TestOrchestratorState" name="test_initial_state_empty" time="0.001" /><testcase classname="tests.test_poll_dispatch.TestOrchestratorState" name="test_add_running_task" time="0.001" /><testcase classname="tests.test_poll_dispatch.TestOrchestratorState" name="test_remove_completed" time="0.001" /><testcase classname="tests.test_poll_dispatch.TestOrchestratorState" name="test_slots_available" time="0.002" /><testcase classname="tests.test_poll_dispatch.TestDualCoroutineLifecycle" name="test_channel_loop_import" time="0.001" /><testcase classname="tests.test_poll_dispatch.TestDualCoroutineLifecycle" name="test_poll_loop_import" time="0.001" /><testcase classname="tests.test_poll_dispatch.TestDualCoroutineLifecycle" name="test_both_run_in_task_group" time="0.004" /><testcase classname="tests.test_poll_dispatch.TestAutonomousModeDisabled" name="test_poll_loop_not_started" time="0.008" /><testcase classname="tests.test_poll_dispatch.TestPollTickSequence" name="test_tick_calls_in_order" time="0.007" /><testcase classname="tests.test_poll_dispatch.TestPollTickSequence" name="test_critical_dispatched_before_nice_to_have" time="0.324" /><testcase classname="tests.test_poll_dispatch.TestDispatch" name="test_task_moved_to_in_progress" time="0.003" /><testcase classname="tests.test_poll_dispatch.TestDispatch" name="test_builder_agent_resolved" time="0.003" /><testcase classname="tests.test_poll_dispatch.TestDispatch" name="test_claimed_set_updated" time="0.002" /><testcase classname="tests.test_poll_dispatch.TestCompletedTaskMovedToReview" name="test_success_moves_to_review" time="0.003" /><testcase classname="tests.test_poll_dispatch.TestFailedDispatchFreesSlot" name="test_exception_frees_slot" time="0.003" /><testcase classname="tests.test_poll_dispatch.TestFailedDispatchFreesSlot" name="test_exception_removes_from_claimed" time="0.003" /><testcase classname="tests.test_poll_dispatch.TestShutdownDuringPollTick" name="test_shutdown_event_exits_poll_loop" time="0.004" /><testcase classname="tests.test_poll_dispatch.TestShutdownDuringPollTick" name="test_shutdown_mid_tick_stops_dispatch" time="0.002" /><testcase classname="tests.test_poll_dispatch.TestMaxConcurrentTasksCap" name="test_no_dispatch_when_full" time="0.004" /><testcase classname="tests.test_poll_dispatch.TestMaxConcurrentTasksCap" name="test_partial_slots_dispatch_limited" time="0.005" /><testcase classname="tests.test_poll_dispatch.TestMaxConcurrentTasksCap" name="test_already_claimed_tasks_skipped" time="0.006" /><testcase classname="tests.test_poll_dispatch.TestRunDaemonPassesKanbanAndRegistry" name="test_autonomous_passes_deps_to_poll_loop" time="0.005" /><testcase classname="tests.test_poll_dispatch.TestRunDaemonPassesKanbanAndRegistry" name="test_autonomous_skips_poll_when_deps_missing" time="0.004" /><testcase classname="tests.test_poll_dispatch.TestInFlightTaskCancellation" name="test_shutdown_cancels_running_tasks" time="0.007" /><testcase classname="tests.test_poll_dispatch.TestWipInjection" name="test_poll_tick_loads_wip_and_prepends_to_prompt" time="0.003" /><testcase classname="tests.test_poll_dispatch.TestWipInjection" name="test_poll_tick_no_wip_clean_prompt" time="0.004" /><testcase classname="tests.test_poll_dispatch.TestWipReconciliation" name="test_reconcile_saves_wip_on_failure" time="0.005" /><testcase classname="tests.test_poll_dispatch.TestWipReconciliation" name="test_reconcile_clears_wip_on_success" time="0.004" /><testcase classname="tests.test_poll_dispatch.TestWipReconciliation" name="test_reconcile_saves_wip_on_any_failure" time="0.003" /><testcase classname="tests.test_poll_dispatch.TestWipReconciliation" name="test_auto_save_truncates_output" time="0.003" /><testcase classname="tests.test_poll_dispatch.TestTaskCompleteEmitSuccess" name="test_emit_called_on_success" time="0.004" /><testcase classname="tests.test_poll_dispatch.TestTaskCompleteEmitFailure" name="test_emit_called_on_failure" time="0.003" /><testcase classname="tests.test_poll_dispatch.TestTaskCompleteHooksNone" name="test_no_hooks_no_error" time="0.003" /><testcase classname="tests.test_poll_dispatch.TestPollLoopBodyExecutes" name="test_poll_loop_runs_one_tick_then_shuts_down" time="0.002" /><testcase classname="tests.test_poll_dispatch.TestPollLoopBodyExecutes" name="test_poll_loop_logs_poll_tick_exception" time="0.033" /><testcase classname="tests.test_poll_dispatch.TestPollTickShutdownDuringDispatch" name="test_shutdown_during_dispatch_skips_remaining" time="0.003" /><testcase classname="tests.test_poll_dispatch.TestStaleTaskTimeoutConfig" name="test_default_300" time="0.004" /><testcase classname="tests.test_poll_dispatch.TestStaleTaskTimeoutConfig" name="test_custom_value" time="0.004" /><testcase classname="tests.test_poll_dispatch.TestStaleTaskTimeoutConfig" name="test_rejects_zero" time="0.003" /><testcase classname="tests.test_poll_dispatch.TestStaleTaskTimeoutConfig" name="test_rejects_negative" time="0.003" /><testcase classname="tests.test_poll_dispatch.TestDetectStaleTasks" name="test_stale_task_cancelled_at_exact_boundary" time="0.009" /><testcase classname="tests.test_poll_dispatch.TestDetectStaleTasks" name="test_not_stale_just_before_boundary" time="0.003" /><testcase classname="tests.test_poll_dispatch.TestDetectStaleTasks" name="test_cancel_and_state_cleaned" time="0.003" /><testcase classname="tests.test_poll_dispatch.TestDetectStaleTasks" name="test_kanban_edit_failure_does_not_block_remaining" time="0.006" /><testcase classname="tests.test_poll_dispatch.TestDetectStaleTasks" name="test_channel_send_failure_does_not_block_remaining" time="0.004" /><testcase classname="tests.test_poll_dispatch.TestPollTickCallsDetectStaleTasks" name="test_detect_stale_tasks_called_in_poll_tick" time="0.003" /><testcase classname="tests.test_poll_dispatch.TestPollLoopPassesChannel" name="test_channel_threaded_to_poll_tick" time="0.003" /><testcase classname="tests.test_poll_dispatch.TestRunDaemonPassesChannelToPollLoop" name="test_channel_reaches_poll_loop" time="0.007" /><testcase classname="tests.test_poll_dispatch.TestRetryEntry" name="test_construction" time="0.001" /><testcase classname="tests.test_poll_dispatch.TestRetryEntry" name="test_defaults" time="0.001" /><testcase classname="tests.test_poll_dispatch.TestRetryConfig" name="test_max_attempts_default_5" time="0.004" /><testcase classname="tests.test_poll_dispatch.TestRetryConfig" name="test_max_attempts_rejects_zero" time="0.004" /><testcase classname="tests.test_poll_dispatch.TestRetryConfig" name="test_max_attempts_rejects_negative" time="0.004" /><testcase classname="tests.test_poll_dispatch.TestRetryConfig" name="test_backoff_base_default_10" time="0.003" /><testcase classname="tests.test_poll_dispatch.TestRetryConfig" name="test_backoff_base_rejects_zero" time="0.003" /><testcase classname="tests.test_poll_dispatch.TestRetryConfig" name="test_backoff_base_rejects_negative" time="0.004" /><testcase classname="tests.test_poll_dispatch.TestRetryConfig" name="test_backoff_max_default_320" time="0.003" /><testcase classname="tests.test_poll_dispatch.TestRetryConfig" name="test_backoff_max_rejects_zero" time="0.003" /><testcase classname="tests.test_poll_dispatch.TestRetryConfig" name="test_backoff_max_rejects_negative" time="0.003" /><testcase classname="tests.test_poll_dispatch.TestReconcileSchedulesRetry" name="test_failed_task_creates_retry_entry" time="0.004" /><testcase classname="tests.test_poll_dispatch.TestReconcileSchedulesRetry" name="test_failed_task_stays_in_claimed" time="0.005" /><testcase classname="tests.test_poll_dispatch.TestReconcileSchedulesRetry" name="test_retry_entry_has_correct_next_due" time="0.003" /><testcase classname="tests.test_poll_dispatch.TestReconcileIncrementsRetry" name="test_second_failure_increments_attempt" time="0.009" /><testcase classname="tests.test_poll_dispatch.TestBackoffFormula" name="test_backoff_values" time="0.001" /><testcase classname="tests.test_poll_dispatch.TestBackoffFormula" name="test_backoff_caps_at_max" time="0.001" /><testcase classname="tests.test_poll_dispatch.TestBackoffFormula" name="test_backoff_with_custom_values" time="0.001" /><testcase classname="tests.test_poll_dispatch.TestRetryExhaustion" name="test_exhausted_blocks_and_removes" time="0.003" /><testcase classname="tests.test_poll_dispatch.TestRetryDispatch" name="test_due_retry_redispatched" time="0.004" /><testcase classname="tests.test_poll_dispatch.TestRetryNotDueYet" name="test_future_retry_not_dispatched" time="0.003" /><testcase classname="tests.test_poll_dispatch.TestRetryDispatchUsesWip" name="test_wip_loaded_into_retry_prompt" time="0.003" /><testcase classname="tests.test_process.TestFromAC_IsProcessAlive" name="test_alive_pid_returns_true" time="0.001" /><testcase classname="tests.test_process.TestFromAC_IsProcessAlive" name="test_current_process_is_alive" time="0.001" /></testsuite></testsuites>