============================= test session starts =============================
platform win32 -- Python 3.12.13, pytest-9.0.2, pluggy-1.6.0 -- C:\Users\p362329\Coding\Projects\owlbear\.venv\Scripts\python.exe
cachedir: .pytest_cache
rootdir: C:\Users\p362329\Coding\Projects\owlbear
configfile: pyproject.toml
plugins: anyio-4.12.1, logfire-4.25.0, asyncio-1.3.0, cov-7.0.0
asyncio: mode=Mode.STRICT, debug=False, asyncio_default_fixture_loop_scope=None, asyncio_default_test_loop_scope=function
collecting ... collected 30 items

tests/test_cli_board.py::TestFromAC_BoardRegistration::test_board_in_main_help PASSED [  3%]
tests/test_cli_board.py::TestFromAC_BoardRegistration::test_board_help_exits_zero PASSED [  6%]
tests/test_cli_board.py::TestFromAC_BoardRendering::test_renders_id_column_header PASSED [ 10%]
tests/test_cli_board.py::TestFromAC_BoardRendering::test_renders_title_column_header PASSED [ 13%]
tests/test_cli_board.py::TestFromAC_BoardRendering::test_renders_assignee_column_header PASSED [ 16%]
tests/test_cli_board.py::TestFromAC_BoardRendering::test_renders_age_column_header PASSED [ 20%]
tests/test_cli_board.py::TestFromAC_BoardRendering::test_renders_tags_column_header PASSED [ 23%]
tests/test_cli_board.py::TestFromAC_BoardRendering::test_renders_status_as_section_header PASSED [ 26%]
tests/test_cli_board.py::TestFromAC_BoardRendering::test_renders_task_title PASSED [ 30%]
tests/test_cli_board.py::TestFromAC_BoardRendering::test_renders_task_id PASSED [ 33%]
tests/test_cli_board.py::TestFromAC_BoardRendering::test_renders_task_tags PASSED [ 36%]
tests/test_cli_board.py::TestFromAC_BoardRendering::test_status_order_follows_config_yml PASSED [ 40%]
tests/test_cli_board.py::TestFromAC_BoardRendering::test_tasks_appear_under_their_own_status_section PASSED [ 43%]
tests/test_cli_board.py::TestFromAC_AssigneeDisplay::test_assignee_shown_over_claimed_by PASSED [ 46%]
tests/test_cli_board.py::TestFromAC_AssigneeDisplay::test_claimed_by_shown_when_no_assignee PASSED [ 50%]
tests/test_cli_board.py::TestFromAC_AssigneeDisplay::test_dash_shown_when_neither_assignee_nor_claimed_by PASSED [ 53%]
tests/test_cli_board.py::TestFromAC_AgeInStatus::test_age_uses_latest_move_into_current_status PASSED [ 56%]
tests/test_cli_board.py::TestFromAC_AgeInStatus::test_age_falls_back_to_created_when_no_matching_move PASSED [ 60%]
tests/test_cli_board.py::TestFromAC_AgeInStatus::test_age_uses_latest_move_not_earliest PASSED [ 63%]
tests/test_cli_board.py::TestFromAC_AgeInStatus::test_age_ignores_moves_to_different_status PASSED [ 66%]
tests/test_cli_board.py::TestFromAC_EmptyBoard::test_empty_board_exits_zero PASSED [ 70%]
tests/test_cli_board.py::TestFromAC_EmptyBoard::test_empty_board_prints_no_tasks_message PASSED [ 73%]
tests/test_cli_board.py::TestFromAC_EmptyBoard::test_empty_board_output_is_not_blank PASSED [ 76%]
tests/test_cli_board.py::TestFromAC_BoardFailurePaths::test_missing_binary_exits_1_with_error_referencing_kanban_md PASSED [ 80%]
tests/test_cli_board.py::TestFromAC_BoardFailurePaths::test_tasklist_nonzero_exit_exits_1_with_stage_specific_command_error PASSED [ 83%]
tests/test_cli_board.py::TestFromAC_BoardFailurePaths::test_movelog_nonzero_exit_exits_1_with_stage_specific_command_error PASSED [ 86%]
tests/test_cli_board.py::TestFromAC_BoardFailurePaths::test_tasklist_invalid_json_exits_1_with_json_parse_error PASSED [ 90%]
tests/test_cli_board.py::TestFromAC_BoardFailurePaths::test_movelog_invalid_json_exits_1_with_json_parse_error PASSED [ 93%]
tests/test_cli_board.py::TestBuilderDiscovered::test_subprocess_called_exactly_twice_when_tasks_present PASSED [ 96%]
tests/test_cli_board.py::TestBuilderDiscovered::test_subprocess_called_exactly_once_when_no_tasks PASSED [100%]

============================== warnings summary ===============================
tests\conftest.py:57
  C:\Users\p362329\Coding\Projects\owlbear\tests\conftest.py:57: UserWarning: Skipping test_qdrant_vector_store.py: qdrant_client not installed
    collect_ignore_glob: list[str] = _detect_missing_optional_deps()

tests\conftest.py:57
  C:\Users\p362329\Coding\Projects\owlbear\tests\conftest.py:57: UserWarning: Skipping test_search_benchmark.py: qdrant_client not installed
    collect_ignore_glob: list[str] = _detect_missing_optional_deps()

-- Docs: https://docs.pytest.org/en/stable/how-to/capture-warnings.html
======================= 30 passed, 2 warnings in 2.41s ========================
