============================= test session starts =============================
platform win32 -- Python 3.12.13, pytest-9.0.2, pluggy-1.6.0 -- C:\Users\p362329\Coding\Projects\owlbear\.venv\Scripts\python.exe
cachedir: .pytest_cache
rootdir: C:\Users\p362329\Coding\Projects\owlbear
configfile: pyproject.toml
plugins: anyio-4.12.1, logfire-4.25.0, asyncio-1.3.0, cov-7.0.0
asyncio: mode=Mode.STRICT, debug=False, asyncio_default_fixture_loop_scope=None, asyncio_default_test_loop_scope=function
collecting ... collected 13 items

tests/test_otel_config.py::TestOtelEndpointConfig::test_otel_endpoint_default_none PASSED [  7%]
tests/test_otel_config.py::TestOtelEndpointConfig::test_otel_endpoint_env_override PASSED [ 15%]
tests/test_otel_config.py::TestOtelEndpointConfig::test_otel_endpoint_accepts_string PASSED [ 23%]
tests/test_otel_config.py::TestOtelEndpointConfig::test_otel_endpoint_is_optional_str PASSED [ 30%]
tests/test_otel_config.py::TestInstrumentAllAtStartup::test_instrument_all_called_during_startup PASSED [ 38%]
tests/test_otel_config.py::TestInstrumentAllAtStartup::test_instrument_all_called_before_receive PASSED [ 46%]
tests/test_otel_config.py::TestInstrumentAllAtStartup::test_instrument_all_does_not_raise_without_tracer PASSED [ 53%]
tests/test_otel_config.py::TestLogfireConfigureAtStartup::test_logfire_configure_called_when_endpoint_set PASSED [ 61%]
tests/test_otel_config.py::TestLogfireConfigureAtStartup::test_otel_exporter_env_set_when_endpoint_provided PASSED [ 69%]
tests/test_otel_config.py::TestLogfireConfigureAtStartup::test_no_logfire_configure_when_endpoint_none PASSED [ 76%]
tests/test_otel_config.py::TestLogfireConfigureAtStartup::test_logfire_configure_before_instrument_all PASSED [ 84%]
tests/test_otel_config.py::TestFromAC_LogfireOptionalImport::test_daemon_import_succeeds_without_logfire FAILED [ 92%]
tests/test_otel_config.py::TestFromAC_LogfireOptionalImport::test_configure_otel_raises_runtime_error_without_logfire FAILED [100%]

================================== FAILURES ===================================
_ TestFromAC_LogfireOptionalImport.test_daemon_import_succeeds_without_logfire _
tests\test_otel_config.py:286: in test_daemon_import_succeeds_without_logfire
    mod = self._import_daemon_without_logfire()
          ^^^^^^^^^^^^^^^^^^^^^^^^^^^^^^^^^^^^^
tests\test_otel_config.py:276: in _import_daemon_without_logfire
    mod = importlib.import_module("owlbear.daemon")
          ^^^^^^^^^^^^^^^^^^^^^^^^^^^^^^^^^^^^^^^^^
..\..\..\AppData\Roaming\uv\python\cpython-3.12-windows-x86_64-none\Lib\importlib\__init__.py:90: in import_module
    return _bootstrap._gcd_import(name[level:], package, level)
           ^^^^^^^^^^^^^^^^^^^^^^^^^^^^^^^^^^^^^^^^^^^^^^^^^^^^
<frozen importlib._bootstrap>:1387: in _gcd_import
    ???
<frozen importlib._bootstrap>:1360: in _find_and_load
    ???
<frozen importlib._bootstrap>:1331: in _find_and_load_unlocked
    ???
<frozen importlib._bootstrap>:935: in _load_unlocked
    ???
<frozen importlib._bootstrap_external>:999: in exec_module
    ???
<frozen importlib._bootstrap>:488: in _call_with_frames_removed
    ???
src\owlbear\daemon.py:29: in <module>
    import logfire
E   ModuleNotFoundError: import of logfire halted; None in sys.modules
_ TestFromAC_LogfireOptionalImport.test_configure_otel_raises_runtime_error_without_logfire _
tests\test_otel_config.py:291: in test_configure_otel_raises_runtime_error_without_logfire
    mod = self._import_daemon_without_logfire()
          ^^^^^^^^^^^^^^^^^^^^^^^^^^^^^^^^^^^^^
tests\test_otel_config.py:276: in _import_daemon_without_logfire
    mod = importlib.import_module("owlbear.daemon")
          ^^^^^^^^^^^^^^^^^^^^^^^^^^^^^^^^^^^^^^^^^
..\..\..\AppData\Roaming\uv\python\cpython-3.12-windows-x86_64-none\Lib\importlib\__init__.py:90: in import_module
    return _bootstrap._gcd_import(name[level:], package, level)
           ^^^^^^^^^^^^^^^^^^^^^^^^^^^^^^^^^^^^^^^^^^^^^^^^^^^^
<frozen importlib._bootstrap>:1387: in _gcd_import
    ???
<frozen importlib._bootstrap>:1360: in _find_and_load
    ???
<frozen importlib._bootstrap>:1331: in _find_and_load_unlocked
    ???
<frozen importlib._bootstrap>:935: in _load_unlocked
    ???
<frozen importlib._bootstrap_external>:999: in exec_module
    ???
<frozen importlib._bootstrap>:488: in _call_with_frames_removed
    ???
src\owlbear\daemon.py:29: in <module>
    import logfire
E   ModuleNotFoundError: import of logfire halted; None in sys.modules
=========================== short test summary info ===========================
FAILED tests/test_otel_config.py::TestFromAC_LogfireOptionalImport::test_daemon_import_succeeds_without_logfire
FAILED tests/test_otel_config.py::TestFromAC_LogfireOptionalImport::test_configure_otel_raises_runtime_error_without_logfire
======================== 2 failed, 11 passed in 1.06s =========================
